<?xml version="1.0" encoding="UTF-8"?>
<!-- Generated by org.testng.reporters.JUnitReportReporter -->
<testsuite hostname="retina.dellroad.org" name="org.jsimpledb.kv.KeyRangesTest" tests="229" failures="0" timestamp="17 Feb 2016 20:28:48 GMT" time="1.064" errors="0">
  <testcase name="testKeyRanges" time="0.000" classname="org.jsimpledb.kv.KeyRangesTest"/>
  <testcase name="testKeyRanges" time="0.001" classname="org.jsimpledb.kv.KeyRangesTest"/>
  <testcase name="testKeyRanges" time="0.001" classname="org.jsimpledb.kv.KeyRangesTest"/>
  <testcase name="testKeyRanges" time="0.000" classname="org.jsimpledb.kv.KeyRangesTest"/>
  <testcase name="testKeyRanges" time="0.000" classname="org.jsimpledb.kv.KeyRangesTest"/>
  <testcase name="testKeyRanges" time="0.000" classname="org.jsimpledb.kv.KeyRangesTest"/>
  <testcase name="testKeyRanges" time="0.000" classname="org.jsimpledb.kv.KeyRangesTest"/>
  <testcase name="testKeyRanges" time="0.000" classname="org.jsimpledb.kv.KeyRangesTest"/>
  <testcase name="testKeyRanges" time="0.000" classname="org.jsimpledb.kv.KeyRangesTest"/>
  <testcase name="testKeyRanges" time="0.000" classname="org.jsimpledb.kv.KeyRangesTest"/>
  <testcase name="testKeyRanges" time="0.001" classname="org.jsimpledb.kv.KeyRangesTest"/>
  <testcase name="testKeyRanges" time="0.000" classname="org.jsimpledb.kv.KeyRangesTest"/>
  <testcase name="testKeyRanges" time="0.000" classname="org.jsimpledb.kv.KeyRangesTest"/>
  <testcase name="testKeyRanges" time="0.000" classname="org.jsimpledb.kv.KeyRangesTest"/>
  <testcase name="testKeyRanges" time="0.000" classname="org.jsimpledb.kv.KeyRangesTest"/>
  <testcase name="testKeyRanges" time="0.000" classname="org.jsimpledb.kv.KeyRangesTest"/>
  <testcase name="testKeyRanges" time="0.000" classname="org.jsimpledb.kv.KeyRangesTest"/>
  <testcase name="testKeyRanges" time="0.000" classname="org.jsimpledb.kv.KeyRangesTest"/>
  <testcase name="testKeyRanges" time="0.000" classname="org.jsimpledb.kv.KeyRangesTest"/>
  <testcase name="testKeyRanges" time="0.000" classname="org.jsimpledb.kv.KeyRangesTest"/>
  <testcase name="testKeyRanges" time="0.000" classname="org.jsimpledb.kv.KeyRangesTest"/>
  <testcase name="testKeyRanges" time="0.000" classname="org.jsimpledb.kv.KeyRangesTest"/>
  <testcase name="testKeyRanges" time="0.000" classname="org.jsimpledb.kv.KeyRangesTest"/>
  <testcase name="testKeyRanges" time="0.000" classname="org.jsimpledb.kv.KeyRangesTest"/>
  <testcase name="testKeyRanges" time="0.000" classname="org.jsimpledb.kv.KeyRangesTest"/>
  <testcase name="testKeyRanges" time="0.000" classname="org.jsimpledb.kv.KeyRangesTest"/>
  <testcase name="testAsList" time="0.000" classname="org.jsimpledb.kv.KeyRangesTest"/>
  <testcase name="testKeyRanges" time="0.001" classname="org.jsimpledb.kv.KeyRangesTest"/>
  <testcase name="testKeyRanges" time="0.001" classname="org.jsimpledb.kv.KeyRangesTest"/>
  <testcase name="testAsList" time="0.000" classname="org.jsimpledb.kv.KeyRangesTest"/>
  <testcase name="testKeyRanges" time="0.000" classname="org.jsimpledb.kv.KeyRangesTest"/>
  <testcase name="testKeyRanges" time="0.000" classname="org.jsimpledb.kv.KeyRangesTest"/>
  <testcase name="testAsList" time="0.000" classname="org.jsimpledb.kv.KeyRangesTest"/>
  <testcase name="testKeyRanges" time="0.000" classname="org.jsimpledb.kv.KeyRangesTest"/>
  <testcase name="testEmpty" time="0.000" classname="org.jsimpledb.kv.KeyRangesTest"/>
  <testcase name="testKeyRanges" time="0.000" classname="org.jsimpledb.kv.KeyRangesTest"/>
  <testcase name="testKeyRanges" time="0.000" classname="org.jsimpledb.kv.KeyRangesTest"/>
  <testcase name="testAsList" time="0.000" classname="org.jsimpledb.kv.KeyRangesTest"/>
  <testcase name="testKeyRanges" time="0.001" classname="org.jsimpledb.kv.KeyRangesTest"/>
  <testcase name="testKeyRanges" time="0.000" classname="org.jsimpledb.kv.KeyRangesTest"/>
  <testcase name="testKeyRanges" time="0.000" classname="org.jsimpledb.kv.KeyRangesTest"/>
  <testcase name="testKeyRanges" time="0.000" classname="org.jsimpledb.kv.KeyRangesTest"/>
  <testcase name="testKeyRanges" time="0.000" classname="org.jsimpledb.kv.KeyRangesTest"/>
  <testcase name="testKeyRanges" time="0.000" classname="org.jsimpledb.kv.KeyRangesTest"/>
  <testcase name="testKeyRanges" time="0.000" classname="org.jsimpledb.kv.KeyRangesTest"/>
  <testcase name="testKeyRanges" time="0.000" classname="org.jsimpledb.kv.KeyRangesTest"/>
  <testcase name="testKeyRanges" time="0.000" classname="org.jsimpledb.kv.KeyRangesTest"/>
  <testcase name="testKeyRanges" time="0.000" classname="org.jsimpledb.kv.KeyRangesTest"/>
  <testcase name="testEmpty" time="0.000" classname="org.jsimpledb.kv.KeyRangesTest"/>
  <testcase name="testKeyRanges" time="0.000" classname="org.jsimpledb.kv.KeyRangesTest"/>
  <testcase name="testKeyRanges" time="0.000" classname="org.jsimpledb.kv.KeyRangesTest"/>
  <testcase name="testAsList" time="0.000" classname="org.jsimpledb.kv.KeyRangesTest"/>
  <testcase name="testKeyRanges" time="0.000" classname="org.jsimpledb.kv.KeyRangesTest"/>
  <testcase name="testKeyRanges" time="0.000" classname="org.jsimpledb.kv.KeyRangesTest"/>
  <testcase name="testKeyRanges" time="0.000" classname="org.jsimpledb.kv.KeyRangesTest"/>
  <testcase name="testKeyRanges" time="0.000" classname="org.jsimpledb.kv.KeyRangesTest"/>
  <testcase name="testKeyRanges" time="0.000" classname="org.jsimpledb.kv.KeyRangesTest"/>
  <testcase name="testKeyRanges" time="0.001" classname="org.jsimpledb.kv.KeyRangesTest"/>
  <testcase name="testKeyRanges" time="0.000" classname="org.jsimpledb.kv.KeyRangesTest"/>
  <testcase name="testKeyRanges" time="0.000" classname="org.jsimpledb.kv.KeyRangesTest"/>
  <testcase name="testKeyRanges" time="0.000" classname="org.jsimpledb.kv.KeyRangesTest"/>
  <testcase name="testKeyRanges" time="0.000" classname="org.jsimpledb.kv.KeyRangesTest"/>
  <testcase name="testKeyRanges" time="0.000" classname="org.jsimpledb.kv.KeyRangesTest"/>
  <testcase name="testKeyRanges" time="0.000" classname="org.jsimpledb.kv.KeyRangesTest"/>
  <testcase name="testKeyRanges" time="0.000" classname="org.jsimpledb.kv.KeyRangesTest"/>
  <testcase name="testKeyRanges" time="0.000" classname="org.jsimpledb.kv.KeyRangesTest"/>
  <testcase name="testKeyRanges" time="0.000" classname="org.jsimpledb.kv.KeyRangesTest"/>
  <testcase name="testKeyRanges" time="0.000" classname="org.jsimpledb.kv.KeyRangesTest"/>
  <testcase name="testKeyRanges" time="0.000" classname="org.jsimpledb.kv.KeyRangesTest"/>
  <testcase name="testKeyRanges" time="0.001" classname="org.jsimpledb.kv.KeyRangesTest"/>
  <testcase name="testKeyRanges" time="0.000" classname="org.jsimpledb.kv.KeyRangesTest"/>
  <testcase name="testKeyRanges" time="0.000" classname="org.jsimpledb.kv.KeyRangesTest"/>
  <testcase name="testKeyRanges" time="0.000" classname="org.jsimpledb.kv.KeyRangesTest"/>
  <testcase name="testKeyRanges" time="0.000" classname="org.jsimpledb.kv.KeyRangesTest"/>
  <testcase name="testKeyRanges" time="0.000" classname="org.jsimpledb.kv.KeyRangesTest"/>
  <testcase name="testKeyRanges" time="0.000" classname="org.jsimpledb.kv.KeyRangesTest"/>
  <testcase name="testKeyRanges" time="0.000" classname="org.jsimpledb.kv.KeyRangesTest"/>
  <testcase name="testKeyRanges" time="0.001" classname="org.jsimpledb.kv.KeyRangesTest"/>
  <testcase name="testKeyRanges" time="0.000" classname="org.jsimpledb.kv.KeyRangesTest"/>
  <testcase name="testKeyRanges" time="0.000" classname="org.jsimpledb.kv.KeyRangesTest"/>
  <testcase name="testKeyRanges" time="0.000" classname="org.jsimpledb.kv.KeyRangesTest"/>
  <testcase name="testKeyRanges" time="0.001" classname="org.jsimpledb.kv.KeyRangesTest"/>
  <testcase name="testKeyRanges" time="0.000" classname="org.jsimpledb.kv.KeyRangesTest"/>
  <testcase name="testKeyRanges" time="0.000" classname="org.jsimpledb.kv.KeyRangesTest"/>
  <testcase name="testKeyRanges" time="0.000" classname="org.jsimpledb.kv.KeyRangesTest"/>
  <testcase name="testKeyRanges" time="0.000" classname="org.jsimpledb.kv.KeyRangesTest"/>
  <testcase name="testKeyRanges" time="0.000" classname="org.jsimpledb.kv.KeyRangesTest"/>
  <testcase name="testKeyRanges" time="0.000" classname="org.jsimpledb.kv.KeyRangesTest"/>
  <testcase name="testKeyRanges" time="0.000" classname="org.jsimpledb.kv.KeyRangesTest"/>
  <testcase name="testKeyRanges" time="0.001" classname="org.jsimpledb.kv.KeyRangesTest"/>
  <testcase name="testKeyRanges" time="0.001" classname="org.jsimpledb.kv.KeyRangesTest"/>
  <testcase name="testKeyRanges" time="0.000" classname="org.jsimpledb.kv.KeyRangesTest"/>
  <testcase name="testKeyRanges" time="0.000" classname="org.jsimpledb.kv.KeyRangesTest"/>
  <testcase name="testAsList" time="0.000" classname="org.jsimpledb.kv.KeyRangesTest"/>
  <testcase name="testKeyRanges" time="0.000" classname="org.jsimpledb.kv.KeyRangesTest"/>
  <testcase name="testKeyRanges" time="0.000" classname="org.jsimpledb.kv.KeyRangesTest"/>
  <testcase name="testKeyRanges" time="0.000" classname="org.jsimpledb.kv.KeyRangesTest"/>
  <testcase name="testKeyRanges" time="0.000" classname="org.jsimpledb.kv.KeyRangesTest"/>
  <testcase name="testKeyRanges" time="0.000" classname="org.jsimpledb.kv.KeyRangesTest"/>
  <testcase name="testKeyRanges" time="0.000" classname="org.jsimpledb.kv.KeyRangesTest"/>
  <testcase name="testKeyRanges" time="0.000" classname="org.jsimpledb.kv.KeyRangesTest"/>
  <testcase name="testKeyRanges" time="0.000" classname="org.jsimpledb.kv.KeyRangesTest"/>
  <testcase name="testKeyRanges" time="0.000" classname="org.jsimpledb.kv.KeyRangesTest"/>
  <testcase name="testKeyRanges" time="0.000" classname="org.jsimpledb.kv.KeyRangesTest"/>
  <testcase name="testEmpty" time="0.000" classname="org.jsimpledb.kv.KeyRangesTest"/>
  <testcase name="testMinimal" time="0.000" classname="org.jsimpledb.kv.KeyRangesTest"/>
  <testcase name="testKeyRanges" time="0.000" classname="org.jsimpledb.kv.KeyRangesTest"/>
  <testcase name="testKeyRanges" time="0.000" classname="org.jsimpledb.kv.KeyRangesTest"/>
  <testcase name="testKeyRanges" time="0.000" classname="org.jsimpledb.kv.KeyRangesTest"/>
  <testcase name="testKeyRanges" time="0.000" classname="org.jsimpledb.kv.KeyRangesTest"/>
  <testcase name="testKeyRanges" time="0.000" classname="org.jsimpledb.kv.KeyRangesTest"/>
  <testcase name="testKeyRanges" time="0.000" classname="org.jsimpledb.kv.KeyRangesTest"/>
  <testcase name="testKeyRanges" time="0.000" classname="org.jsimpledb.kv.KeyRangesTest"/>
  <testcase name="testKeyRanges" time="0.000" classname="org.jsimpledb.kv.KeyRangesTest"/>
  <testcase name="testKeyRanges" time="0.000" classname="org.jsimpledb.kv.KeyRangesTest"/>
  <testcase name="testKeyRanges" time="0.000" classname="org.jsimpledb.kv.KeyRangesTest"/>
  <testcase name="testKeyRanges" time="0.000" classname="org.jsimpledb.kv.KeyRangesTest"/>
  <testcase name="testKeyRanges" time="0.000" classname="org.jsimpledb.kv.KeyRangesTest"/>
  <testcase name="testKeyRanges" time="0.000" classname="org.jsimpledb.kv.KeyRangesTest"/>
  <testcase name="testKeyRanges" time="0.000" classname="org.jsimpledb.kv.KeyRangesTest"/>
  <testcase name="testKeyRanges" time="0.000" classname="org.jsimpledb.kv.KeyRangesTest"/>
  <testcase name="testKeyRanges" time="0.000" classname="org.jsimpledb.kv.KeyRangesTest"/>
  <testcase name="testKeyRanges" time="0.000" classname="org.jsimpledb.kv.KeyRangesTest"/>
  <testcase name="testAsList" time="0.000" classname="org.jsimpledb.kv.KeyRangesTest"/>
  <testcase name="testKeyRanges" time="0.000" classname="org.jsimpledb.kv.KeyRangesTest"/>
  <testcase name="testKeyRanges" time="0.000" classname="org.jsimpledb.kv.KeyRangesTest"/>
  <testcase name="testKeyRanges" time="0.000" classname="org.jsimpledb.kv.KeyRangesTest"/>
  <testcase name="testKeyRanges" time="0.000" classname="org.jsimpledb.kv.KeyRangesTest"/>
  <testcase name="testKeyRanges" time="0.000" classname="org.jsimpledb.kv.KeyRangesTest"/>
  <testcase name="testKeyRanges" time="0.000" classname="org.jsimpledb.kv.KeyRangesTest"/>
  <testcase name="testMinimal" time="0.000" classname="org.jsimpledb.kv.KeyRangesTest"/>
  <testcase name="testMinimal" time="0.000" classname="org.jsimpledb.kv.KeyRangesTest"/>
  <testcase name="testKeyRanges" time="0.001" classname="org.jsimpledb.kv.KeyRangesTest"/>
  <testcase name="testMinimal" time="0.000" classname="org.jsimpledb.kv.KeyRangesTest"/>
  <testcase name="testKeyRanges" time="0.000" classname="org.jsimpledb.kv.KeyRangesTest"/>
  <testcase name="testKeyRanges" time="0.000" classname="org.jsimpledb.kv.KeyRangesTest"/>
  <testcase name="testKeyRanges" time="0.000" classname="org.jsimpledb.kv.KeyRangesTest"/>
  <testcase name="testKeyRanges" time="0.000" classname="org.jsimpledb.kv.KeyRangesTest"/>
  <testcase name="testKeyRanges" time="0.000" classname="org.jsimpledb.kv.KeyRangesTest"/>
  <testcase name="testKeyRanges" time="0.000" classname="org.jsimpledb.kv.KeyRangesTest"/>
  <testcase name="testKeyRanges" time="0.000" classname="org.jsimpledb.kv.KeyRangesTest"/>
  <testcase name="testKeyRanges" time="0.000" classname="org.jsimpledb.kv.KeyRangesTest"/>
  <testcase name="testMinimal" time="0.000" classname="org.jsimpledb.kv.KeyRangesTest"/>
  <testcase name="testKeyRanges" time="0.000" classname="org.jsimpledb.kv.KeyRangesTest"/>
  <testcase name="testKeyRanges" time="0.000" classname="org.jsimpledb.kv.KeyRangesTest"/>
  <testcase name="testKeyRanges" time="0.001" classname="org.jsimpledb.kv.KeyRangesTest"/>
  <testcase name="testMinimal" time="0.000" classname="org.jsimpledb.kv.KeyRangesTest"/>
  <testcase name="testKeyRanges" time="0.000" classname="org.jsimpledb.kv.KeyRangesTest"/>
  <testcase name="testKeyRanges" time="0.000" classname="org.jsimpledb.kv.KeyRangesTest"/>
  <testcase name="testKeyRanges" time="0.000" classname="org.jsimpledb.kv.KeyRangesTest"/>
  <testcase name="testKeyRanges" time="0.000" classname="org.jsimpledb.kv.KeyRangesTest"/>
  <testcase name="testKeyRanges" time="0.000" classname="org.jsimpledb.kv.KeyRangesTest"/>
  <testcase name="testKeyRanges" time="0.000" classname="org.jsimpledb.kv.KeyRangesTest"/>
  <testcase name="testKeyRanges" time="0.000" classname="org.jsimpledb.kv.KeyRangesTest"/>
  <testcase name="testMinimal" time="0.000" classname="org.jsimpledb.kv.KeyRangesTest"/>
  <testcase name="testKeyRanges" time="0.000" classname="org.jsimpledb.kv.KeyRangesTest"/>
  <testcase name="testAsList" time="0.000" classname="org.jsimpledb.kv.KeyRangesTest"/>
  <testcase name="testKeyRanges" time="0.000" classname="org.jsimpledb.kv.KeyRangesTest"/>
  <testcase name="testKeyRanges" time="0.000" classname="org.jsimpledb.kv.KeyRangesTest"/>
  <testcase name="testKeyRanges" time="0.000" classname="org.jsimpledb.kv.KeyRangesTest"/>
  <testcase name="testKeyRanges" time="0.001" classname="org.jsimpledb.kv.KeyRangesTest"/>
  <testcase name="testKeyRanges" time="0.000" classname="org.jsimpledb.kv.KeyRangesTest"/>
  <testcase name="testKeyRanges" time="0.001" classname="org.jsimpledb.kv.KeyRangesTest"/>
  <testcase name="testKeyRanges" time="0.000" classname="org.jsimpledb.kv.KeyRangesTest"/>
  <testcase name="testKeyRanges" time="0.000" classname="org.jsimpledb.kv.KeyRangesTest"/>
  <testcase name="testKeyRanges" time="0.000" classname="org.jsimpledb.kv.KeyRangesTest"/>
  <testcase name="testKeyRanges" time="0.000" classname="org.jsimpledb.kv.KeyRangesTest"/>
  <testcase name="testKeyRanges" time="0.000" classname="org.jsimpledb.kv.KeyRangesTest"/>
  <testcase name="testKeyRanges" time="0.001" classname="org.jsimpledb.kv.KeyRangesTest"/>
  <testcase name="testKeyRanges" time="0.000" classname="org.jsimpledb.kv.KeyRangesTest"/>
  <testcase name="testMinimal" time="0.000" classname="org.jsimpledb.kv.KeyRangesTest"/>
  <testcase name="testKeyRanges" time="0.000" classname="org.jsimpledb.kv.KeyRangesTest"/>
  <testcase name="testKeyRanges" time="0.001" classname="org.jsimpledb.kv.KeyRangesTest"/>
  <testcase name="testKeyRanges" time="0.000" classname="org.jsimpledb.kv.KeyRangesTest"/>
  <testcase name="testKeyRanges" time="0.001" classname="org.jsimpledb.kv.KeyRangesTest"/>
  <testcase name="testKeyRanges" time="0.000" classname="org.jsimpledb.kv.KeyRangesTest"/>
  <testcase name="testKeyRanges" time="0.000" classname="org.jsimpledb.kv.KeyRangesTest"/>
  <testcase name="testKeyRanges" time="0.000" classname="org.jsimpledb.kv.KeyRangesTest"/>
  <testcase name="testKeyRanges" time="0.000" classname="org.jsimpledb.kv.KeyRangesTest"/>
  <testcase name="testKeyRanges" time="0.000" classname="org.jsimpledb.kv.KeyRangesTest"/>
  <testcase name="testKeyRanges" time="0.000" classname="org.jsimpledb.kv.KeyRangesTest"/>
  <testcase name="testKeyRanges" time="0.000" classname="org.jsimpledb.kv.KeyRangesTest"/>
  <testcase name="testKeyRanges" time="0.001" classname="org.jsimpledb.kv.KeyRangesTest"/>
  <testcase name="testKeyRanges" time="0.000" classname="org.jsimpledb.kv.KeyRangesTest"/>
  <testcase name="testKeyRanges" time="0.000" classname="org.jsimpledb.kv.KeyRangesTest"/>
  <testcase name="testKeyRanges" time="0.001" classname="org.jsimpledb.kv.KeyRangesTest"/>
  <testcase name="testKeyRanges" time="0.000" classname="org.jsimpledb.kv.KeyRangesTest"/>
  <testcase name="testAsList" time="0.000" classname="org.jsimpledb.kv.KeyRangesTest"/>
  <testcase name="testKeyRanges" time="0.000" classname="org.jsimpledb.kv.KeyRangesTest"/>
  <testcase name="testKeyRanges" time="0.000" classname="org.jsimpledb.kv.KeyRangesTest"/>
  <testcase name="testKeyRanges" time="0.000" classname="org.jsimpledb.kv.KeyRangesTest"/>
  <testcase name="testKeyRanges" time="0.000" classname="org.jsimpledb.kv.KeyRangesTest"/>
  <testcase name="testKeyRanges" time="0.001" classname="org.jsimpledb.kv.KeyRangesTest"/>
  <testcase name="testAsList" time="0.000" classname="org.jsimpledb.kv.KeyRangesTest"/>
  <testcase name="testMinimal" time="0.000" classname="org.jsimpledb.kv.KeyRangesTest"/>
  <testcase name="testKeyRanges" time="0.000" classname="org.jsimpledb.kv.KeyRangesTest"/>
  <testcase name="testKeyRanges" time="0.000" classname="org.jsimpledb.kv.KeyRangesTest"/>
  <testcase name="testKeyRanges" time="0.000" classname="org.jsimpledb.kv.KeyRangesTest"/>
  <testcase name="testKeyRanges" time="0.000" classname="org.jsimpledb.kv.KeyRangesTest"/>
  <testcase name="testKeyRanges" time="0.000" classname="org.jsimpledb.kv.KeyRangesTest"/>
  <testcase name="testKeyRanges" time="0.000" classname="org.jsimpledb.kv.KeyRangesTest"/>
  <testcase name="testKeyRanges" time="0.000" classname="org.jsimpledb.kv.KeyRangesTest"/>
  <testcase name="testKeyRanges" time="0.000" classname="org.jsimpledb.kv.KeyRangesTest"/>
  <testcase name="testKeyRanges" time="0.000" classname="org.jsimpledb.kv.KeyRangesTest"/>
  <testcase name="testKeyRanges" time="0.000" classname="org.jsimpledb.kv.KeyRangesTest"/>
  <testcase name="testAsList" time="0.001" classname="org.jsimpledb.kv.KeyRangesTest"/>
  <testcase name="testMinimal" time="0.000" classname="org.jsimpledb.kv.KeyRangesTest"/>
  <testcase name="testMinimal" time="0.000" classname="org.jsimpledb.kv.KeyRangesTest"/>
  <testcase name="testKeyRanges" time="0.000" classname="org.jsimpledb.kv.KeyRangesTest"/>
  <testcase name="testKeyRanges" time="0.000" classname="org.jsimpledb.kv.KeyRangesTest"/>
  <testcase name="testAsList" time="0.000" classname="org.jsimpledb.kv.KeyRangesTest"/>
  <testcase name="testEmpty" time="0.000" classname="org.jsimpledb.kv.KeyRangesTest"/>
  <testcase name="testKeyRanges" time="0.001" classname="org.jsimpledb.kv.KeyRangesTest"/>
  <testcase name="testKeyRanges" time="0.000" classname="org.jsimpledb.kv.KeyRangesTest"/>
  <testcase name="testKeyRanges" time="0.000" classname="org.jsimpledb.kv.KeyRangesTest"/>
  <testcase name="testAddRemove" time="1.039" classname="org.jsimpledb.kv.KeyRangesTest"/>
  <testcase name="testKeyRanges" time="0.001" classname="org.jsimpledb.kv.KeyRangesTest"/>
  <testcase name="testKeyRanges" time="0.000" classname="org.jsimpledb.kv.KeyRangesTest"/>
  <testcase name="testKeyRanges" time="0.000" classname="org.jsimpledb.kv.KeyRangesTest"/>
  <testcase name="testMinimal" time="0.000" classname="org.jsimpledb.kv.KeyRangesTest"/>
  <testcase name="testKeyRanges" time="0.000" classname="org.jsimpledb.kv.KeyRangesTest"/>
  <testcase name="testKeyRanges" time="0.000" classname="org.jsimpledb.kv.KeyRangesTest"/>
  <testcase name="testKeyRanges" time="0.000" classname="org.jsimpledb.kv.KeyRangesTest"/>
  <testcase name="testKeyRanges" time="0.000" classname="org.jsimpledb.kv.KeyRangesTest"/>
  <testcase name="testKeyRanges" time="0.000" classname="org.jsimpledb.kv.KeyRangesTest"/>
  <testcase name="testKeyRanges" time="0.000" classname="org.jsimpledb.kv.KeyRangesTest"/>
  <testcase name="testKeyRanges" time="0.000" classname="org.jsimpledb.kv.KeyRangesTest"/>
  <testcase name="testKeyRanges" time="0.000" classname="org.jsimpledb.kv.KeyRangesTest"/>
  <testcase name="testKeyRanges" time="0.000" classname="org.jsimpledb.kv.KeyRangesTest"/>
</testsuite> <!-- org.jsimpledb.kv.KeyRangesTest -->
