<?xml version="1.0" encoding="UTF-8"?>
<!-- Generated by org.testng.reporters.JUnitReportReporter -->
<testsuite hostname="retina.dellroad.org" name="org.jsimpledb.util.IntersectionNavigableSetTest" tests="5" failures="0" timestamp="19 Nov 2015 23:06:58 GMT" time="0.297" errors="0">
  <testcase name="testSubSet" time="0.004" classname="org.jsimpledb.util.IntersectionNavigableSetTest"/>
  <testcase name="testReverseIteration" time="0.001" classname="org.jsimpledb.util.IntersectionNavigableSetTest"/>
  <testcase name="testEmpty2" time="0.001" classname="org.jsimpledb.util.IntersectionNavigableSetTest"/>
  <testcase name="testRandomIntersections" time="0.289" classname="org.jsimpledb.util.IntersectionNavigableSetTest"/>
  <testcase name="testEmpty1" time="0.002" classname="org.jsimpledb.util.IntersectionNavigableSetTest"/>
</testsuite> <!-- org.jsimpledb.util.IntersectionNavigableSetTest -->
