<?xml version="1.0" encoding="UTF-8"?>
<!-- Generated by org.testng.reporters.JUnitReportReporter -->
<testsuite hostname="retina.dellroad.org" name="org.jsimpledb.core.OnDeleteTest" tests="2" failures="0" timestamp="17 Feb 2016 20:28:48 GMT" time="0.177" errors="0">
  <testcase name="testOnDelete" time="0.085" classname="org.jsimpledb.core.OnDeleteTest"/>
  <testcase name="testOnDeleteUpdate" time="0.092" classname="org.jsimpledb.core.OnDeleteTest"/>
</testsuite> <!-- org.jsimpledb.core.OnDeleteTest -->
