<?xml version="1.0" encoding="UTF-8"?>
<!-- Generated by org.testng.reporters.JUnitReportReporter -->
<testsuite hostname="retina.dellroad.org" name="org.jsimpledb.VersionIntersectTest" tests="1" failures="0" timestamp="19 Nov 2015 23:06:58 GMT" time="0.012" errors="0">
  <testcase name="testVersionIntersect" time="0.012" classname="org.jsimpledb.VersionIntersectTest"/>
</testsuite> <!-- org.jsimpledb.VersionIntersectTest -->
