<?xml version="1.0" encoding="UTF-8"?>
<!-- Generated by org.testng.reporters.JUnitReportReporter -->
<testsuite hostname="retina.dellroad.org" name="org.jsimpledb.RecursiveLoadTest" tests="1" failures="0" timestamp="17 Feb 2016 20:28:48 GMT" time="0.010" errors="0">
  <testcase name="testRecursiveLoad" time="0.010" classname="org.jsimpledb.RecursiveLoadTest"/>
</testsuite> <!-- org.jsimpledb.RecursiveLoadTest -->
