<?xml version="1.0" encoding="UTF-8"?>
<!-- Generated by org.testng.reporters.JUnitReportReporter -->
<testsuite hostname="retina.dellroad.org" name="org.jsimpledb.EnumFieldTest" tests="3" failures="0" timestamp="3 Oct 2015 16:43:51 GMT" time="0.023" errors="0">
  <testcase name="testEnumConflict" time="0.005" classname="org.jsimpledb.EnumFieldTest"/>
  <testcase name="testEnumFieldUpgrade" time="0.018" classname="org.jsimpledb.EnumFieldTest"/>
  <testcase name="testFindEnum" time="0.000" classname="org.jsimpledb.EnumFieldTest"/>
</testsuite> <!-- org.jsimpledb.EnumFieldTest -->
