<?xml version="1.0" encoding="UTF-8"?>
<!-- Generated by org.testng.reporters.JUnitReportReporter -->
<testsuite hostname="retina.dellroad.org" name="org.jsimpledb.core.FieldMonitorTest" tests="1" failures="0" timestamp="5 Jun 2015 22:12:11 GMT" time="0.010" errors="0">
  <testcase name="testFieldMonitors" time="0.010" classname="org.jsimpledb.core.FieldMonitorTest"/>
</testsuite> <!-- org.jsimpledb.core.FieldMonitorTest -->
