<?xml version="1.0" encoding="UTF-8"?>
<!-- Generated by org.testng.reporters.JUnitReportReporter -->
<testsuite hostname="retina.dellroad.org" name="org.jsimpledb.util.ObjIdBiMultiMapTest" tests="1" failures="0" timestamp="17 Feb 2016 20:28:48 GMT" time="1.068" errors="0">
  <testcase name="testObjIdBiMultiMap" time="1.068" classname="org.jsimpledb.util.ObjIdBiMultiMapTest"/>
</testsuite> <!-- org.jsimpledb.util.ObjIdBiMultiMapTest -->
