<?xml version="1.0" encoding="UTF-8"?>
<!-- Generated by org.testng.reporters.JUnitReportReporter -->
<testsuite hostname="retina.dellroad.org" name="org.jsimpledb.core.DroppedTypeTest" tests="1" failures="0" timestamp="9 Jun 2015 21:02:36 GMT" time="0.012" errors="0">
  <testcase name="testDroppedType" time="0.012" classname="org.jsimpledb.core.DroppedTypeTest"/>
</testsuite> <!-- org.jsimpledb.core.DroppedTypeTest -->
