<?xml version="1.0" encoding="UTF-8"?>
<!-- Generated by org.testng.reporters.JUnitReportReporter -->
<testsuite hostname="retina.dellroad.org" name="org.jsimpledb.JObjectCopyTest" tests="2" failures="0" timestamp="9 Jun 2015 21:39:34 GMT" time="0.021" errors="0">
  <testcase name="testCopyWithPath" time="0.011" classname="org.jsimpledb.JObjectCopyTest"/>
  <testcase name="testCopyMultiplePath" time="0.010" classname="org.jsimpledb.JObjectCopyTest"/>
</testsuite> <!-- org.jsimpledb.JObjectCopyTest -->
