<?xml version="1.0" encoding="UTF-8"?>
<!-- Generated by org.testng.reporters.JUnitReportReporter -->
<testsuite hostname="retina.dellroad.org" name="org.jsimpledb.SchemaGenerationTest" tests="2" failures="0" timestamp="19 Nov 2015 23:06:58 GMT" time="0.015" errors="0">
  <testcase name="testBogusAbstract" time="0.006" classname="org.jsimpledb.SchemaGenerationTest"/>
  <testcase name="testSchemaGeneration" time="0.009" classname="org.jsimpledb.SchemaGenerationTest"/>
</testsuite> <!-- org.jsimpledb.SchemaGenerationTest -->
