<?xml version="1.0" encoding="UTF-8"?>
<!-- Generated by org.testng.reporters.JUnitReportReporter -->
<testsuite hostname="retina.dellroad.org" name="org.jsimpledb.kv.mvcc.ReadsTest" tests="11" failures="0" timestamp="9 Jun 2015 21:39:34 GMT" time="0.000" errors="0">
  <testcase name="testSerializeReads" time="0.000" classname="org.jsimpledb.kv.mvcc.ReadsTest"/>
  <testcase name="testSerializeReads" time="0.000" classname="org.jsimpledb.kv.mvcc.ReadsTest"/>
  <testcase name="testSerializeReads" time="0.000" classname="org.jsimpledb.kv.mvcc.ReadsTest"/>
  <testcase name="testSerializeReads" time="0.000" classname="org.jsimpledb.kv.mvcc.ReadsTest"/>
  <testcase name="testSerializeReads" time="0.000" classname="org.jsimpledb.kv.mvcc.ReadsTest"/>
  <testcase name="testSerializeReads" time="0.000" classname="org.jsimpledb.kv.mvcc.ReadsTest"/>
  <testcase name="testSerializeReads" time="0.000" classname="org.jsimpledb.kv.mvcc.ReadsTest"/>
  <testcase name="testSerializeReads" time="0.000" classname="org.jsimpledb.kv.mvcc.ReadsTest"/>
  <testcase name="testSerializeReads" time="0.000" classname="org.jsimpledb.kv.mvcc.ReadsTest"/>
  <testcase name="testSerializeReads" time="0.000" classname="org.jsimpledb.kv.mvcc.ReadsTest"/>
  <testcase name="testSerializeReads" time="0.000" classname="org.jsimpledb.kv.mvcc.ReadsTest"/>
</testsuite> <!-- org.jsimpledb.kv.mvcc.ReadsTest -->
