<?xml version="1.0" encoding="UTF-8"?>
<!-- Generated by org.testng.reporters.JUnitReportReporter -->
<testsuite hostname="retina.dellroad.org" name="org.jsimpledb.ReferencePathTest" tests="19" failures="0" timestamp="17 Feb 2016 20:28:48 GMT" time="0.320" errors="0">
  <testcase name="testReferencePath" time="0.015" classname="org.jsimpledb.ReferencePathTest"/>
  <testcase name="testReferencePath" time="0.023" classname="org.jsimpledb.ReferencePathTest"/>
  <testcase name="testReferencePath" time="0.016" classname="org.jsimpledb.ReferencePathTest"/>
  <testcase name="testReferencePath" time="0.016" classname="org.jsimpledb.ReferencePathTest"/>
  <testcase name="testReferencePath" time="0.021" classname="org.jsimpledb.ReferencePathTest"/>
  <testcase name="testReferencePath" time="0.016" classname="org.jsimpledb.ReferencePathTest"/>
  <testcase name="testReferencePath" time="0.015" classname="org.jsimpledb.ReferencePathTest"/>
  <testcase name="testReferencePath" time="0.016" classname="org.jsimpledb.ReferencePathTest"/>
  <testcase name="testReferencePath" time="0.016" classname="org.jsimpledb.ReferencePathTest"/>
  <testcase name="testReferencePath" time="0.016" classname="org.jsimpledb.ReferencePathTest"/>
  <testcase name="testReferencePath" time="0.017" classname="org.jsimpledb.ReferencePathTest"/>
  <testcase name="testReferencePath" time="0.017" classname="org.jsimpledb.ReferencePathTest"/>
  <testcase name="testReferencePath" time="0.020" classname="org.jsimpledb.ReferencePathTest"/>
  <testcase name="testReferencePath" time="0.015" classname="org.jsimpledb.ReferencePathTest"/>
  <testcase name="testReferencePath" time="0.016" classname="org.jsimpledb.ReferencePathTest"/>
  <testcase name="testReferencePath" time="0.016" classname="org.jsimpledb.ReferencePathTest"/>
  <testcase name="testReferencePath" time="0.015" classname="org.jsimpledb.ReferencePathTest"/>
  <testcase name="testReferencePath" time="0.016" classname="org.jsimpledb.ReferencePathTest"/>
  <testcase name="testReferencePath" time="0.018" classname="org.jsimpledb.ReferencePathTest"/>
</testsuite> <!-- org.jsimpledb.ReferencePathTest -->
