<?xml version="1.0" encoding="UTF-8"?>
<!-- Generated by org.testng.reporters.JUnitReportReporter -->
<testsuite hostname="retina.dellroad.org" name="org.jsimpledb.util.ObjIdMapTest" tests="2" failures="0" timestamp="10 Jul 2015 00:45:52 GMT" time="0.466" errors="0">
  <testcase name="testObjIdMap" time="0.465" classname="org.jsimpledb.util.ObjIdMapTest"/>
  <testcase name="testObjIdMap2" time="0.001" classname="org.jsimpledb.util.ObjIdMapTest"/>
</testsuite> <!-- org.jsimpledb.util.ObjIdMapTest -->
