<?xml version="1.0" encoding="UTF-8"?>
<!-- Generated by org.testng.reporters.JUnitReportReporter -->
<testsuite hostname="retina.dellroad.org" name="org.jsimpledb.kv.array.WriteMergedTest" tests="1" failures="0" timestamp="17 Feb 2016 20:28:48 GMT" time="0.008" errors="0">
  <testcase name="testWriteMerged" time="0.008" classname="org.jsimpledb.kv.array.WriteMergedTest"/>
</testsuite> <!-- org.jsimpledb.kv.array.WriteMergedTest -->
