<?xml version="1.0" encoding="UTF-8"?>
<!-- Generated by org.testng.reporters.JUnitReportReporter -->
<testsuite hostname="retina.dellroad.org" name="org.jsimpledb.util.IntersectionNavigableSetTest" tests="5" failures="0" timestamp="10 Jul 2015 00:45:52 GMT" time="0.285" errors="0">
  <testcase name="testReverseIteration" time="0.001" classname="org.jsimpledb.util.IntersectionNavigableSetTest"/>
  <testcase name="testSubSet" time="0.003" classname="org.jsimpledb.util.IntersectionNavigableSetTest"/>
  <testcase name="testEmpty2" time="0.000" classname="org.jsimpledb.util.IntersectionNavigableSetTest"/>
  <testcase name="testEmpty1" time="0.001" classname="org.jsimpledb.util.IntersectionNavigableSetTest"/>
  <testcase name="testRandomIntersections" time="0.280" classname="org.jsimpledb.util.IntersectionNavigableSetTest"/>
</testsuite> <!-- org.jsimpledb.util.IntersectionNavigableSetTest -->
