<?xml version="1.0" encoding="UTF-8"?>
<!-- Generated by org.testng.reporters.JUnitReportReporter -->
<testsuite hostname="retina.dellroad.org" name="org.jsimpledb.kv.mvcc.ReadsTest" tests="11" failures="0" timestamp="3 Oct 2015 16:43:51 GMT" time="0.001" errors="0">
  <testcase name="testSerializeReads" time="0.000" classname="org.jsimpledb.kv.mvcc.ReadsTest"/>
  <testcase name="testSerializeReads" time="0.000" classname="org.jsimpledb.kv.mvcc.ReadsTest"/>
  <testcase name="testSerializeReads" time="0.000" classname="org.jsimpledb.kv.mvcc.ReadsTest"/>
  <testcase name="testSerializeReads" time="0.000" classname="org.jsimpledb.kv.mvcc.ReadsTest"/>
  <testcase name="testSerializeReads" time="0.000" classname="org.jsimpledb.kv.mvcc.ReadsTest"/>
  <testcase name="testSerializeReads" time="0.000" classname="org.jsimpledb.kv.mvcc.ReadsTest"/>
  <testcase name="testSerializeReads" time="0.000" classname="org.jsimpledb.kv.mvcc.ReadsTest"/>
  <testcase name="testSerializeReads" time="0.000" classname="org.jsimpledb.kv.mvcc.ReadsTest"/>
  <testcase name="testSerializeReads" time="0.001" classname="org.jsimpledb.kv.mvcc.ReadsTest"/>
  <testcase name="testSerializeReads" time="0.000" classname="org.jsimpledb.kv.mvcc.ReadsTest"/>
  <testcase name="testSerializeReads" time="0.000" classname="org.jsimpledb.kv.mvcc.ReadsTest"/>
</testsuite> <!-- org.jsimpledb.kv.mvcc.ReadsTest -->
