<?xml version="1.0" encoding="UTF-8"?>
<!-- Generated by org.testng.reporters.JUnitReportReporter -->
<testsuite hostname="retina.dellroad.org" name="org.jsimpledb.CompositeIndexTest" tests="1" failures="0" timestamp="14 Aug 2015 21:19:32 GMT" time="2.329" errors="0">
  <testcase name="testCompositeIndex" time="2.329" classname="org.jsimpledb.CompositeIndexTest"/>
</testsuite> <!-- org.jsimpledb.CompositeIndexTest -->
