<?xml version="1.0" encoding="UTF-8"?>
<!-- Generated by org.testng.reporters.JUnitReportReporter -->
<testsuite hostname="retina.dellroad.org" name="org.jsimpledb.OnChangeMultipleTest" tests="7" failures="0" timestamp="19 Nov 2015 23:06:58 GMT" time="0.049" errors="0">
  <testcase name="testMultiFieldChange" time="0.021" classname="org.jsimpledb.OnChangeMultipleTest"/>
  <testcase name="testValidOnChange" time="0.006" classname="org.jsimpledb.OnChangeMultipleTest"/>
  <testcase name="testInvalidOnChange" time="0.005" classname="org.jsimpledb.OnChangeMultipleTest"/>
  <testcase name="testValidOnChange" time="0.006" classname="org.jsimpledb.OnChangeMultipleTest"/>
  <testcase name="testInvalidOnChange" time="0.003" classname="org.jsimpledb.OnChangeMultipleTest"/>
  <testcase name="testInvalidOnChange" time="0.004" classname="org.jsimpledb.OnChangeMultipleTest"/>
  <testcase name="testInvalidOnChange" time="0.004" classname="org.jsimpledb.OnChangeMultipleTest"/>
</testsuite> <!-- org.jsimpledb.OnChangeMultipleTest -->
