<?xml version="1.0" encoding="UTF-8"?>
<!-- Generated by org.testng.reporters.JUnitReportReporter -->
<testsuite hostname="retina.dellroad.org" name="org.jsimpledb.kv.sql.MySQLKVDatabaseTest" tests="1" failures="0" timestamp="17 Feb 2016 20:28:48 GMT" time="0.912" errors="0">
  <testcase name="testSimpleKVTimeouts" time="0.912" classname="org.jsimpledb.kv.sql.MySQLKVDatabaseTest"/>
</testsuite> <!-- org.jsimpledb.kv.sql.MySQLKVDatabaseTest -->
