<?xml version="1.0" encoding="UTF-8"?>
<!-- Generated by org.testng.reporters.JUnitReportReporter -->
<testsuite hostname="retina.dellroad.org" name="org.jsimpledb.OnChangeMultipleTest" tests="7" failures="0" timestamp="17 Jul 2015 03:01:56 GMT" time="0.037" errors="0">
  <testcase name="testInvalidOnChange" time="0.002" classname="org.jsimpledb.OnChangeMultipleTest"/>
  <testcase name="testInvalidOnChange" time="0.001" classname="org.jsimpledb.OnChangeMultipleTest"/>
  <testcase name="testMultiFieldChange" time="0.019" classname="org.jsimpledb.OnChangeMultipleTest"/>
  <testcase name="testValidOnChange" time="0.006" classname="org.jsimpledb.OnChangeMultipleTest"/>
  <testcase name="testInvalidOnChange" time="0.002" classname="org.jsimpledb.OnChangeMultipleTest"/>
  <testcase name="testInvalidOnChange" time="0.002" classname="org.jsimpledb.OnChangeMultipleTest"/>
  <testcase name="testValidOnChange" time="0.005" classname="org.jsimpledb.OnChangeMultipleTest"/>
</testsuite> <!-- org.jsimpledb.OnChangeMultipleTest -->
