<?xml version="1.0" encoding="UTF-8"?>
<!-- Generated by org.testng.reporters.JUnitReportReporter -->
<testsuite hostname="retina.dellroad.org" name="org.jsimpledb.kv.mvcc.WritesTest" tests="5" failures="0" timestamp="5 Jun 2015 22:12:11 GMT" time="0.083" errors="0">
  <testcase name="testSerializeWrites" time="0.000" classname="org.jsimpledb.kv.mvcc.WritesTest"/>
  <testcase name="testMutations" time="0.082" classname="org.jsimpledb.kv.mvcc.WritesTest"/>
  <testcase name="testSerializeWrites" time="0.000" classname="org.jsimpledb.kv.mvcc.WritesTest"/>
  <testcase name="testSerializeWrites" time="0.000" classname="org.jsimpledb.kv.mvcc.WritesTest"/>
  <testcase name="testSerializeWrites" time="0.001" classname="org.jsimpledb.kv.mvcc.WritesTest"/>
</testsuite> <!-- org.jsimpledb.kv.mvcc.WritesTest -->
