<?xml version="1.0" encoding="UTF-8"?>
<!-- Generated by org.testng.reporters.JUnitReportReporter -->
<testsuite hostname="retina.dellroad.org" name="org.jsimpledb.InterfaceTest" tests="1" failures="0" timestamp="9 Jun 2015 21:39:34 GMT" time="0.020" errors="0">
  <testcase name="testInterface" time="0.020" classname="org.jsimpledb.InterfaceTest"/>
</testsuite> <!-- org.jsimpledb.InterfaceTest -->
