<?xml version="1.0" encoding="UTF-8"?>
<!-- Generated by org.testng.reporters.JUnitReportReporter -->
<testsuite hostname="retina.dellroad.org" name="org.jsimpledb.CompositeIndexTest" tests="1" failures="0" timestamp="5 Jun 2015 22:12:11 GMT" time="2.064" errors="0">
  <testcase name="testCompositeIndex" time="2.064" classname="org.jsimpledb.CompositeIndexTest"/>
</testsuite> <!-- org.jsimpledb.CompositeIndexTest -->
