<?xml version="1.0" encoding="UTF-8"?>
<!-- Generated by org.testng.reporters.JUnitReportReporter -->
<testsuite hostname="retina.dellroad.org" name="org.jsimpledb.TypeSafetyTest" tests="1" failures="0" timestamp="3 Oct 2015 16:43:51 GMT" time="0.024" errors="0">
  <testcase name="testTypeSafety" time="0.024" classname="org.jsimpledb.TypeSafetyTest"/>
</testsuite> <!-- org.jsimpledb.TypeSafetyTest -->
