<?xml version="1.0" encoding="UTF-8"?>
<!-- Generated by org.testng.reporters.JUnitReportReporter -->
<testsuite hostname="retina.dellroad.org" name="org.jsimpledb.ClassLoaderTest" tests="1" failures="0" timestamp="10 Jul 2015 00:45:52 GMT" time="0.007" errors="0">
  <testcase name="testClassLoaderTest" time="0.007" classname="org.jsimpledb.ClassLoaderTest"/>
</testsuite> <!-- org.jsimpledb.ClassLoaderTest -->
