<?xml version="1.0" encoding="UTF-8"?>
<!-- Generated by org.testng.reporters.JUnitReportReporter -->
<testsuite hostname="retina.dellroad.org" name="org.jsimpledb.kv.mvcc.AtomicKVStoreTest" tests="4" failures="0" timestamp="17 Jul 2015 03:01:56 GMT" time="92.836" errors="0">
  <testcase name="testAtomicKVStore" time="5.946" classname="org.jsimpledb.kv.mvcc.AtomicKVStoreTest"/>
  <testcase name="testAtomicKVStore" time="67.606" classname="org.jsimpledb.kv.mvcc.AtomicKVStoreTest"/>
  <testcase name="testAtomicKVStore" time="9.594" classname="org.jsimpledb.kv.mvcc.AtomicKVStoreTest"/>
  <testcase name="testAtomicKVStore" time="9.690" classname="org.jsimpledb.kv.mvcc.AtomicKVStoreTest"/>
</testsuite> <!-- org.jsimpledb.kv.mvcc.AtomicKVStoreTest -->
