<?xml version="1.0" encoding="UTF-8"?>
<!-- Generated by org.testng.reporters.JUnitReportReporter -->
<testsuite hostname="retina.dellroad.org" name="org.jsimpledb.SnapshotTest" tests="4" failures="0" timestamp="24 Aug 2015 22:16:26 GMT" time="0.060" errors="0">
  <testcase name="testCopyRelated" time="0.008" classname="org.jsimpledb.SnapshotTest"/>
  <testcase name="testSnapshotInvalid" time="0.011" classname="org.jsimpledb.SnapshotTest"/>
  <testcase name="testSnapshot1" time="0.033" classname="org.jsimpledb.SnapshotTest"/>
  <testcase name="testDanglingReference" time="0.008" classname="org.jsimpledb.SnapshotTest"/>
</testsuite> <!-- org.jsimpledb.SnapshotTest -->
