<?xml version="1.0" encoding="UTF-8"?>
<!-- Generated by org.testng.reporters.JUnitReportReporter -->
<testsuite hostname="retina.dellroad.org" name="org.jsimpledb.parse.expr.DetachedObjectTest" tests="1" failures="0" timestamp="17 Feb 2016 20:28:48 GMT" time="0.006" errors="0">
  <testcase name="testDetachedObject" time="0.006" classname="org.jsimpledb.parse.expr.DetachedObjectTest"/>
</testsuite> <!-- org.jsimpledb.parse.expr.DetachedObjectTest -->
