<?xml version="1.0" encoding="UTF-8"?>
<!-- Generated by org.testng.reporters.JUnitReportReporter -->
<testsuite hostname="retina.dellroad.org" name="org.jsimpledb.OnChangeMultipleTest" tests="7" failures="0" timestamp="17 Feb 2016 20:28:48 GMT" time="0.075" errors="0">
  <testcase name="testInvalidOnChange" time="0.005" classname="org.jsimpledb.OnChangeMultipleTest"/>
  <testcase name="testInvalidOnChange" time="0.005" classname="org.jsimpledb.OnChangeMultipleTest"/>
  <testcase name="testInvalidOnChange" time="0.005" classname="org.jsimpledb.OnChangeMultipleTest"/>
  <testcase name="testValidOnChange" time="0.010" classname="org.jsimpledb.OnChangeMultipleTest"/>
  <testcase name="testMultiFieldChange" time="0.033" classname="org.jsimpledb.OnChangeMultipleTest"/>
  <testcase name="testValidOnChange" time="0.012" classname="org.jsimpledb.OnChangeMultipleTest"/>
  <testcase name="testInvalidOnChange" time="0.005" classname="org.jsimpledb.OnChangeMultipleTest"/>
</testsuite> <!-- org.jsimpledb.OnChangeMultipleTest -->
