<?xml version="1.0" encoding="UTF-8"?>
<!-- Generated by org.testng.reporters.JUnitReportReporter -->
<testsuite hostname="retina.dellroad.org" name="org.jsimpledb.TypeSafetyTest3" tests="1" failures="0" timestamp="29 Oct 2015 22:21:56 GMT" time="0.042" errors="0">
  <testcase name="testTypeSafety3" time="0.042" classname="org.jsimpledb.TypeSafetyTest3"/>
</testsuite> <!-- org.jsimpledb.TypeSafetyTest3 -->
