<?xml version="1.0" encoding="UTF-8"?>
<!-- Generated by org.testng.reporters.JUnitReportReporter -->
<testsuite hostname="retina.dellroad.org" name="org.jsimpledb.TypeSafetyTest2" tests="1" failures="0" timestamp="31 May 2015 02:01:29 GMT" time="0.033" errors="0">
  <testcase name="testTypeSafety2" time="0.033" classname="org.jsimpledb.TypeSafetyTest2"/>
</testsuite> <!-- org.jsimpledb.TypeSafetyTest2 -->
