<?xml version="1.0" encoding="UTF-8"?>
<!-- Generated by org.testng.reporters.JUnitReportReporter -->
<testsuite hostname="retina.dellroad.org" name="org.jsimpledb.kv.KeyRangesTest" tests="229" failures="0" timestamp="24 Aug 2015 22:16:26 GMT" time="1.325" errors="0">
  <testcase name="testKeyRanges" time="0.000" classname="org.jsimpledb.kv.KeyRangesTest"/>
  <testcase name="testKeyRanges" time="0.000" classname="org.jsimpledb.kv.KeyRangesTest"/>
  <testcase name="testKeyRanges" time="0.000" classname="org.jsimpledb.kv.KeyRangesTest"/>
  <testcase name="testKeyRanges" time="0.000" classname="org.jsimpledb.kv.KeyRangesTest"/>
  <testcase name="testKeyRanges" time="0.001" classname="org.jsimpledb.kv.KeyRangesTest"/>
  <testcase name="testKeyRanges" time="0.000" classname="org.jsimpledb.kv.KeyRangesTest"/>
  <testcase name="testKeyRanges" time="0.000" classname="org.jsimpledb.kv.KeyRangesTest"/>
  <testcase name="testKeyRanges" time="0.000" classname="org.jsimpledb.kv.KeyRangesTest"/>
  <testcase name="testKeyRanges" time="0.000" classname="org.jsimpledb.kv.KeyRangesTest"/>
  <testcase name="testKeyRanges" time="0.000" classname="org.jsimpledb.kv.KeyRangesTest"/>
  <testcase name="testKeyRanges" time="0.000" classname="org.jsimpledb.kv.KeyRangesTest"/>
  <testcase name="testKeyRanges" time="0.000" classname="org.jsimpledb.kv.KeyRangesTest"/>
  <testcase name="testKeyRanges" time="0.000" classname="org.jsimpledb.kv.KeyRangesTest"/>
  <testcase name="testKeyRanges" time="0.000" classname="org.jsimpledb.kv.KeyRangesTest"/>
  <testcase name="testKeyRanges" time="0.000" classname="org.jsimpledb.kv.KeyRangesTest"/>
  <testcase name="testKeyRanges" time="0.000" classname="org.jsimpledb.kv.KeyRangesTest"/>
  <testcase name="testKeyRanges" time="0.000" classname="org.jsimpledb.kv.KeyRangesTest"/>
  <testcase name="testKeyRanges" time="0.000" classname="org.jsimpledb.kv.KeyRangesTest"/>
  <testcase name="testAddRemove" time="1.293" classname="org.jsimpledb.kv.KeyRangesTest"/>
  <testcase name="testKeyRanges" time="0.001" classname="org.jsimpledb.kv.KeyRangesTest"/>
  <testcase name="testKeyRanges" time="0.000" classname="org.jsimpledb.kv.KeyRangesTest"/>
  <testcase name="testKeyRanges" time="0.000" classname="org.jsimpledb.kv.KeyRangesTest"/>
  <testcase name="testKeyRanges" time="0.000" classname="org.jsimpledb.kv.KeyRangesTest"/>
  <testcase name="testKeyRanges" time="0.000" classname="org.jsimpledb.kv.KeyRangesTest"/>
  <testcase name="testMinimal" time="0.000" classname="org.jsimpledb.kv.KeyRangesTest"/>
  <testcase name="testAsList" time="0.000" classname="org.jsimpledb.kv.KeyRangesTest"/>
  <testcase name="testKeyRanges" time="0.000" classname="org.jsimpledb.kv.KeyRangesTest"/>
  <testcase name="testMinimal" time="0.001" classname="org.jsimpledb.kv.KeyRangesTest"/>
  <testcase name="testKeyRanges" time="0.001" classname="org.jsimpledb.kv.KeyRangesTest"/>
  <testcase name="testKeyRanges" time="0.000" classname="org.jsimpledb.kv.KeyRangesTest"/>
  <testcase name="testKeyRanges" time="0.000" classname="org.jsimpledb.kv.KeyRangesTest"/>
  <testcase name="testKeyRanges" time="0.000" classname="org.jsimpledb.kv.KeyRangesTest"/>
  <testcase name="testKeyRanges" time="0.000" classname="org.jsimpledb.kv.KeyRangesTest"/>
  <testcase name="testKeyRanges" time="0.000" classname="org.jsimpledb.kv.KeyRangesTest"/>
  <testcase name="testKeyRanges" time="0.000" classname="org.jsimpledb.kv.KeyRangesTest"/>
  <testcase name="testKeyRanges" time="0.001" classname="org.jsimpledb.kv.KeyRangesTest"/>
  <testcase name="testKeyRanges" time="0.000" classname="org.jsimpledb.kv.KeyRangesTest"/>
  <testcase name="testAsList" time="0.000" classname="org.jsimpledb.kv.KeyRangesTest"/>
  <testcase name="testKeyRanges" time="0.000" classname="org.jsimpledb.kv.KeyRangesTest"/>
  <testcase name="testKeyRanges" time="0.000" classname="org.jsimpledb.kv.KeyRangesTest"/>
  <testcase name="testKeyRanges" time="0.000" classname="org.jsimpledb.kv.KeyRangesTest"/>
  <testcase name="testKeyRanges" time="0.000" classname="org.jsimpledb.kv.KeyRangesTest"/>
  <testcase name="testKeyRanges" time="0.000" classname="org.jsimpledb.kv.KeyRangesTest"/>
  <testcase name="testKeyRanges" time="0.000" classname="org.jsimpledb.kv.KeyRangesTest"/>
  <testcase name="testKeyRanges" time="0.000" classname="org.jsimpledb.kv.KeyRangesTest"/>
  <testcase name="testMinimal" time="0.000" classname="org.jsimpledb.kv.KeyRangesTest"/>
  <testcase name="testAsList" time="0.000" classname="org.jsimpledb.kv.KeyRangesTest"/>
  <testcase name="testKeyRanges" time="0.000" classname="org.jsimpledb.kv.KeyRangesTest"/>
  <testcase name="testKeyRanges" time="0.000" classname="org.jsimpledb.kv.KeyRangesTest"/>
  <testcase name="testMinimal" time="0.000" classname="org.jsimpledb.kv.KeyRangesTest"/>
  <testcase name="testKeyRanges" time="0.000" classname="org.jsimpledb.kv.KeyRangesTest"/>
  <testcase name="testKeyRanges" time="0.000" classname="org.jsimpledb.kv.KeyRangesTest"/>
  <testcase name="testKeyRanges" time="0.000" classname="org.jsimpledb.kv.KeyRangesTest"/>
  <testcase name="testKeyRanges" time="0.000" classname="org.jsimpledb.kv.KeyRangesTest"/>
  <testcase name="testKeyRanges" time="0.000" classname="org.jsimpledb.kv.KeyRangesTest"/>
  <testcase name="testKeyRanges" time="0.000" classname="org.jsimpledb.kv.KeyRangesTest"/>
  <testcase name="testMinimal" time="0.000" classname="org.jsimpledb.kv.KeyRangesTest"/>
  <testcase name="testKeyRanges" time="0.000" classname="org.jsimpledb.kv.KeyRangesTest"/>
  <testcase name="testKeyRanges" time="0.001" classname="org.jsimpledb.kv.KeyRangesTest"/>
  <testcase name="testKeyRanges" time="0.000" classname="org.jsimpledb.kv.KeyRangesTest"/>
  <testcase name="testKeyRanges" time="0.000" classname="org.jsimpledb.kv.KeyRangesTest"/>
  <testcase name="testKeyRanges" time="0.000" classname="org.jsimpledb.kv.KeyRangesTest"/>
  <testcase name="testKeyRanges" time="0.000" classname="org.jsimpledb.kv.KeyRangesTest"/>
  <testcase name="testKeyRanges" time="0.000" classname="org.jsimpledb.kv.KeyRangesTest"/>
  <testcase name="testKeyRanges" time="0.000" classname="org.jsimpledb.kv.KeyRangesTest"/>
  <testcase name="testKeyRanges" time="0.000" classname="org.jsimpledb.kv.KeyRangesTest"/>
  <testcase name="testKeyRanges" time="0.000" classname="org.jsimpledb.kv.KeyRangesTest"/>
  <testcase name="testKeyRanges" time="0.000" classname="org.jsimpledb.kv.KeyRangesTest"/>
  <testcase name="testKeyRanges" time="0.000" classname="org.jsimpledb.kv.KeyRangesTest"/>
  <testcase name="testKeyRanges" time="0.000" classname="org.jsimpledb.kv.KeyRangesTest"/>
  <testcase name="testKeyRanges" time="0.000" classname="org.jsimpledb.kv.KeyRangesTest"/>
  <testcase name="testKeyRanges" time="0.000" classname="org.jsimpledb.kv.KeyRangesTest"/>
  <testcase name="testKeyRanges" time="0.001" classname="org.jsimpledb.kv.KeyRangesTest"/>
  <testcase name="testKeyRanges" time="0.000" classname="org.jsimpledb.kv.KeyRangesTest"/>
  <testcase name="testKeyRanges" time="0.001" classname="org.jsimpledb.kv.KeyRangesTest"/>
  <testcase name="testKeyRanges" time="0.000" classname="org.jsimpledb.kv.KeyRangesTest"/>
  <testcase name="testEmpty" time="0.001" classname="org.jsimpledb.kv.KeyRangesTest"/>
  <testcase name="testAsList" time="0.000" classname="org.jsimpledb.kv.KeyRangesTest"/>
  <testcase name="testKeyRanges" time="0.000" classname="org.jsimpledb.kv.KeyRangesTest"/>
  <testcase name="testKeyRanges" time="0.000" classname="org.jsimpledb.kv.KeyRangesTest"/>
  <testcase name="testKeyRanges" time="0.000" classname="org.jsimpledb.kv.KeyRangesTest"/>
  <testcase name="testKeyRanges" time="0.001" classname="org.jsimpledb.kv.KeyRangesTest"/>
  <testcase name="testKeyRanges" time="0.000" classname="org.jsimpledb.kv.KeyRangesTest"/>
  <testcase name="testKeyRanges" time="0.000" classname="org.jsimpledb.kv.KeyRangesTest"/>
  <testcase name="testKeyRanges" time="0.000" classname="org.jsimpledb.kv.KeyRangesTest"/>
  <testcase name="testKeyRanges" time="0.000" classname="org.jsimpledb.kv.KeyRangesTest"/>
  <testcase name="testKeyRanges" time="0.000" classname="org.jsimpledb.kv.KeyRangesTest"/>
  <testcase name="testKeyRanges" time="0.000" classname="org.jsimpledb.kv.KeyRangesTest"/>
  <testcase name="testKeyRanges" time="0.000" classname="org.jsimpledb.kv.KeyRangesTest"/>
  <testcase name="testKeyRanges" time="0.000" classname="org.jsimpledb.kv.KeyRangesTest"/>
  <testcase name="testKeyRanges" time="0.000" classname="org.jsimpledb.kv.KeyRangesTest"/>
  <testcase name="testKeyRanges" time="0.000" classname="org.jsimpledb.kv.KeyRangesTest"/>
  <testcase name="testKeyRanges" time="0.000" classname="org.jsimpledb.kv.KeyRangesTest"/>
  <testcase name="testKeyRanges" time="0.000" classname="org.jsimpledb.kv.KeyRangesTest"/>
  <testcase name="testKeyRanges" time="0.001" classname="org.jsimpledb.kv.KeyRangesTest"/>
  <testcase name="testMinimal" time="0.000" classname="org.jsimpledb.kv.KeyRangesTest"/>
  <testcase name="testKeyRanges" time="0.000" classname="org.jsimpledb.kv.KeyRangesTest"/>
  <testcase name="testAsList" time="0.000" classname="org.jsimpledb.kv.KeyRangesTest"/>
  <testcase name="testKeyRanges" time="0.000" classname="org.jsimpledb.kv.KeyRangesTest"/>
  <testcase name="testKeyRanges" time="0.000" classname="org.jsimpledb.kv.KeyRangesTest"/>
  <testcase name="testKeyRanges" time="0.000" classname="org.jsimpledb.kv.KeyRangesTest"/>
  <testcase name="testEmpty" time="0.000" classname="org.jsimpledb.kv.KeyRangesTest"/>
  <testcase name="testKeyRanges" time="0.000" classname="org.jsimpledb.kv.KeyRangesTest"/>
  <testcase name="testKeyRanges" time="0.001" classname="org.jsimpledb.kv.KeyRangesTest"/>
  <testcase name="testKeyRanges" time="0.000" classname="org.jsimpledb.kv.KeyRangesTest"/>
  <testcase name="testMinimal" time="0.001" classname="org.jsimpledb.kv.KeyRangesTest"/>
  <testcase name="testKeyRanges" time="0.000" classname="org.jsimpledb.kv.KeyRangesTest"/>
  <testcase name="testKeyRanges" time="0.000" classname="org.jsimpledb.kv.KeyRangesTest"/>
  <testcase name="testKeyRanges" time="0.000" classname="org.jsimpledb.kv.KeyRangesTest"/>
  <testcase name="testKeyRanges" time="0.000" classname="org.jsimpledb.kv.KeyRangesTest"/>
  <testcase name="testEmpty" time="0.000" classname="org.jsimpledb.kv.KeyRangesTest"/>
  <testcase name="testMinimal" time="0.000" classname="org.jsimpledb.kv.KeyRangesTest"/>
  <testcase name="testKeyRanges" time="0.000" classname="org.jsimpledb.kv.KeyRangesTest"/>
  <testcase name="testKeyRanges" time="0.000" classname="org.jsimpledb.kv.KeyRangesTest"/>
  <testcase name="testKeyRanges" time="0.004" classname="org.jsimpledb.kv.KeyRangesTest"/>
  <testcase name="testKeyRanges" time="0.000" classname="org.jsimpledb.kv.KeyRangesTest"/>
  <testcase name="testKeyRanges" time="0.000" classname="org.jsimpledb.kv.KeyRangesTest"/>
  <testcase name="testKeyRanges" time="0.001" classname="org.jsimpledb.kv.KeyRangesTest"/>
  <testcase name="testKeyRanges" time="0.000" classname="org.jsimpledb.kv.KeyRangesTest"/>
  <testcase name="testAsList" time="0.000" classname="org.jsimpledb.kv.KeyRangesTest"/>
  <testcase name="testKeyRanges" time="0.001" classname="org.jsimpledb.kv.KeyRangesTest"/>
  <testcase name="testKeyRanges" time="0.000" classname="org.jsimpledb.kv.KeyRangesTest"/>
  <testcase name="testKeyRanges" time="0.000" classname="org.jsimpledb.kv.KeyRangesTest"/>
  <testcase name="testKeyRanges" time="0.000" classname="org.jsimpledb.kv.KeyRangesTest"/>
  <testcase name="testKeyRanges" time="0.000" classname="org.jsimpledb.kv.KeyRangesTest"/>
  <testcase name="testKeyRanges" time="0.001" classname="org.jsimpledb.kv.KeyRangesTest"/>
  <testcase name="testMinimal" time="0.000" classname="org.jsimpledb.kv.KeyRangesTest"/>
  <testcase name="testKeyRanges" time="0.000" classname="org.jsimpledb.kv.KeyRangesTest"/>
  <testcase name="testKeyRanges" time="0.000" classname="org.jsimpledb.kv.KeyRangesTest"/>
  <testcase name="testKeyRanges" time="0.000" classname="org.jsimpledb.kv.KeyRangesTest"/>
  <testcase name="testKeyRanges" time="0.000" classname="org.jsimpledb.kv.KeyRangesTest"/>
  <testcase name="testKeyRanges" time="0.000" classname="org.jsimpledb.kv.KeyRangesTest"/>
  <testcase name="testKeyRanges" time="0.000" classname="org.jsimpledb.kv.KeyRangesTest"/>
  <testcase name="testKeyRanges" time="0.000" classname="org.jsimpledb.kv.KeyRangesTest"/>
  <testcase name="testKeyRanges" time="0.000" classname="org.jsimpledb.kv.KeyRangesTest"/>
  <testcase name="testKeyRanges" time="0.000" classname="org.jsimpledb.kv.KeyRangesTest"/>
  <testcase name="testMinimal" time="0.000" classname="org.jsimpledb.kv.KeyRangesTest"/>
  <testcase name="testKeyRanges" time="0.000" classname="org.jsimpledb.kv.KeyRangesTest"/>
  <testcase name="testKeyRanges" time="0.000" classname="org.jsimpledb.kv.KeyRangesTest"/>
  <testcase name="testKeyRanges" time="0.001" classname="org.jsimpledb.kv.KeyRangesTest"/>
  <testcase name="testKeyRanges" time="0.000" classname="org.jsimpledb.kv.KeyRangesTest"/>
  <testcase name="testKeyRanges" time="0.000" classname="org.jsimpledb.kv.KeyRangesTest"/>
  <testcase name="testKeyRanges" time="0.000" classname="org.jsimpledb.kv.KeyRangesTest"/>
  <testcase name="testKeyRanges" time="0.000" classname="org.jsimpledb.kv.KeyRangesTest"/>
  <testcase name="testMinimal" time="0.000" classname="org.jsimpledb.kv.KeyRangesTest"/>
  <testcase name="testKeyRanges" time="0.000" classname="org.jsimpledb.kv.KeyRangesTest"/>
  <testcase name="testMinimal" time="0.000" classname="org.jsimpledb.kv.KeyRangesTest"/>
  <testcase name="testKeyRanges" time="0.001" classname="org.jsimpledb.kv.KeyRangesTest"/>
  <testcase name="testKeyRanges" time="0.000" classname="org.jsimpledb.kv.KeyRangesTest"/>
  <testcase name="testKeyRanges" time="0.000" classname="org.jsimpledb.kv.KeyRangesTest"/>
  <testcase name="testKeyRanges" time="0.000" classname="org.jsimpledb.kv.KeyRangesTest"/>
  <testcase name="testKeyRanges" time="0.000" classname="org.jsimpledb.kv.KeyRangesTest"/>
  <testcase name="testKeyRanges" time="0.001" classname="org.jsimpledb.kv.KeyRangesTest"/>
  <testcase name="testKeyRanges" time="0.001" classname="org.jsimpledb.kv.KeyRangesTest"/>
  <testcase name="testKeyRanges" time="0.001" classname="org.jsimpledb.kv.KeyRangesTest"/>
  <testcase name="testKeyRanges" time="0.000" classname="org.jsimpledb.kv.KeyRangesTest"/>
  <testcase name="testAsList" time="0.000" classname="org.jsimpledb.kv.KeyRangesTest"/>
  <testcase name="testKeyRanges" time="0.000" classname="org.jsimpledb.kv.KeyRangesTest"/>
  <testcase name="testKeyRanges" time="0.000" classname="org.jsimpledb.kv.KeyRangesTest"/>
  <testcase name="testKeyRanges" time="0.000" classname="org.jsimpledb.kv.KeyRangesTest"/>
  <testcase name="testKeyRanges" time="0.000" classname="org.jsimpledb.kv.KeyRangesTest"/>
  <testcase name="testKeyRanges" time="0.000" classname="org.jsimpledb.kv.KeyRangesTest"/>
  <testcase name="testKeyRanges" time="0.000" classname="org.jsimpledb.kv.KeyRangesTest"/>
  <testcase name="testKeyRanges" time="0.000" classname="org.jsimpledb.kv.KeyRangesTest"/>
  <testcase name="testKeyRanges" time="0.000" classname="org.jsimpledb.kv.KeyRangesTest"/>
  <testcase name="testKeyRanges" time="0.000" classname="org.jsimpledb.kv.KeyRangesTest"/>
  <testcase name="testKeyRanges" time="0.000" classname="org.jsimpledb.kv.KeyRangesTest"/>
  <testcase name="testKeyRanges" time="0.000" classname="org.jsimpledb.kv.KeyRangesTest"/>
  <testcase name="testKeyRanges" time="0.000" classname="org.jsimpledb.kv.KeyRangesTest"/>
  <testcase name="testKeyRanges" time="0.000" classname="org.jsimpledb.kv.KeyRangesTest"/>
  <testcase name="testKeyRanges" time="0.000" classname="org.jsimpledb.kv.KeyRangesTest"/>
  <testcase name="testKeyRanges" time="0.000" classname="org.jsimpledb.kv.KeyRangesTest"/>
  <testcase name="testKeyRanges" time="0.000" classname="org.jsimpledb.kv.KeyRangesTest"/>
  <testcase name="testKeyRanges" time="0.000" classname="org.jsimpledb.kv.KeyRangesTest"/>
  <testcase name="testKeyRanges" time="0.001" classname="org.jsimpledb.kv.KeyRangesTest"/>
  <testcase name="testAsList" time="0.000" classname="org.jsimpledb.kv.KeyRangesTest"/>
  <testcase name="testKeyRanges" time="0.000" classname="org.jsimpledb.kv.KeyRangesTest"/>
  <testcase name="testKeyRanges" time="0.001" classname="org.jsimpledb.kv.KeyRangesTest"/>
  <testcase name="testKeyRanges" time="0.000" classname="org.jsimpledb.kv.KeyRangesTest"/>
  <testcase name="testEmpty" time="0.000" classname="org.jsimpledb.kv.KeyRangesTest"/>
  <testcase name="testKeyRanges" time="0.000" classname="org.jsimpledb.kv.KeyRangesTest"/>
  <testcase name="testKeyRanges" time="0.000" classname="org.jsimpledb.kv.KeyRangesTest"/>
  <testcase name="testKeyRanges" time="0.000" classname="org.jsimpledb.kv.KeyRangesTest"/>
  <testcase name="testKeyRanges" time="0.000" classname="org.jsimpledb.kv.KeyRangesTest"/>
  <testcase name="testKeyRanges" time="0.000" classname="org.jsimpledb.kv.KeyRangesTest"/>
  <testcase name="testKeyRanges" time="0.000" classname="org.jsimpledb.kv.KeyRangesTest"/>
  <testcase name="testKeyRanges" time="0.000" classname="org.jsimpledb.kv.KeyRangesTest"/>
  <testcase name="testKeyRanges" time="0.000" classname="org.jsimpledb.kv.KeyRangesTest"/>
  <testcase name="testKeyRanges" time="0.000" classname="org.jsimpledb.kv.KeyRangesTest"/>
  <testcase name="testKeyRanges" time="0.000" classname="org.jsimpledb.kv.KeyRangesTest"/>
  <testcase name="testKeyRanges" time="0.001" classname="org.jsimpledb.kv.KeyRangesTest"/>
  <testcase name="testKeyRanges" time="0.000" classname="org.jsimpledb.kv.KeyRangesTest"/>
  <testcase name="testAsList" time="0.000" classname="org.jsimpledb.kv.KeyRangesTest"/>
  <testcase name="testKeyRanges" time="0.000" classname="org.jsimpledb.kv.KeyRangesTest"/>
  <testcase name="testKeyRanges" time="0.000" classname="org.jsimpledb.kv.KeyRangesTest"/>
  <testcase name="testKeyRanges" time="0.000" classname="org.jsimpledb.kv.KeyRangesTest"/>
  <testcase name="testKeyRanges" time="0.000" classname="org.jsimpledb.kv.KeyRangesTest"/>
  <testcase name="testKeyRanges" time="0.000" classname="org.jsimpledb.kv.KeyRangesTest"/>
  <testcase name="testAsList" time="0.000" classname="org.jsimpledb.kv.KeyRangesTest"/>
  <testcase name="testKeyRanges" time="0.001" classname="org.jsimpledb.kv.KeyRangesTest"/>
  <testcase name="testKeyRanges" time="0.001" classname="org.jsimpledb.kv.KeyRangesTest"/>
  <testcase name="testKeyRanges" time="0.000" classname="org.jsimpledb.kv.KeyRangesTest"/>
  <testcase name="testKeyRanges" time="0.000" classname="org.jsimpledb.kv.KeyRangesTest"/>
  <testcase name="testKeyRanges" time="0.000" classname="org.jsimpledb.kv.KeyRangesTest"/>
  <testcase name="testKeyRanges" time="0.000" classname="org.jsimpledb.kv.KeyRangesTest"/>
  <testcase name="testKeyRanges" time="0.000" classname="org.jsimpledb.kv.KeyRangesTest"/>
  <testcase name="testAsList" time="0.000" classname="org.jsimpledb.kv.KeyRangesTest"/>
  <testcase name="testKeyRanges" time="0.000" classname="org.jsimpledb.kv.KeyRangesTest"/>
  <testcase name="testAsList" time="0.000" classname="org.jsimpledb.kv.KeyRangesTest"/>
  <testcase name="testKeyRanges" time="0.000" classname="org.jsimpledb.kv.KeyRangesTest"/>
  <testcase name="testKeyRanges" time="0.000" classname="org.jsimpledb.kv.KeyRangesTest"/>
  <testcase name="testKeyRanges" time="0.000" classname="org.jsimpledb.kv.KeyRangesTest"/>
  <testcase name="testKeyRanges" time="0.000" classname="org.jsimpledb.kv.KeyRangesTest"/>
  <testcase name="testKeyRanges" time="0.000" classname="org.jsimpledb.kv.KeyRangesTest"/>
  <testcase name="testKeyRanges" time="0.000" classname="org.jsimpledb.kv.KeyRangesTest"/>
  <testcase name="testKeyRanges" time="0.001" classname="org.jsimpledb.kv.KeyRangesTest"/>
  <testcase name="testKeyRanges" time="0.000" classname="org.jsimpledb.kv.KeyRangesTest"/>
  <testcase name="testKeyRanges" time="0.000" classname="org.jsimpledb.kv.KeyRangesTest"/>
  <testcase name="testKeyRanges" time="0.001" classname="org.jsimpledb.kv.KeyRangesTest"/>
  <testcase name="testKeyRanges" time="0.000" classname="org.jsimpledb.kv.KeyRangesTest"/>
  <testcase name="testKeyRanges" time="0.000" classname="org.jsimpledb.kv.KeyRangesTest"/>
  <testcase name="testKeyRanges" time="0.000" classname="org.jsimpledb.kv.KeyRangesTest"/>
  <testcase name="testKeyRanges" time="0.000" classname="org.jsimpledb.kv.KeyRangesTest"/>
  <testcase name="testKeyRanges" time="0.000" classname="org.jsimpledb.kv.KeyRangesTest"/>
  <testcase name="testKeyRanges" time="0.000" classname="org.jsimpledb.kv.KeyRangesTest"/>
  <testcase name="testKeyRanges" time="0.000" classname="org.jsimpledb.kv.KeyRangesTest"/>
  <testcase name="testKeyRanges" time="0.000" classname="org.jsimpledb.kv.KeyRangesTest"/>
  <testcase name="testKeyRanges" time="0.000" classname="org.jsimpledb.kv.KeyRangesTest"/>
  <testcase name="testKeyRanges" time="0.000" classname="org.jsimpledb.kv.KeyRangesTest"/>
</testsuite> <!-- org.jsimpledb.kv.KeyRangesTest -->
