<?xml version="1.0" encoding="UTF-8"?>
<!-- Generated by org.testng.reporters.JUnitReportReporter -->
<testsuite hostname="retina.dellroad.org" name="org.jsimpledb.OnChangeMultipleTest" tests="7" failures="0" timestamp="29 Oct 2015 22:21:56 GMT" time="0.041" errors="0">
  <testcase name="testValidOnChange" time="0.007" classname="org.jsimpledb.OnChangeMultipleTest"/>
  <testcase name="testValidOnChange" time="0.005" classname="org.jsimpledb.OnChangeMultipleTest"/>
  <testcase name="testInvalidOnChange" time="0.004" classname="org.jsimpledb.OnChangeMultipleTest"/>
  <testcase name="testInvalidOnChange" time="0.003" classname="org.jsimpledb.OnChangeMultipleTest"/>
  <testcase name="testMultiFieldChange" time="0.018" classname="org.jsimpledb.OnChangeMultipleTest"/>
  <testcase name="testInvalidOnChange" time="0.002" classname="org.jsimpledb.OnChangeMultipleTest"/>
  <testcase name="testInvalidOnChange" time="0.002" classname="org.jsimpledb.OnChangeMultipleTest"/>
</testsuite> <!-- org.jsimpledb.OnChangeMultipleTest -->
