<?xml version="1.0" encoding="UTF-8"?>
<!-- Generated by org.testng.reporters.JUnitReportReporter -->
<testsuite hostname="retina.dellroad.org" name="org.jsimpledb.kv.KVDatabaseTest" tests="1" failures="0" timestamp="19 Nov 2015 23:06:58 GMT" time="0.910" errors="0">
  <testcase name="testSimpleKVTimeouts" time="0.910" classname="org.jsimpledb.kv.KVDatabaseTest"/>
</testsuite> <!-- org.jsimpledb.kv.KVDatabaseTest -->
