<?xml version="1.0" encoding="UTF-8"?>
<!-- Generated by org.testng.reporters.JUnitReportReporter -->
<testsuite hostname="retina.dellroad.org" name="org.jsimpledb.SnapshotTest" tests="4" failures="0" timestamp="17 Feb 2016 20:28:48 GMT" time="0.093" errors="0">
  <testcase name="testCopyRelated" time="0.014" classname="org.jsimpledb.SnapshotTest"/>
  <testcase name="testSnapshot1" time="0.041" classname="org.jsimpledb.SnapshotTest"/>
  <testcase name="testDanglingReference" time="0.020" classname="org.jsimpledb.SnapshotTest"/>
  <testcase name="testSnapshotInvalid" time="0.018" classname="org.jsimpledb.SnapshotTest"/>
</testsuite> <!-- org.jsimpledb.SnapshotTest -->
