<?xml version="1.0" encoding="UTF-8"?>
<!-- Generated by org.testng.reporters.JUnitReportReporter -->
<testsuite hostname="retina.dellroad.org" name="org.jsimpledb.kv.mvcc.AtomicKVStoreTest" tests="4" failures="0" timestamp="14 Aug 2015 21:19:32 GMT" time="93.386" errors="0">
  <testcase name="testAtomicKVStore" time="5.868" classname="org.jsimpledb.kv.mvcc.AtomicKVStoreTest"/>
  <testcase name="testAtomicKVStore" time="66.488" classname="org.jsimpledb.kv.mvcc.AtomicKVStoreTest"/>
  <testcase name="testAtomicKVStore" time="9.756" classname="org.jsimpledb.kv.mvcc.AtomicKVStoreTest"/>
  <testcase name="testAtomicKVStore" time="11.274" classname="org.jsimpledb.kv.mvcc.AtomicKVStoreTest"/>
</testsuite> <!-- org.jsimpledb.kv.mvcc.AtomicKVStoreTest -->
