<?xml version="1.0" encoding="UTF-8"?>
<!-- Generated by org.testng.reporters.JUnitReportReporter -->
<testsuite hostname="retina.dellroad.org" name="org.jsimpledb.IndexQueryTest" tests="1" failures="0" timestamp="9 Jun 2015 21:39:34 GMT" time="0.046" errors="0">
  <testcase name="testSharedStorageId" time="0.046" classname="org.jsimpledb.IndexQueryTest"/>
</testsuite> <!-- org.jsimpledb.IndexQueryTest -->
