<?xml version="1.0" encoding="UTF-8"?>
<!-- Generated by org.testng.reporters.JUnitReportReporter -->
<testsuite hostname="retina.dellroad.org" name="org.jsimpledb.JObjectCopyTest" tests="2" failures="0" timestamp="17 Feb 2016 20:28:48 GMT" time="0.028" errors="0">
  <testcase name="testCopyMultiplePath" time="0.014" classname="org.jsimpledb.JObjectCopyTest"/>
  <testcase name="testCopyWithPath" time="0.014" classname="org.jsimpledb.JObjectCopyTest"/>
</testsuite> <!-- org.jsimpledb.JObjectCopyTest -->
