<?xml version="1.0" encoding="UTF-8"?>
<!-- Generated by org.testng.reporters.JUnitReportReporter -->
<testsuite hostname="retina.dellroad.org" name="org.jsimpledb.SchemaGenerationTest" tests="2" failures="0" timestamp="17 Feb 2016 20:28:48 GMT" time="0.009" errors="0">
  <testcase name="testSchemaGeneration" time="0.005" classname="org.jsimpledb.SchemaGenerationTest"/>
  <testcase name="testBogusAbstract" time="0.004" classname="org.jsimpledb.SchemaGenerationTest"/>
</testsuite> <!-- org.jsimpledb.SchemaGenerationTest -->
