<?xml version="1.0" encoding="UTF-8"?>
<!-- Generated by org.testng.reporters.JUnitReportReporter -->
<testsuite hostname="retina.dellroad.org" name="org.jsimpledb.ValidateOnUpdateTest" tests="1" failures="0" timestamp="10 Jul 2015 00:45:52 GMT" time="0.011" errors="0">
  <testcase name="testValidateOnUpdate" time="0.011" classname="org.jsimpledb.ValidateOnUpdateTest"/>
</testsuite> <!-- org.jsimpledb.ValidateOnUpdateTest -->
