<?xml version="1.0" encoding="UTF-8"?>
<!-- Generated by org.testng.reporters.JUnitReportReporter -->
<testsuite hostname="retina.dellroad.org" name="org.jsimpledb.core.FieldTypeTest" tests="17" failures="0" timestamp="29 Oct 2015 22:21:56 GMT" time="0.032" errors="0">
  <testcase name="testFieldType" time="0.002" classname="org.jsimpledb.core.FieldTypeTest"/>
  <testcase name="testFieldType" time="0.000" classname="org.jsimpledb.core.FieldTypeTest"/>
  <testcase name="testFieldType" time="0.001" classname="org.jsimpledb.core.FieldTypeTest"/>
  <testcase name="testFieldType" time="0.007" classname="org.jsimpledb.core.FieldTypeTest"/>
  <testcase name="testFieldType" time="0.000" classname="org.jsimpledb.core.FieldTypeTest"/>
  <testcase name="testFieldType" time="0.000" classname="org.jsimpledb.core.FieldTypeTest"/>
  <testcase name="testFieldType" time="0.000" classname="org.jsimpledb.core.FieldTypeTest"/>
  <testcase name="testFieldType" time="0.000" classname="org.jsimpledb.core.FieldTypeTest"/>
  <testcase name="testFieldType" time="0.004" classname="org.jsimpledb.core.FieldTypeTest"/>
  <testcase name="testFieldType" time="0.004" classname="org.jsimpledb.core.FieldTypeTest"/>
  <testcase name="testFieldType" time="0.002" classname="org.jsimpledb.core.FieldTypeTest"/>
  <testcase name="testFieldType" time="0.001" classname="org.jsimpledb.core.FieldTypeTest"/>
  <testcase name="testFieldType" time="0.001" classname="org.jsimpledb.core.FieldTypeTest"/>
  <testcase name="testFieldType" time="0.001" classname="org.jsimpledb.core.FieldTypeTest"/>
  <testcase name="testFieldType" time="0.009" classname="org.jsimpledb.core.FieldTypeTest"/>
  <testcase name="testFieldType" time="0.000" classname="org.jsimpledb.core.FieldTypeTest"/>
  <testcase name="testFieldType" time="0.000" classname="org.jsimpledb.core.FieldTypeTest"/>
</testsuite> <!-- org.jsimpledb.core.FieldTypeTest -->
