<?xml version="1.0" encoding="UTF-8"?>
<!-- Generated by org.testng.reporters.JUnitReportReporter -->
<testsuite hostname="retina.dellroad.org" name="org.jsimpledb.core.FieldTypesFilterTest" tests="1" failures="0" timestamp="29 Oct 2015 22:21:56 GMT" time="0.018" errors="0">
  <testcase name="testFieldTypesFilter" time="0.018" classname="org.jsimpledb.core.FieldTypesFilterTest"/>
</testsuite> <!-- org.jsimpledb.core.FieldTypesFilterTest -->
