<?xml version="1.0" encoding="UTF-8"?>
<!-- Generated by org.testng.reporters.JUnitReportReporter -->
<testsuite hostname="retina.dellroad.org" name="org.jsimpledb.ValidateOnUpdateTest" tests="1" failures="0" timestamp="17 Feb 2016 20:28:48 GMT" time="0.012" errors="0">
  <testcase name="testValidateOnUpdate" time="0.012" classname="org.jsimpledb.ValidateOnUpdateTest"/>
</testsuite> <!-- org.jsimpledb.ValidateOnUpdateTest -->
