<?xml version="1.0" encoding="UTF-8"?>
<!-- Generated by org.testng.reporters.JUnitReportReporter -->
<testsuite hostname="retina.dellroad.org" name="org.jsimpledb.core.BasicTest1" tests="6" failures="0" timestamp="17 Jul 2015 03:01:56 GMT" time="0.110" errors="0">
  <testcase name="testPrimitiveArrays" time="0.008" classname="org.jsimpledb.core.BasicTest1"/>
  <testcase name="testMapField" time="0.069" classname="org.jsimpledb.core.BasicTest1"/>
  <testcase name="testSetField" time="0.011" classname="org.jsimpledb.core.BasicTest1"/>
  <testcase name="testPrimitiveFields" time="0.007" classname="org.jsimpledb.core.BasicTest1"/>
  <testcase name="testComplexDelete" time="0.007" classname="org.jsimpledb.core.BasicTest1"/>
  <testcase name="testListField" time="0.008" classname="org.jsimpledb.core.BasicTest1"/>
</testsuite> <!-- org.jsimpledb.core.BasicTest1 -->
