<?xml version="1.0" encoding="UTF-8"?>
<!-- Generated by org.testng.reporters.JUnitReportReporter -->
<testsuite hostname="retina.dellroad.org" name="org.jsimpledb.core.DeleteListenerTest" tests="1" failures="0" timestamp="3 Oct 2015 16:43:51 GMT" time="0.003" errors="0">
  <testcase name="testDeleteListener" time="0.003" classname="org.jsimpledb.core.DeleteListenerTest"/>
</testsuite> <!-- org.jsimpledb.core.DeleteListenerTest -->
