<?xml version="1.0" encoding="UTF-8"?>
<!-- Generated by org.testng.reporters.JUnitReportReporter -->
<testsuite hostname="retina.dellroad.org" name="org.jsimpledb.core.OnDeleteTest" tests="2" failures="0" timestamp="24 Aug 2015 22:16:26 GMT" time="0.133" errors="0">
  <testcase name="testOnDeleteUpdate" time="0.063" classname="org.jsimpledb.core.OnDeleteTest"/>
  <testcase name="testOnDelete" time="0.070" classname="org.jsimpledb.core.OnDeleteTest"/>
</testsuite> <!-- org.jsimpledb.core.OnDeleteTest -->
