<?xml version="1.0" encoding="UTF-8"?>
<!-- Generated by org.testng.reporters.JUnitReportReporter -->
<testsuite hostname="retina.dellroad.org" name="org.jsimpledb.JObjectCopyTest" tests="2" failures="0" timestamp="24 Aug 2015 22:16:26 GMT" time="0.015" errors="0">
  <testcase name="testCopyWithPath" time="0.007" classname="org.jsimpledb.JObjectCopyTest"/>
  <testcase name="testCopyMultiplePath" time="0.008" classname="org.jsimpledb.JObjectCopyTest"/>
</testsuite> <!-- org.jsimpledb.JObjectCopyTest -->
