<?xml version="1.0" encoding="UTF-8"?>
<!-- Generated by org.testng.reporters.JUnitReportReporter -->
<testsuite hostname="retina.dellroad.org" name="org.jsimpledb.CounterTest" tests="1" failures="0" timestamp="9 Jun 2015 21:02:36 GMT" time="0.009" errors="0">
  <testcase name="testCounter" time="0.009" classname="org.jsimpledb.CounterTest"/>
</testsuite> <!-- org.jsimpledb.CounterTest -->
