<?xml version="1.0" encoding="UTF-8"?>
<!-- Generated by org.testng.reporters.JUnitReportReporter -->
<testsuite hostname="retina.dellroad.org" name="org.jsimpledb.InterfaceTest" tests="1" failures="0" timestamp="17 Feb 2016 20:28:48 GMT" time="0.025" errors="0">
  <testcase name="testInterface" time="0.025" classname="org.jsimpledb.InterfaceTest"/>
</testsuite> <!-- org.jsimpledb.InterfaceTest -->
