<?xml version="1.0" encoding="UTF-8"?>
<!-- Generated by org.testng.reporters.JUnitReportReporter -->
<testsuite hostname="retina.dellroad.org" name="org.jsimpledb.SnapshotTest" tests="4" failures="0" timestamp="29 Oct 2015 22:21:56 GMT" time="0.072" errors="0">
  <testcase name="testDanglingReference" time="0.012" classname="org.jsimpledb.SnapshotTest"/>
  <testcase name="testSnapshot1" time="0.036" classname="org.jsimpledb.SnapshotTest"/>
  <testcase name="testSnapshotInvalid" time="0.012" classname="org.jsimpledb.SnapshotTest"/>
  <testcase name="testCopyRelated" time="0.012" classname="org.jsimpledb.SnapshotTest"/>
</testsuite> <!-- org.jsimpledb.SnapshotTest -->
