<?xml version="1.0" encoding="UTF-8"?>
<!-- Generated by org.testng.reporters.JUnitReportReporter -->
<testsuite hostname="retina.dellroad.org" name="org.jsimpledb.core.IndexTest1" tests="3" failures="0" timestamp="17 Feb 2016 20:28:48 GMT" time="1.035" errors="0">
  <testcase name="testComplexFieldIndexes" time="0.560" classname="org.jsimpledb.core.IndexTest1"/>
  <testcase name="testArrayFieldIndexes" time="0.203" classname="org.jsimpledb.core.IndexTest1"/>
  <testcase name="testSimpleFieldIndexes" time="0.272" classname="org.jsimpledb.core.IndexTest1"/>
</testsuite> <!-- org.jsimpledb.core.IndexTest1 -->
