<?xml version="1.0" encoding="UTF-8"?>
<!-- Generated by org.testng.reporters.JUnitReportReporter -->
<testsuite hostname="retina.dellroad.org" name="org.jsimpledb.core.OnDeleteTest" tests="2" failures="0" timestamp="9 Jun 2015 21:39:34 GMT" time="0.131" errors="0">
  <testcase name="testOnDelete" time="0.069" classname="org.jsimpledb.core.OnDeleteTest"/>
  <testcase name="testOnDeleteUpdate" time="0.062" classname="org.jsimpledb.core.OnDeleteTest"/>
</testsuite> <!-- org.jsimpledb.core.OnDeleteTest -->
