<?xml version="1.0" encoding="UTF-8"?>
<!-- Generated by org.testng.reporters.JUnitReportReporter -->
<testsuite hostname="retina.dellroad.org" name="org.jsimpledb.kv.array.ArrayKVStoreTest" tests="1" failures="0" timestamp="17 Feb 2016 20:28:48 GMT" time="1.222" errors="0">
  <testcase name="testArrayKVStore" time="1.222" classname="org.jsimpledb.kv.array.ArrayKVStoreTest"/>
</testsuite> <!-- org.jsimpledb.kv.array.ArrayKVStoreTest -->
