<?xml version="1.0" encoding="UTF-8"?>
<!-- Generated by org.testng.reporters.JUnitReportReporter -->
<testsuite hostname="retina.dellroad.org" name="org.jsimpledb.core.DroppedTypeTest" tests="1" failures="0" timestamp="29 Oct 2015 22:21:56 GMT" time="0.005" errors="0">
  <testcase name="testDroppedType" time="0.005" classname="org.jsimpledb.core.DroppedTypeTest"/>
</testsuite> <!-- org.jsimpledb.core.DroppedTypeTest -->
