<?xml version="1.0" encoding="UTF-8"?>
<!-- Generated by org.testng.reporters.JUnitReportReporter -->
<testsuite hostname="retina.dellroad.org" name="org.jsimpledb.kv.simple.SimpleLockTest" tests="1" failures="0" timestamp="19 Nov 2015 23:06:58 GMT" time="0.163" errors="0">
  <testcase name="testSimpleLock" time="0.163" classname="org.jsimpledb.kv.simple.SimpleLockTest"/>
</testsuite> <!-- org.jsimpledb.kv.simple.SimpleLockTest -->
