<?xml version="1.0" encoding="UTF-8"?>
<!-- Generated by org.testng.reporters.JUnitReportReporter -->
<testsuite hostname="retina.dellroad.org" name="org.jsimpledb.OnChangeTest" tests="2" failures="0" timestamp="5 Jun 2015 22:12:11 GMT" time="0.086" errors="0">
  <testcase name="testColorChange" time="0.009" classname="org.jsimpledb.OnChangeTest"/>
  <testcase name="testSimpleFieldChange" time="0.077" classname="org.jsimpledb.OnChangeTest"/>
</testsuite> <!-- org.jsimpledb.OnChangeTest -->
