<?xml version="1.0" encoding="UTF-8"?>
<!-- Generated by org.testng.reporters.JUnitReportReporter -->
<testsuite hostname="retina.dellroad.org" name="org.jsimpledb.kv.util.KeyListEncoderTest" tests="1" failures="0" timestamp="17 Feb 2016 20:28:48 GMT" time="0.487" errors="0">
  <testcase name="testEncodeDecode" time="0.487" classname="org.jsimpledb.kv.util.KeyListEncoderTest"/>
</testsuite> <!-- org.jsimpledb.kv.util.KeyListEncoderTest -->
