<?xml version="1.0" encoding="UTF-8"?>
<!-- Generated by org.testng.reporters.JUnitReportReporter -->
<testsuite hostname="retina.dellroad.org" name="org.jsimpledb.ValidationTest" tests="8" failures="0" timestamp="19 Nov 2015 23:06:58 GMT" time="0.120" errors="0">
  <testcase name="testNameThing1" time="0.011" classname="org.jsimpledb.ValidationTest"/>
  <testcase name="testValidationOnCreate" time="0.016" classname="org.jsimpledb.ValidationTest"/>
  <testcase name="testNameThing2" time="0.013" classname="org.jsimpledb.ValidationTest"/>
  <testcase name="testNameThing3" time="0.016" classname="org.jsimpledb.ValidationTest"/>
  <testcase name="testNameThing6" time="0.015" classname="org.jsimpledb.ValidationTest"/>
  <testcase name="testNameThing5" time="0.013" classname="org.jsimpledb.ValidationTest"/>
  <testcase name="testValidation" time="0.023" classname="org.jsimpledb.ValidationTest"/>
  <testcase name="testNameThing4" time="0.013" classname="org.jsimpledb.ValidationTest"/>
</testsuite> <!-- org.jsimpledb.ValidationTest -->
