<?xml version="1.0" encoding="UTF-8"?>
<!-- Generated by org.testng.reporters.JUnitReportReporter -->
<testsuite hostname="retina.dellroad.org" name="org.jsimpledb.core.FieldTypesFilterTest" tests="1" failures="0" timestamp="24 Aug 2015 22:16:26 GMT" time="0.014" errors="0">
  <testcase name="testFieldTypesFilter" time="0.014" classname="org.jsimpledb.core.FieldTypesFilterTest"/>
</testsuite> <!-- org.jsimpledb.core.FieldTypesFilterTest -->
