<?xml version="1.0" encoding="UTF-8"?>
<!-- Generated by org.testng.reporters.JUnitReportReporter -->
<testsuite hostname="retina.dellroad.org" name="org.jsimpledb.kv.mvcc.AtomicKVStoreTest" tests="4" failures="0" timestamp="9 Jun 2015 21:02:36 GMT" time="81.667" errors="0">
  <testcase name="testAtomicKVStore" time="8.847" classname="org.jsimpledb.kv.mvcc.AtomicKVStoreTest"/>
  <testcase name="testAtomicKVStore" time="7.366" classname="org.jsimpledb.kv.mvcc.AtomicKVStoreTest"/>
  <testcase name="testAtomicKVStore" time="5.513" classname="org.jsimpledb.kv.mvcc.AtomicKVStoreTest"/>
  <testcase name="testAtomicKVStore" time="59.941" classname="org.jsimpledb.kv.mvcc.AtomicKVStoreTest"/>
</testsuite> <!-- org.jsimpledb.kv.mvcc.AtomicKVStoreTest -->
