<?xml version="1.0" encoding="UTF-8"?>
<!-- Generated by org.testng.reporters.JUnitReportReporter -->
<testsuite hostname="retina.dellroad.org" name="org.jsimpledb.ValidationGroupTest" tests="1" failures="0" timestamp="19 Nov 2015 23:06:58 GMT" time="0.023" errors="0">
  <testcase name="testValidationGroups" time="0.023" classname="org.jsimpledb.ValidationGroupTest"/>
</testsuite> <!-- org.jsimpledb.ValidationGroupTest -->
