<?xml version="1.0" encoding="UTF-8"?>
<!-- Generated by org.testng.reporters.JUnitReportReporter -->
<testsuite hostname="retina.dellroad.org" name="org.jsimpledb.util.ObjIdSetTest" tests="1" failures="0" timestamp="3 Oct 2015 16:43:51 GMT" time="0.273" errors="0">
  <testcase name="testObjIdSet" time="0.273" classname="org.jsimpledb.util.ObjIdSetTest"/>
</testsuite> <!-- org.jsimpledb.util.ObjIdSetTest -->
