<?xml version="1.0" encoding="UTF-8"?>
<!-- Generated by org.testng.reporters.JUnitReportReporter -->
<testsuite hostname="retina.dellroad.org" name="org.jsimpledb.util.ObjIdSetTest" tests="1" failures="0" timestamp="5 Jun 2015 22:12:11 GMT" time="0.317" errors="0">
  <testcase name="testObjIdSet" time="0.317" classname="org.jsimpledb.util.ObjIdSetTest"/>
</testsuite> <!-- org.jsimpledb.util.ObjIdSetTest -->
