<?xml version="1.0" encoding="UTF-8"?>
<!-- Generated by org.testng.reporters.JUnitReportReporter -->
<testsuite hostname="retina.dellroad.org" name="org.jsimpledb.core.OnDeleteTest" tests="2" failures="0" timestamp="17 Jul 2015 03:01:56 GMT" time="0.123" errors="0">
  <testcase name="testOnDeleteUpdate" time="0.061" classname="org.jsimpledb.core.OnDeleteTest"/>
  <testcase name="testOnDelete" time="0.062" classname="org.jsimpledb.core.OnDeleteTest"/>
</testsuite> <!-- org.jsimpledb.core.OnDeleteTest -->
