<?xml version="1.0" encoding="UTF-8"?>
<!-- Generated by org.testng.reporters.JUnitReportReporter -->
<testsuite hostname="retina.dellroad.org" name="org.jsimpledb.core.OnDeleteTest" tests="2" failures="0" timestamp="19 Nov 2015 23:06:58 GMT" time="0.202" errors="0">
  <testcase name="testOnDelete" time="0.079" classname="org.jsimpledb.core.OnDeleteTest"/>
  <testcase name="testOnDeleteUpdate" time="0.123" classname="org.jsimpledb.core.OnDeleteTest"/>
</testsuite> <!-- org.jsimpledb.core.OnDeleteTest -->
