<?xml version="1.0" encoding="UTF-8"?>
<!-- Generated by org.testng.reporters.JUnitReportReporter -->
<testsuite hostname="retina.dellroad.org" name="org.jsimpledb.core.DeletedAccessTest" tests="1" failures="0" timestamp="5 Jun 2015 22:12:11 GMT" time="0.004" errors="0">
  <testcase name="testDeletedAccess" time="0.004" classname="org.jsimpledb.core.DeletedAccessTest"/>
</testsuite> <!-- org.jsimpledb.core.DeletedAccessTest -->
