<?xml version="1.0" encoding="UTF-8"?>
<!-- Generated by org.testng.reporters.JUnitReportReporter -->
<testsuite hostname="retina.dellroad.org" name="org.jsimpledb.JObjectCopyTest" tests="2" failures="0" timestamp="10 Jul 2015 00:45:52 GMT" time="0.018" errors="0">
  <testcase name="testCopyMultiplePath" time="0.009" classname="org.jsimpledb.JObjectCopyTest"/>
  <testcase name="testCopyWithPath" time="0.009" classname="org.jsimpledb.JObjectCopyTest"/>
</testsuite> <!-- org.jsimpledb.JObjectCopyTest -->
