<?xml version="1.0" encoding="UTF-8"?>
<!-- Generated by org.testng.reporters.JUnitReportReporter -->
<testsuite hostname="retina.dellroad.org" name="org.jsimpledb.kv.mvcc.AtomicKVStoreTest" tests="4" failures="0" timestamp="5 Jun 2015 22:12:11 GMT" time="78.248" errors="0">
  <testcase name="testAtomicKVStore" time="58.248" classname="org.jsimpledb.kv.mvcc.AtomicKVStoreTest"/>
  <testcase name="testAtomicKVStore" time="7.000" classname="org.jsimpledb.kv.mvcc.AtomicKVStoreTest"/>
  <testcase name="testAtomicKVStore" time="7.960" classname="org.jsimpledb.kv.mvcc.AtomicKVStoreTest"/>
  <testcase name="testAtomicKVStore" time="5.040" classname="org.jsimpledb.kv.mvcc.AtomicKVStoreTest"/>
</testsuite> <!-- org.jsimpledb.kv.mvcc.AtomicKVStoreTest -->
