<?xml version="1.0" encoding="UTF-8"?>
<!-- Generated by org.testng.reporters.JUnitReportReporter -->
<testsuite hostname="retina.dellroad.org" name="org.jsimpledb.core.FieldTypesFilterTest" tests="1" failures="0" timestamp="9 Jun 2015 21:02:36 GMT" time="0.019" errors="0">
  <testcase name="testFieldTypesFilter" time="0.019" classname="org.jsimpledb.core.FieldTypesFilterTest"/>
</testsuite> <!-- org.jsimpledb.core.FieldTypesFilterTest -->
