<?xml version="1.0" encoding="UTF-8"?>
<!-- Generated by org.testng.reporters.JUnitReportReporter -->
<testsuite hostname="retina.dellroad.org" name="org.jsimpledb.GenericsFunTest" tests="5" failures="0" timestamp="10 Jul 2015 00:45:52 GMT" time="0.064" errors="0">
  <testcase name="testGenerics1" time="0.010" classname="org.jsimpledb.GenericsFunTest"/>
  <testcase name="testGenerics2" time="0.018" classname="org.jsimpledb.GenericsFunTest"/>
  <testcase name="testGenerics5" time="0.013" classname="org.jsimpledb.GenericsFunTest"/>
  <testcase name="testGenerics4" time="0.011" classname="org.jsimpledb.GenericsFunTest"/>
  <testcase name="testGenerics3" time="0.012" classname="org.jsimpledb.GenericsFunTest"/>
</testsuite> <!-- org.jsimpledb.GenericsFunTest -->
