<?xml version="1.0" encoding="UTF-8"?>
<!-- Generated by org.testng.reporters.JUnitReportReporter -->
<testsuite hostname="retina.dellroad.org" name="org.jsimpledb.TypeSafetyTest3" tests="1" failures="0" timestamp="9 Jun 2015 21:02:36 GMT" time="0.037" errors="0">
  <testcase name="testTypeSafety3" time="0.037" classname="org.jsimpledb.TypeSafetyTest3"/>
</testsuite> <!-- org.jsimpledb.TypeSafetyTest3 -->
