<?xml version="1.0" encoding="UTF-8"?>
<!-- Generated by org.testng.reporters.JUnitReportReporter -->
<testsuite hostname="retina.dellroad.org" name="org.jsimpledb.OnCreateTest" tests="2" failures="0" timestamp="9 Jun 2015 21:39:34 GMT" time="0.015" errors="0">
  <testcase name="testOnCreate2" time="0.009" classname="org.jsimpledb.OnCreateTest"/>
  <testcase name="testOnCreate1" time="0.006" classname="org.jsimpledb.OnCreateTest"/>
</testsuite> <!-- org.jsimpledb.OnCreateTest -->
