<?xml version="1.0" encoding="UTF-8"?>
<!-- Generated by org.testng.reporters.JUnitReportReporter -->
<testsuite hostname="retina.dellroad.org" name="org.jsimpledb.core.BasicTest1" tests="6" failures="0" timestamp="19 Nov 2015 23:06:58 GMT" time="0.174" errors="0">
  <testcase name="testComplexDelete" time="0.005" classname="org.jsimpledb.core.BasicTest1"/>
  <testcase name="testPrimitiveArrays" time="0.012" classname="org.jsimpledb.core.BasicTest1"/>
  <testcase name="testSetField" time="0.017" classname="org.jsimpledb.core.BasicTest1"/>
  <testcase name="testMapField" time="0.117" classname="org.jsimpledb.core.BasicTest1"/>
  <testcase name="testPrimitiveFields" time="0.016" classname="org.jsimpledb.core.BasicTest1"/>
  <testcase name="testListField" time="0.007" classname="org.jsimpledb.core.BasicTest1"/>
</testsuite> <!-- org.jsimpledb.core.BasicTest1 -->
