<?xml version="1.0" encoding="UTF-8"?>
<!-- Generated by org.testng.reporters.JUnitReportReporter -->
<testsuite hostname="retina.dellroad.org" name="org.jsimpledb.kv.mvcc.MutableViewTest" tests="22" failures="0" timestamp="9 Jun 2015 21:02:36 GMT" time="0.007" errors="0">
  <testcase name="testConflict" time="0.000" classname="org.jsimpledb.kv.mvcc.MutableViewTest"/>
  <testcase name="testConflict" time="0.001" classname="org.jsimpledb.kv.mvcc.MutableViewTest"/>
  <testcase name="testConflict" time="0.001" classname="org.jsimpledb.kv.mvcc.MutableViewTest"/>
  <testcase name="testConflict" time="0.000" classname="org.jsimpledb.kv.mvcc.MutableViewTest"/>
  <testcase name="testConflict" time="0.000" classname="org.jsimpledb.kv.mvcc.MutableViewTest"/>
  <testcase name="testConflict" time="0.000" classname="org.jsimpledb.kv.mvcc.MutableViewTest"/>
  <testcase name="testConflict" time="0.000" classname="org.jsimpledb.kv.mvcc.MutableViewTest"/>
  <testcase name="testConflict" time="0.001" classname="org.jsimpledb.kv.mvcc.MutableViewTest"/>
  <testcase name="testConflict" time="0.000" classname="org.jsimpledb.kv.mvcc.MutableViewTest"/>
  <testcase name="testConflict" time="0.000" classname="org.jsimpledb.kv.mvcc.MutableViewTest"/>
  <testcase name="testConflict" time="0.000" classname="org.jsimpledb.kv.mvcc.MutableViewTest"/>
  <testcase name="testConflict" time="0.001" classname="org.jsimpledb.kv.mvcc.MutableViewTest"/>
  <testcase name="testConflict" time="0.000" classname="org.jsimpledb.kv.mvcc.MutableViewTest"/>
  <testcase name="testConflict" time="0.001" classname="org.jsimpledb.kv.mvcc.MutableViewTest"/>
  <testcase name="testConflict" time="0.000" classname="org.jsimpledb.kv.mvcc.MutableViewTest"/>
  <testcase name="testConflict" time="0.000" classname="org.jsimpledb.kv.mvcc.MutableViewTest"/>
  <testcase name="testConflict" time="0.001" classname="org.jsimpledb.kv.mvcc.MutableViewTest"/>
  <testcase name="testConflict" time="0.000" classname="org.jsimpledb.kv.mvcc.MutableViewTest"/>
  <testcase name="testConflict" time="0.000" classname="org.jsimpledb.kv.mvcc.MutableViewTest"/>
  <testcase name="testConflict" time="0.000" classname="org.jsimpledb.kv.mvcc.MutableViewTest"/>
  <testcase name="testConflict" time="0.000" classname="org.jsimpledb.kv.mvcc.MutableViewTest"/>
  <testcase name="testConflict" time="0.001" classname="org.jsimpledb.kv.mvcc.MutableViewTest"/>
</testsuite> <!-- org.jsimpledb.kv.mvcc.MutableViewTest -->
