<?xml version="1.0" encoding="UTF-8"?>
<!-- Generated by org.testng.reporters.JUnitReportReporter -->
<testsuite hostname="retina.dellroad.org" name="org.jsimpledb.kv.array.ArrayKVStoreTest" tests="1" failures="0" timestamp="3 Oct 2015 16:43:51 GMT" time="1.060" errors="0">
  <testcase name="testArrayKVStore" time="1.060" classname="org.jsimpledb.kv.array.ArrayKVStoreTest"/>
</testsuite> <!-- org.jsimpledb.kv.array.ArrayKVStoreTest -->
