<?xml version="1.0" encoding="UTF-8"?>
<!-- Generated by org.testng.reporters.JUnitReportReporter -->
<testsuite hostname="retina.dellroad.org" name="org.jsimpledb.util.UnionNavigableSetTest" tests="3" failures="0" timestamp="9 Jun 2015 21:02:36 GMT" time="0.230" errors="0">
  <testcase name="testEmpty2" time="0.001" classname="org.jsimpledb.util.UnionNavigableSetTest"/>
  <testcase name="testRandomUnions" time="0.227" classname="org.jsimpledb.util.UnionNavigableSetTest"/>
  <testcase name="testEmpty1" time="0.002" classname="org.jsimpledb.util.UnionNavigableSetTest"/>
</testsuite> <!-- org.jsimpledb.util.UnionNavigableSetTest -->
