<?xml version="1.0" encoding="UTF-8"?>
<!-- Generated by org.testng.reporters.JUnitReportReporter -->
<testsuite hostname="retina.dellroad.org" name="org.jsimpledb.EnumFieldTest" tests="3" failures="0" timestamp="29 Oct 2015 22:21:56 GMT" time="0.023" errors="0">
  <testcase name="testEnumFieldUpgrade" time="0.017" classname="org.jsimpledb.EnumFieldTest"/>
  <testcase name="testFindEnum" time="0.000" classname="org.jsimpledb.EnumFieldTest"/>
  <testcase name="testEnumConflict" time="0.006" classname="org.jsimpledb.EnumFieldTest"/>
</testsuite> <!-- org.jsimpledb.EnumFieldTest -->
