<?xml version="1.0" encoding="UTF-8"?>
<!-- Generated by org.testng.reporters.JUnitReportReporter -->
<testsuite hostname="retina.dellroad.org" name="org.jsimpledb.OnChangeTest" tests="2" failures="0" timestamp="3 Oct 2015 16:43:51 GMT" time="0.105" errors="0">
  <testcase name="testColorChange" time="0.012" classname="org.jsimpledb.OnChangeTest"/>
  <testcase name="testSimpleFieldChange" time="0.093" classname="org.jsimpledb.OnChangeTest"/>
</testsuite> <!-- org.jsimpledb.OnChangeTest -->
