<?xml version="1.0" encoding="UTF-8"?>
<!-- Generated by org.testng.reporters.JUnitReportReporter -->
<testsuite hostname="retina.dellroad.org" name="org.jsimpledb.parse.expr.ExprParseTest" tests="90" failures="0" timestamp="3 Oct 2015 16:43:51 GMT" time="0.092" errors="0">
  <testcase name="testExprParse" time="0.000" classname="org.jsimpledb.parse.expr.ExprParseTest"/>
  <testcase name="testExprParse" time="0.002" classname="org.jsimpledb.parse.expr.ExprParseTest"/>
  <testcase name="testExprParse" time="0.001" classname="org.jsimpledb.parse.expr.ExprParseTest"/>
  <testcase name="testExprParse" time="0.001" classname="org.jsimpledb.parse.expr.ExprParseTest"/>
  <testcase name="testExprParse" time="0.000" classname="org.jsimpledb.parse.expr.ExprParseTest"/>
  <testcase name="testExprParse" time="0.001" classname="org.jsimpledb.parse.expr.ExprParseTest"/>
  <testcase name="testExprParse" time="0.001" classname="org.jsimpledb.parse.expr.ExprParseTest"/>
  <testcase name="testExprParse" time="0.000" classname="org.jsimpledb.parse.expr.ExprParseTest"/>
  <testcase name="testExprParse" time="0.001" classname="org.jsimpledb.parse.expr.ExprParseTest"/>
  <testcase name="testExprParse" time="0.000" classname="org.jsimpledb.parse.expr.ExprParseTest"/>
  <testcase name="testExprParse" time="0.001" classname="org.jsimpledb.parse.expr.ExprParseTest"/>
  <testcase name="testExprParse" time="0.001" classname="org.jsimpledb.parse.expr.ExprParseTest"/>
  <testcase name="testExprParse" time="0.001" classname="org.jsimpledb.parse.expr.ExprParseTest"/>
  <testcase name="testExprParse" time="0.001" classname="org.jsimpledb.parse.expr.ExprParseTest"/>
  <testcase name="testExprParse" time="0.002" classname="org.jsimpledb.parse.expr.ExprParseTest"/>
  <testcase name="testExprParse" time="0.002" classname="org.jsimpledb.parse.expr.ExprParseTest"/>
  <testcase name="testExprParse" time="0.001" classname="org.jsimpledb.parse.expr.ExprParseTest"/>
  <testcase name="testExprParse" time="0.002" classname="org.jsimpledb.parse.expr.ExprParseTest"/>
  <testcase name="testExprParse" time="0.001" classname="org.jsimpledb.parse.expr.ExprParseTest"/>
  <testcase name="testExprParse" time="0.001" classname="org.jsimpledb.parse.expr.ExprParseTest"/>
  <testcase name="testExprParse" time="0.002" classname="org.jsimpledb.parse.expr.ExprParseTest"/>
  <testcase name="testExprParse" time="0.001" classname="org.jsimpledb.parse.expr.ExprParseTest"/>
  <testcase name="testExprParse" time="0.000" classname="org.jsimpledb.parse.expr.ExprParseTest"/>
  <testcase name="testExprParse" time="0.001" classname="org.jsimpledb.parse.expr.ExprParseTest"/>
  <testcase name="testExprParse" time="0.002" classname="org.jsimpledb.parse.expr.ExprParseTest"/>
  <testcase name="testExprParse" time="0.001" classname="org.jsimpledb.parse.expr.ExprParseTest"/>
  <testcase name="testExprParse" time="0.000" classname="org.jsimpledb.parse.expr.ExprParseTest"/>
  <testcase name="testExprParse" time="0.000" classname="org.jsimpledb.parse.expr.ExprParseTest"/>
  <testcase name="testExprParse" time="0.002" classname="org.jsimpledb.parse.expr.ExprParseTest"/>
  <testcase name="testBeanProperty" time="0.010" classname="org.jsimpledb.parse.expr.ExprParseTest"/>
  <testcase name="testExprParse" time="0.002" classname="org.jsimpledb.parse.expr.ExprParseTest"/>
  <testcase name="testExprParse" time="0.000" classname="org.jsimpledb.parse.expr.ExprParseTest"/>
  <testcase name="testExprParse" time="0.000" classname="org.jsimpledb.parse.expr.ExprParseTest"/>
  <testcase name="testExprParse" time="0.003" classname="org.jsimpledb.parse.expr.ExprParseTest"/>
  <testcase name="testExprParse" time="0.001" classname="org.jsimpledb.parse.expr.ExprParseTest"/>
  <testcase name="testExprParse" time="0.001" classname="org.jsimpledb.parse.expr.ExprParseTest"/>
  <testcase name="testExprParse" time="0.001" classname="org.jsimpledb.parse.expr.ExprParseTest"/>
  <testcase name="testExprParse" time="0.000" classname="org.jsimpledb.parse.expr.ExprParseTest"/>
  <testcase name="testExprParse" time="0.000" classname="org.jsimpledb.parse.expr.ExprParseTest"/>
  <testcase name="testExprParse" time="0.001" classname="org.jsimpledb.parse.expr.ExprParseTest"/>
  <testcase name="testExprParse" time="0.000" classname="org.jsimpledb.parse.expr.ExprParseTest"/>
  <testcase name="testExprParse" time="0.001" classname="org.jsimpledb.parse.expr.ExprParseTest"/>
  <testcase name="testExprParse" time="0.001" classname="org.jsimpledb.parse.expr.ExprParseTest"/>
  <testcase name="testExprParse" time="0.001" classname="org.jsimpledb.parse.expr.ExprParseTest"/>
  <testcase name="testExprParse" time="0.001" classname="org.jsimpledb.parse.expr.ExprParseTest"/>
  <testcase name="testExprParse" time="0.000" classname="org.jsimpledb.parse.expr.ExprParseTest"/>
  <testcase name="testExprParse" time="0.001" classname="org.jsimpledb.parse.expr.ExprParseTest"/>
  <testcase name="testExprParse" time="0.001" classname="org.jsimpledb.parse.expr.ExprParseTest"/>
  <testcase name="testExprParse" time="0.000" classname="org.jsimpledb.parse.expr.ExprParseTest"/>
  <testcase name="testExprParse" time="0.001" classname="org.jsimpledb.parse.expr.ExprParseTest"/>
  <testcase name="testExprParse" time="0.001" classname="org.jsimpledb.parse.expr.ExprParseTest"/>
  <testcase name="testExprParse" time="0.000" classname="org.jsimpledb.parse.expr.ExprParseTest"/>
  <testcase name="testExprParse" time="0.001" classname="org.jsimpledb.parse.expr.ExprParseTest"/>
  <testcase name="testExprParse" time="0.000" classname="org.jsimpledb.parse.expr.ExprParseTest"/>
  <testcase name="testExprParse" time="0.002" classname="org.jsimpledb.parse.expr.ExprParseTest"/>
  <testcase name="testExprParse" time="0.001" classname="org.jsimpledb.parse.expr.ExprParseTest"/>
  <testcase name="testExprParse" time="0.000" classname="org.jsimpledb.parse.expr.ExprParseTest"/>
  <testcase name="testExprParse" time="0.000" classname="org.jsimpledb.parse.expr.ExprParseTest"/>
  <testcase name="testExprParse" time="0.002" classname="org.jsimpledb.parse.expr.ExprParseTest"/>
  <testcase name="testExprParse" time="0.001" classname="org.jsimpledb.parse.expr.ExprParseTest"/>
  <testcase name="testExprParse" time="0.001" classname="org.jsimpledb.parse.expr.ExprParseTest"/>
  <testcase name="testExprParse" time="0.001" classname="org.jsimpledb.parse.expr.ExprParseTest"/>
  <testcase name="testExprParse" time="0.001" classname="org.jsimpledb.parse.expr.ExprParseTest"/>
  <testcase name="testExprParse" time="0.001" classname="org.jsimpledb.parse.expr.ExprParseTest"/>
  <testcase name="testExprParse" time="0.001" classname="org.jsimpledb.parse.expr.ExprParseTest"/>
  <testcase name="testExprParse" time="0.002" classname="org.jsimpledb.parse.expr.ExprParseTest"/>
  <testcase name="testExprParse" time="0.002" classname="org.jsimpledb.parse.expr.ExprParseTest"/>
  <testcase name="testExprParse" time="0.001" classname="org.jsimpledb.parse.expr.ExprParseTest"/>
  <testcase name="testExprParse" time="0.001" classname="org.jsimpledb.parse.expr.ExprParseTest"/>
  <testcase name="testExprParse" time="0.001" classname="org.jsimpledb.parse.expr.ExprParseTest"/>
  <testcase name="testExprParse" time="0.000" classname="org.jsimpledb.parse.expr.ExprParseTest"/>
  <testcase name="testExprParse" time="0.001" classname="org.jsimpledb.parse.expr.ExprParseTest"/>
  <testcase name="testExprParse" time="0.002" classname="org.jsimpledb.parse.expr.ExprParseTest"/>
  <testcase name="testExprParse" time="0.001" classname="org.jsimpledb.parse.expr.ExprParseTest"/>
  <testcase name="testExprParse" time="0.002" classname="org.jsimpledb.parse.expr.ExprParseTest"/>
  <testcase name="testExprParse" time="0.000" classname="org.jsimpledb.parse.expr.ExprParseTest"/>
  <testcase name="testExprParse" time="0.001" classname="org.jsimpledb.parse.expr.ExprParseTest"/>
  <testcase name="testExprParse" time="0.000" classname="org.jsimpledb.parse.expr.ExprParseTest"/>
  <testcase name="testExprParse" time="0.001" classname="org.jsimpledb.parse.expr.ExprParseTest"/>
  <testcase name="testExprParse" time="0.002" classname="org.jsimpledb.parse.expr.ExprParseTest"/>
  <testcase name="testExprParse" time="0.001" classname="org.jsimpledb.parse.expr.ExprParseTest"/>
  <testcase name="testExprParse" time="0.000" classname="org.jsimpledb.parse.expr.ExprParseTest"/>
  <testcase name="testExprParse" time="0.001" classname="org.jsimpledb.parse.expr.ExprParseTest"/>
  <testcase name="testExprParse" time="0.000" classname="org.jsimpledb.parse.expr.ExprParseTest"/>
  <testcase name="testExprParse" time="0.001" classname="org.jsimpledb.parse.expr.ExprParseTest"/>
  <testcase name="testExprParse" time="0.000" classname="org.jsimpledb.parse.expr.ExprParseTest"/>
  <testcase name="testExprParse" time="0.003" classname="org.jsimpledb.parse.expr.ExprParseTest"/>
  <testcase name="testExprParse" time="0.001" classname="org.jsimpledb.parse.expr.ExprParseTest"/>
  <testcase name="testExprParse" time="0.000" classname="org.jsimpledb.parse.expr.ExprParseTest"/>
  <testcase name="testExprParse" time="0.000" classname="org.jsimpledb.parse.expr.ExprParseTest"/>
</testsuite> <!-- org.jsimpledb.parse.expr.ExprParseTest -->
