<?xml version="1.0" encoding="UTF-8"?>
<!-- Generated by org.testng.reporters.JUnitReportReporter -->
<testsuite hostname="retina.dellroad.org" name="org.jsimpledb.ValidationTest" tests="7" failures="0" timestamp="9 Jun 2015 21:39:34 GMT" time="0.116" errors="0">
  <testcase name="testValidation" time="0.043" classname="org.jsimpledb.ValidationTest"/>
  <testcase name="testValidationOnCreate" time="0.011" classname="org.jsimpledb.ValidationTest"/>
  <testcase name="testNameThing3" time="0.017" classname="org.jsimpledb.ValidationTest"/>
  <testcase name="testNameThing4" time="0.013" classname="org.jsimpledb.ValidationTest"/>
  <testcase name="testNameThing5" time="0.010" classname="org.jsimpledb.ValidationTest"/>
  <testcase name="testNameThing2" time="0.011" classname="org.jsimpledb.ValidationTest"/>
  <testcase name="testNameThing1" time="0.011" classname="org.jsimpledb.ValidationTest"/>
</testsuite> <!-- org.jsimpledb.ValidationTest -->
