<?xml version="1.0" encoding="UTF-8"?>
<!-- Generated by org.testng.reporters.JUnitReportReporter -->
<testsuite hostname="retina.dellroad.org" name="org.jsimpledb.kv.util.KeyListEncoderTest" tests="1" failures="0" timestamp="29 Oct 2015 22:21:56 GMT" time="0.496" errors="0">
  <testcase name="testEncodeDecode" time="0.496" classname="org.jsimpledb.kv.util.KeyListEncoderTest"/>
</testsuite> <!-- org.jsimpledb.kv.util.KeyListEncoderTest -->
