<?xml version="1.0" encoding="UTF-8"?>
<!-- Generated by org.testng.reporters.JUnitReportReporter -->
<testsuite hostname="retina.dellroad.org" name="org.jsimpledb.OnChangeTest" tests="2" failures="0" timestamp="29 Oct 2015 22:21:56 GMT" time="0.096" errors="0">
  <testcase name="testColorChange" time="0.011" classname="org.jsimpledb.OnChangeTest"/>
  <testcase name="testSimpleFieldChange" time="0.085" classname="org.jsimpledb.OnChangeTest"/>
</testsuite> <!-- org.jsimpledb.OnChangeTest -->
