<?xml version="1.0" encoding="UTF-8"?>
<!-- Generated by org.testng.reporters.JUnitReportReporter -->
<testsuite hostname="retina.dellroad.org" name="org.jsimpledb.util.ObjIdBiMultiMapTest" tests="1" failures="0" timestamp="17 Jul 2015 03:01:56 GMT" time="0.647" errors="0">
  <testcase name="testObjIdBiMultiMap" time="0.647" classname="org.jsimpledb.util.ObjIdBiMultiMapTest"/>
</testsuite> <!-- org.jsimpledb.util.ObjIdBiMultiMapTest -->
