<?xml version="1.0" encoding="UTF-8"?>
<!-- Generated by org.testng.reporters.JUnitReportReporter -->
<testsuite hostname="retina.dellroad.org" name="org.jsimpledb.StorageIdTest" tests="1" failures="0" timestamp="19 Nov 2015 23:06:58 GMT" time="0.013" errors="0">
  <testcase name="testStorageIds" time="0.013" classname="org.jsimpledb.StorageIdTest"/>
</testsuite> <!-- org.jsimpledb.StorageIdTest -->
