<?xml version="1.0" encoding="UTF-8"?>
<!-- Generated by org.testng.reporters.JUnitReportReporter -->
<testsuite hostname="retina.dellroad.org" name="org.jsimpledb.util.UnionNavigableSetTest" tests="3" failures="0" timestamp="3 Oct 2015 16:43:51 GMT" time="0.207" errors="0">
  <testcase name="testEmpty2" time="0.000" classname="org.jsimpledb.util.UnionNavigableSetTest"/>
  <testcase name="testRandomUnions" time="0.207" classname="org.jsimpledb.util.UnionNavigableSetTest"/>
  <testcase name="testEmpty1" time="0.000" classname="org.jsimpledb.util.UnionNavigableSetTest"/>
</testsuite> <!-- org.jsimpledb.util.UnionNavigableSetTest -->
