<?xml version="1.0" encoding="UTF-8"?>
<!-- Generated by org.testng.reporters.JUnitReportReporter -->
<testsuite hostname="retina.dellroad.org" name="org.jsimpledb.OnVersionChangeTest" tests="1" failures="0" timestamp="17 Jul 2015 03:01:56 GMT" time="0.211" errors="0">
  <testcase name="testOnVersionChange" time="0.211" classname="org.jsimpledb.OnVersionChangeTest"/>
</testsuite> <!-- org.jsimpledb.OnVersionChangeTest -->
