<?xml version="1.0" encoding="UTF-8"?>
<!-- Generated by org.testng.reporters.JUnitReportReporter -->
<testsuite hostname="retina.dellroad.org" name="org.jsimpledb.kv.KeyRangesTest" tests="228" failures="0" timestamp="9 Jun 2015 21:02:36 GMT" time="0.069" errors="0">
  <testcase name="testMinimal" time="0.000" classname="org.jsimpledb.kv.KeyRangesTest"/>
  <testcase name="testKeyRanges" time="0.000" classname="org.jsimpledb.kv.KeyRangesTest"/>
  <testcase name="testAsList" time="0.000" classname="org.jsimpledb.kv.KeyRangesTest"/>
  <testcase name="testKeyRanges" time="0.001" classname="org.jsimpledb.kv.KeyRangesTest"/>
  <testcase name="testKeyRanges" time="0.000" classname="org.jsimpledb.kv.KeyRangesTest"/>
  <testcase name="testKeyRanges" time="0.000" classname="org.jsimpledb.kv.KeyRangesTest"/>
  <testcase name="testKeyRanges" time="0.000" classname="org.jsimpledb.kv.KeyRangesTest"/>
  <testcase name="testKeyRanges" time="0.000" classname="org.jsimpledb.kv.KeyRangesTest"/>
  <testcase name="testKeyRanges" time="0.001" classname="org.jsimpledb.kv.KeyRangesTest"/>
  <testcase name="testKeyRanges" time="0.000" classname="org.jsimpledb.kv.KeyRangesTest"/>
  <testcase name="testKeyRanges" time="0.001" classname="org.jsimpledb.kv.KeyRangesTest"/>
  <testcase name="testKeyRanges" time="0.001" classname="org.jsimpledb.kv.KeyRangesTest"/>
  <testcase name="testKeyRanges" time="0.001" classname="org.jsimpledb.kv.KeyRangesTest"/>
  <testcase name="testKeyRanges" time="0.000" classname="org.jsimpledb.kv.KeyRangesTest"/>
  <testcase name="testAsList" time="0.000" classname="org.jsimpledb.kv.KeyRangesTest"/>
  <testcase name="testKeyRanges" time="0.000" classname="org.jsimpledb.kv.KeyRangesTest"/>
  <testcase name="testKeyRanges" time="0.000" classname="org.jsimpledb.kv.KeyRangesTest"/>
  <testcase name="testKeyRanges" time="0.000" classname="org.jsimpledb.kv.KeyRangesTest"/>
  <testcase name="testKeyRanges" time="0.000" classname="org.jsimpledb.kv.KeyRangesTest"/>
  <testcase name="testKeyRanges" time="0.000" classname="org.jsimpledb.kv.KeyRangesTest"/>
  <testcase name="testKeyRanges" time="0.001" classname="org.jsimpledb.kv.KeyRangesTest"/>
  <testcase name="testKeyRanges" time="0.000" classname="org.jsimpledb.kv.KeyRangesTest"/>
  <testcase name="testMinimal" time="0.000" classname="org.jsimpledb.kv.KeyRangesTest"/>
  <testcase name="testKeyRanges" time="0.000" classname="org.jsimpledb.kv.KeyRangesTest"/>
  <testcase name="testKeyRanges" time="0.001" classname="org.jsimpledb.kv.KeyRangesTest"/>
  <testcase name="testMinimal" time="0.000" classname="org.jsimpledb.kv.KeyRangesTest"/>
  <testcase name="testKeyRanges" time="0.001" classname="org.jsimpledb.kv.KeyRangesTest"/>
  <testcase name="testKeyRanges" time="0.000" classname="org.jsimpledb.kv.KeyRangesTest"/>
  <testcase name="testKeyRanges" time="0.000" classname="org.jsimpledb.kv.KeyRangesTest"/>
  <testcase name="testAsList" time="0.000" classname="org.jsimpledb.kv.KeyRangesTest"/>
  <testcase name="testKeyRanges" time="0.000" classname="org.jsimpledb.kv.KeyRangesTest"/>
  <testcase name="testKeyRanges" time="0.000" classname="org.jsimpledb.kv.KeyRangesTest"/>
  <testcase name="testKeyRanges" time="0.001" classname="org.jsimpledb.kv.KeyRangesTest"/>
  <testcase name="testKeyRanges" time="0.000" classname="org.jsimpledb.kv.KeyRangesTest"/>
  <testcase name="testKeyRanges" time="0.000" classname="org.jsimpledb.kv.KeyRangesTest"/>
  <testcase name="testKeyRanges" time="0.000" classname="org.jsimpledb.kv.KeyRangesTest"/>
  <testcase name="testKeyRanges" time="0.001" classname="org.jsimpledb.kv.KeyRangesTest"/>
  <testcase name="testKeyRanges" time="0.000" classname="org.jsimpledb.kv.KeyRangesTest"/>
  <testcase name="testKeyRanges" time="0.001" classname="org.jsimpledb.kv.KeyRangesTest"/>
  <testcase name="testKeyRanges" time="0.000" classname="org.jsimpledb.kv.KeyRangesTest"/>
  <testcase name="testKeyRanges" time="0.000" classname="org.jsimpledb.kv.KeyRangesTest"/>
  <testcase name="testKeyRanges" time="0.000" classname="org.jsimpledb.kv.KeyRangesTest"/>
  <testcase name="testEmpty" time="0.000" classname="org.jsimpledb.kv.KeyRangesTest"/>
  <testcase name="testKeyRanges" time="0.001" classname="org.jsimpledb.kv.KeyRangesTest"/>
  <testcase name="testKeyRanges" time="0.001" classname="org.jsimpledb.kv.KeyRangesTest"/>
  <testcase name="testKeyRanges" time="0.000" classname="org.jsimpledb.kv.KeyRangesTest"/>
  <testcase name="testKeyRanges" time="0.000" classname="org.jsimpledb.kv.KeyRangesTest"/>
  <testcase name="testKeyRanges" time="0.000" classname="org.jsimpledb.kv.KeyRangesTest"/>
  <testcase name="testMinimal" time="0.001" classname="org.jsimpledb.kv.KeyRangesTest"/>
  <testcase name="testKeyRanges" time="0.001" classname="org.jsimpledb.kv.KeyRangesTest"/>
  <testcase name="testKeyRanges" time="0.001" classname="org.jsimpledb.kv.KeyRangesTest"/>
  <testcase name="testKeyRanges" time="0.000" classname="org.jsimpledb.kv.KeyRangesTest"/>
  <testcase name="testKeyRanges" time="0.000" classname="org.jsimpledb.kv.KeyRangesTest"/>
  <testcase name="testKeyRanges" time="0.000" classname="org.jsimpledb.kv.KeyRangesTest"/>
  <testcase name="testEmpty" time="0.000" classname="org.jsimpledb.kv.KeyRangesTest"/>
  <testcase name="testKeyRanges" time="0.001" classname="org.jsimpledb.kv.KeyRangesTest"/>
  <testcase name="testKeyRanges" time="0.001" classname="org.jsimpledb.kv.KeyRangesTest"/>
  <testcase name="testKeyRanges" time="0.001" classname="org.jsimpledb.kv.KeyRangesTest"/>
  <testcase name="testAsList" time="0.000" classname="org.jsimpledb.kv.KeyRangesTest"/>
  <testcase name="testKeyRanges" time="0.000" classname="org.jsimpledb.kv.KeyRangesTest"/>
  <testcase name="testAsList" time="0.000" classname="org.jsimpledb.kv.KeyRangesTest"/>
  <testcase name="testKeyRanges" time="0.001" classname="org.jsimpledb.kv.KeyRangesTest"/>
  <testcase name="testKeyRanges" time="0.000" classname="org.jsimpledb.kv.KeyRangesTest"/>
  <testcase name="testKeyRanges" time="0.001" classname="org.jsimpledb.kv.KeyRangesTest"/>
  <testcase name="testKeyRanges" time="0.000" classname="org.jsimpledb.kv.KeyRangesTest"/>
  <testcase name="testKeyRanges" time="0.000" classname="org.jsimpledb.kv.KeyRangesTest"/>
  <testcase name="testKeyRanges" time="0.001" classname="org.jsimpledb.kv.KeyRangesTest"/>
  <testcase name="testEmpty" time="0.000" classname="org.jsimpledb.kv.KeyRangesTest"/>
  <testcase name="testKeyRanges" time="0.000" classname="org.jsimpledb.kv.KeyRangesTest"/>
  <testcase name="testKeyRanges" time="0.001" classname="org.jsimpledb.kv.KeyRangesTest"/>
  <testcase name="testKeyRanges" time="0.001" classname="org.jsimpledb.kv.KeyRangesTest"/>
  <testcase name="testKeyRanges" time="0.001" classname="org.jsimpledb.kv.KeyRangesTest"/>
  <testcase name="testKeyRanges" time="0.001" classname="org.jsimpledb.kv.KeyRangesTest"/>
  <testcase name="testKeyRanges" time="0.000" classname="org.jsimpledb.kv.KeyRangesTest"/>
  <testcase name="testKeyRanges" time="0.000" classname="org.jsimpledb.kv.KeyRangesTest"/>
  <testcase name="testKeyRanges" time="0.000" classname="org.jsimpledb.kv.KeyRangesTest"/>
  <testcase name="testKeyRanges" time="0.000" classname="org.jsimpledb.kv.KeyRangesTest"/>
  <testcase name="testKeyRanges" time="0.000" classname="org.jsimpledb.kv.KeyRangesTest"/>
  <testcase name="testKeyRanges" time="0.001" classname="org.jsimpledb.kv.KeyRangesTest"/>
  <testcase name="testKeyRanges" time="0.000" classname="org.jsimpledb.kv.KeyRangesTest"/>
  <testcase name="testKeyRanges" time="0.000" classname="org.jsimpledb.kv.KeyRangesTest"/>
  <testcase name="testKeyRanges" time="0.001" classname="org.jsimpledb.kv.KeyRangesTest"/>
  <testcase name="testKeyRanges" time="0.001" classname="org.jsimpledb.kv.KeyRangesTest"/>
  <testcase name="testKeyRanges" time="0.000" classname="org.jsimpledb.kv.KeyRangesTest"/>
  <testcase name="testKeyRanges" time="0.000" classname="org.jsimpledb.kv.KeyRangesTest"/>
  <testcase name="testKeyRanges" time="0.000" classname="org.jsimpledb.kv.KeyRangesTest"/>
  <testcase name="testMinimal" time="0.000" classname="org.jsimpledb.kv.KeyRangesTest"/>
  <testcase name="testKeyRanges" time="0.001" classname="org.jsimpledb.kv.KeyRangesTest"/>
  <testcase name="testKeyRanges" time="0.001" classname="org.jsimpledb.kv.KeyRangesTest"/>
  <testcase name="testKeyRanges" time="0.000" classname="org.jsimpledb.kv.KeyRangesTest"/>
  <testcase name="testKeyRanges" time="0.000" classname="org.jsimpledb.kv.KeyRangesTest"/>
  <testcase name="testKeyRanges" time="0.001" classname="org.jsimpledb.kv.KeyRangesTest"/>
  <testcase name="testKeyRanges" time="0.000" classname="org.jsimpledb.kv.KeyRangesTest"/>
  <testcase name="testKeyRanges" time="0.000" classname="org.jsimpledb.kv.KeyRangesTest"/>
  <testcase name="testKeyRanges" time="0.000" classname="org.jsimpledb.kv.KeyRangesTest"/>
  <testcase name="testKeyRanges" time="0.000" classname="org.jsimpledb.kv.KeyRangesTest"/>
  <testcase name="testKeyRanges" time="0.001" classname="org.jsimpledb.kv.KeyRangesTest"/>
  <testcase name="testKeyRanges" time="0.001" classname="org.jsimpledb.kv.KeyRangesTest"/>
  <testcase name="testKeyRanges" time="0.000" classname="org.jsimpledb.kv.KeyRangesTest"/>
  <testcase name="testAsList" time="0.000" classname="org.jsimpledb.kv.KeyRangesTest"/>
  <testcase name="testKeyRanges" time="0.000" classname="org.jsimpledb.kv.KeyRangesTest"/>
  <testcase name="testKeyRanges" time="0.000" classname="org.jsimpledb.kv.KeyRangesTest"/>
  <testcase name="testKeyRanges" time="0.000" classname="org.jsimpledb.kv.KeyRangesTest"/>
  <testcase name="testKeyRanges" time="0.000" classname="org.jsimpledb.kv.KeyRangesTest"/>
  <testcase name="testKeyRanges" time="0.000" classname="org.jsimpledb.kv.KeyRangesTest"/>
  <testcase name="testKeyRanges" time="0.000" classname="org.jsimpledb.kv.KeyRangesTest"/>
  <testcase name="testKeyRanges" time="0.001" classname="org.jsimpledb.kv.KeyRangesTest"/>
  <testcase name="testKeyRanges" time="0.001" classname="org.jsimpledb.kv.KeyRangesTest"/>
  <testcase name="testKeyRanges" time="0.000" classname="org.jsimpledb.kv.KeyRangesTest"/>
  <testcase name="testKeyRanges" time="0.000" classname="org.jsimpledb.kv.KeyRangesTest"/>
  <testcase name="testKeyRanges" time="0.001" classname="org.jsimpledb.kv.KeyRangesTest"/>
  <testcase name="testKeyRanges" time="0.000" classname="org.jsimpledb.kv.KeyRangesTest"/>
  <testcase name="testKeyRanges" time="0.000" classname="org.jsimpledb.kv.KeyRangesTest"/>
  <testcase name="testKeyRanges" time="0.000" classname="org.jsimpledb.kv.KeyRangesTest"/>
  <testcase name="testKeyRanges" time="0.000" classname="org.jsimpledb.kv.KeyRangesTest"/>
  <testcase name="testKeyRanges" time="0.000" classname="org.jsimpledb.kv.KeyRangesTest"/>
  <testcase name="testKeyRanges" time="0.000" classname="org.jsimpledb.kv.KeyRangesTest"/>
  <testcase name="testKeyRanges" time="0.001" classname="org.jsimpledb.kv.KeyRangesTest"/>
  <testcase name="testKeyRanges" time="0.000" classname="org.jsimpledb.kv.KeyRangesTest"/>
  <testcase name="testKeyRanges" time="0.000" classname="org.jsimpledb.kv.KeyRangesTest"/>
  <testcase name="testKeyRanges" time="0.000" classname="org.jsimpledb.kv.KeyRangesTest"/>
  <testcase name="testKeyRanges" time="0.000" classname="org.jsimpledb.kv.KeyRangesTest"/>
  <testcase name="testKeyRanges" time="0.000" classname="org.jsimpledb.kv.KeyRangesTest"/>
  <testcase name="testKeyRanges" time="0.000" classname="org.jsimpledb.kv.KeyRangesTest"/>
  <testcase name="testKeyRanges" time="0.000" classname="org.jsimpledb.kv.KeyRangesTest"/>
  <testcase name="testKeyRanges" time="0.000" classname="org.jsimpledb.kv.KeyRangesTest"/>
  <testcase name="testAsList" time="0.000" classname="org.jsimpledb.kv.KeyRangesTest"/>
  <testcase name="testKeyRanges" time="0.001" classname="org.jsimpledb.kv.KeyRangesTest"/>
  <testcase name="testKeyRanges" time="0.001" classname="org.jsimpledb.kv.KeyRangesTest"/>
  <testcase name="testKeyRanges" time="0.001" classname="org.jsimpledb.kv.KeyRangesTest"/>
  <testcase name="testKeyRanges" time="0.001" classname="org.jsimpledb.kv.KeyRangesTest"/>
  <testcase name="testMinimal" time="0.000" classname="org.jsimpledb.kv.KeyRangesTest"/>
  <testcase name="testKeyRanges" time="0.000" classname="org.jsimpledb.kv.KeyRangesTest"/>
  <testcase name="testKeyRanges" time="0.000" classname="org.jsimpledb.kv.KeyRangesTest"/>
  <testcase name="testKeyRanges" time="0.000" classname="org.jsimpledb.kv.KeyRangesTest"/>
  <testcase name="testMinimal" time="0.000" classname="org.jsimpledb.kv.KeyRangesTest"/>
  <testcase name="testKeyRanges" time="0.000" classname="org.jsimpledb.kv.KeyRangesTest"/>
  <testcase name="testKeyRanges" time="0.000" classname="org.jsimpledb.kv.KeyRangesTest"/>
  <testcase name="testKeyRanges" time="0.000" classname="org.jsimpledb.kv.KeyRangesTest"/>
  <testcase name="testKeyRanges" time="0.001" classname="org.jsimpledb.kv.KeyRangesTest"/>
  <testcase name="testKeyRanges" time="0.001" classname="org.jsimpledb.kv.KeyRangesTest"/>
  <testcase name="testMinimal" time="0.000" classname="org.jsimpledb.kv.KeyRangesTest"/>
  <testcase name="testKeyRanges" time="0.001" classname="org.jsimpledb.kv.KeyRangesTest"/>
  <testcase name="testAsList" time="0.000" classname="org.jsimpledb.kv.KeyRangesTest"/>
  <testcase name="testKeyRanges" time="0.000" classname="org.jsimpledb.kv.KeyRangesTest"/>
  <testcase name="testKeyRanges" time="0.001" classname="org.jsimpledb.kv.KeyRangesTest"/>
  <testcase name="testKeyRanges" time="0.000" classname="org.jsimpledb.kv.KeyRangesTest"/>
  <testcase name="testKeyRanges" time="0.001" classname="org.jsimpledb.kv.KeyRangesTest"/>
  <testcase name="testKeyRanges" time="0.001" classname="org.jsimpledb.kv.KeyRangesTest"/>
  <testcase name="testKeyRanges" time="0.000" classname="org.jsimpledb.kv.KeyRangesTest"/>
  <testcase name="testKeyRanges" time="0.000" classname="org.jsimpledb.kv.KeyRangesTest"/>
  <testcase name="testAsList" time="0.000" classname="org.jsimpledb.kv.KeyRangesTest"/>
  <testcase name="testKeyRanges" time="0.000" classname="org.jsimpledb.kv.KeyRangesTest"/>
  <testcase name="testKeyRanges" time="0.000" classname="org.jsimpledb.kv.KeyRangesTest"/>
  <testcase name="testKeyRanges" time="0.001" classname="org.jsimpledb.kv.KeyRangesTest"/>
  <testcase name="testKeyRanges" time="0.001" classname="org.jsimpledb.kv.KeyRangesTest"/>
  <testcase name="testKeyRanges" time="0.000" classname="org.jsimpledb.kv.KeyRangesTest"/>
  <testcase name="testKeyRanges" time="0.000" classname="org.jsimpledb.kv.KeyRangesTest"/>
  <testcase name="testKeyRanges" time="0.001" classname="org.jsimpledb.kv.KeyRangesTest"/>
  <testcase name="testKeyRanges" time="0.001" classname="org.jsimpledb.kv.KeyRangesTest"/>
  <testcase name="testKeyRanges" time="0.000" classname="org.jsimpledb.kv.KeyRangesTest"/>
  <testcase name="testMinimal" time="0.000" classname="org.jsimpledb.kv.KeyRangesTest"/>
  <testcase name="testKeyRanges" time="0.001" classname="org.jsimpledb.kv.KeyRangesTest"/>
  <testcase name="testKeyRanges" time="0.000" classname="org.jsimpledb.kv.KeyRangesTest"/>
  <testcase name="testKeyRanges" time="0.000" classname="org.jsimpledb.kv.KeyRangesTest"/>
  <testcase name="testKeyRanges" time="0.000" classname="org.jsimpledb.kv.KeyRangesTest"/>
  <testcase name="testKeyRanges" time="0.001" classname="org.jsimpledb.kv.KeyRangesTest"/>
  <testcase name="testKeyRanges" time="0.000" classname="org.jsimpledb.kv.KeyRangesTest"/>
  <testcase name="testKeyRanges" time="0.000" classname="org.jsimpledb.kv.KeyRangesTest"/>
  <testcase name="testKeyRanges" time="0.000" classname="org.jsimpledb.kv.KeyRangesTest"/>
  <testcase name="testKeyRanges" time="0.000" classname="org.jsimpledb.kv.KeyRangesTest"/>
  <testcase name="testKeyRanges" time="0.001" classname="org.jsimpledb.kv.KeyRangesTest"/>
  <testcase name="testKeyRanges" time="0.000" classname="org.jsimpledb.kv.KeyRangesTest"/>
  <testcase name="testKeyRanges" time="0.001" classname="org.jsimpledb.kv.KeyRangesTest"/>
  <testcase name="testKeyRanges" time="0.000" classname="org.jsimpledb.kv.KeyRangesTest"/>
  <testcase name="testKeyRanges" time="0.000" classname="org.jsimpledb.kv.KeyRangesTest"/>
  <testcase name="testKeyRanges" time="0.001" classname="org.jsimpledb.kv.KeyRangesTest"/>
  <testcase name="testKeyRanges" time="0.000" classname="org.jsimpledb.kv.KeyRangesTest"/>
  <testcase name="testAsList" time="0.000" classname="org.jsimpledb.kv.KeyRangesTest"/>
  <testcase name="testKeyRanges" time="0.001" classname="org.jsimpledb.kv.KeyRangesTest"/>
  <testcase name="testKeyRanges" time="0.001" classname="org.jsimpledb.kv.KeyRangesTest"/>
  <testcase name="testKeyRanges" time="0.000" classname="org.jsimpledb.kv.KeyRangesTest"/>
  <testcase name="testKeyRanges" time="0.000" classname="org.jsimpledb.kv.KeyRangesTest"/>
  <testcase name="testKeyRanges" time="0.000" classname="org.jsimpledb.kv.KeyRangesTest"/>
  <testcase name="testKeyRanges" time="0.000" classname="org.jsimpledb.kv.KeyRangesTest"/>
  <testcase name="testKeyRanges" time="0.000" classname="org.jsimpledb.kv.KeyRangesTest"/>
  <testcase name="testKeyRanges" time="0.000" classname="org.jsimpledb.kv.KeyRangesTest"/>
  <testcase name="testKeyRanges" time="0.000" classname="org.jsimpledb.kv.KeyRangesTest"/>
  <testcase name="testKeyRanges" time="0.000" classname="org.jsimpledb.kv.KeyRangesTest"/>
  <testcase name="testKeyRanges" time="0.000" classname="org.jsimpledb.kv.KeyRangesTest"/>
  <testcase name="testKeyRanges" time="0.000" classname="org.jsimpledb.kv.KeyRangesTest"/>
  <testcase name="testKeyRanges" time="0.001" classname="org.jsimpledb.kv.KeyRangesTest"/>
  <testcase name="testMinimal" time="0.000" classname="org.jsimpledb.kv.KeyRangesTest"/>
  <testcase name="testKeyRanges" time="0.000" classname="org.jsimpledb.kv.KeyRangesTest"/>
  <testcase name="testKeyRanges" time="0.000" classname="org.jsimpledb.kv.KeyRangesTest"/>
  <testcase name="testKeyRanges" time="0.001" classname="org.jsimpledb.kv.KeyRangesTest"/>
  <testcase name="testKeyRanges" time="0.001" classname="org.jsimpledb.kv.KeyRangesTest"/>
  <testcase name="testKeyRanges" time="0.000" classname="org.jsimpledb.kv.KeyRangesTest"/>
  <testcase name="testKeyRanges" time="0.000" classname="org.jsimpledb.kv.KeyRangesTest"/>
  <testcase name="testKeyRanges" time="0.000" classname="org.jsimpledb.kv.KeyRangesTest"/>
  <testcase name="testKeyRanges" time="0.001" classname="org.jsimpledb.kv.KeyRangesTest"/>
  <testcase name="testKeyRanges" time="0.001" classname="org.jsimpledb.kv.KeyRangesTest"/>
  <testcase name="testEmpty" time="0.000" classname="org.jsimpledb.kv.KeyRangesTest"/>
  <testcase name="testKeyRanges" time="0.000" classname="org.jsimpledb.kv.KeyRangesTest"/>
  <testcase name="testKeyRanges" time="0.000" classname="org.jsimpledb.kv.KeyRangesTest"/>
  <testcase name="testKeyRanges" time="0.000" classname="org.jsimpledb.kv.KeyRangesTest"/>
  <testcase name="testKeyRanges" time="0.000" classname="org.jsimpledb.kv.KeyRangesTest"/>
  <testcase name="testKeyRanges" time="0.000" classname="org.jsimpledb.kv.KeyRangesTest"/>
  <testcase name="testAsList" time="0.000" classname="org.jsimpledb.kv.KeyRangesTest"/>
  <testcase name="testKeyRanges" time="0.000" classname="org.jsimpledb.kv.KeyRangesTest"/>
  <testcase name="testKeyRanges" time="0.000" classname="org.jsimpledb.kv.KeyRangesTest"/>
  <testcase name="testKeyRanges" time="0.001" classname="org.jsimpledb.kv.KeyRangesTest"/>
  <testcase name="testKeyRanges" time="0.000" classname="org.jsimpledb.kv.KeyRangesTest"/>
  <testcase name="testKeyRanges" time="0.000" classname="org.jsimpledb.kv.KeyRangesTest"/>
  <testcase name="testKeyRanges" time="0.001" classname="org.jsimpledb.kv.KeyRangesTest"/>
  <testcase name="testKeyRanges" time="0.000" classname="org.jsimpledb.kv.KeyRangesTest"/>
  <testcase name="testKeyRanges" time="0.000" classname="org.jsimpledb.kv.KeyRangesTest"/>
  <testcase name="testAsList" time="0.000" classname="org.jsimpledb.kv.KeyRangesTest"/>
  <testcase name="testKeyRanges" time="0.001" classname="org.jsimpledb.kv.KeyRangesTest"/>
  <testcase name="testKeyRanges" time="0.000" classname="org.jsimpledb.kv.KeyRangesTest"/>
  <testcase name="testMinimal" time="0.000" classname="org.jsimpledb.kv.KeyRangesTest"/>
  <testcase name="testMinimal" time="0.000" classname="org.jsimpledb.kv.KeyRangesTest"/>
  <testcase name="testKeyRanges" time="0.000" classname="org.jsimpledb.kv.KeyRangesTest"/>
  <testcase name="testKeyRanges" time="0.000" classname="org.jsimpledb.kv.KeyRangesTest"/>
  <testcase name="testKeyRanges" time="0.000" classname="org.jsimpledb.kv.KeyRangesTest"/>
  <testcase name="testKeyRanges" time="0.001" classname="org.jsimpledb.kv.KeyRangesTest"/>
  <testcase name="testKeyRanges" time="0.000" classname="org.jsimpledb.kv.KeyRangesTest"/>
  <testcase name="testKeyRanges" time="0.001" classname="org.jsimpledb.kv.KeyRangesTest"/>
</testsuite> <!-- org.jsimpledb.kv.KeyRangesTest -->
