<?xml version="1.0" encoding="UTF-8"?>
<!-- Generated by org.testng.reporters.JUnitReportReporter -->
<testsuite hostname="retina.dellroad.org" name="org.jsimpledb.ValidateOnUpdateTest" tests="1" failures="0" timestamp="5 Jun 2015 22:12:11 GMT" time="0.021" errors="0">
  <testcase name="testValidateOnUpdate" time="0.021" classname="org.jsimpledb.ValidateOnUpdateTest"/>
</testsuite> <!-- org.jsimpledb.ValidateOnUpdateTest -->
