<?xml version="1.0" encoding="UTF-8"?>
<!-- Generated by org.testng.reporters.JUnitReportReporter -->
<testsuite hostname="retina.dellroad.org" name="org.jsimpledb.ValidationGroupTest" tests="1" failures="0" timestamp="17 Feb 2016 20:28:48 GMT" time="0.034" errors="0">
  <testcase name="testValidationGroups" time="0.034" classname="org.jsimpledb.ValidationGroupTest"/>
</testsuite> <!-- org.jsimpledb.ValidationGroupTest -->
