<?xml version="1.0" encoding="UTF-8"?>
<!-- Generated by org.testng.reporters.JUnitReportReporter -->
<testsuite hostname="retina.dellroad.org" name="org.jsimpledb.core.VersionChangeListenerTest" tests="1" failures="0" timestamp="10 Jul 2015 00:45:52 GMT" time="0.010" errors="0">
  <testcase name="testVersionChangeListener" time="0.010" classname="org.jsimpledb.core.VersionChangeListenerTest"/>
</testsuite> <!-- org.jsimpledb.core.VersionChangeListenerTest -->
