<?xml version="1.0" encoding="UTF-8"?>
<!-- Generated by org.testng.reporters.JUnitReportReporter -->
<testsuite hostname="retina.dellroad.org" name="org.jsimpledb.SnapshotTest" tests="4" failures="0" timestamp="17 Jul 2015 03:01:56 GMT" time="0.067" errors="0">
  <testcase name="testCopyRelated" time="0.009" classname="org.jsimpledb.SnapshotTest"/>
  <testcase name="testDanglingReference" time="0.010" classname="org.jsimpledb.SnapshotTest"/>
  <testcase name="testSnapshotInvalid" time="0.012" classname="org.jsimpledb.SnapshotTest"/>
  <testcase name="testSnapshot1" time="0.036" classname="org.jsimpledb.SnapshotTest"/>
</testsuite> <!-- org.jsimpledb.SnapshotTest -->
