<?xml version="1.0" encoding="UTF-8"?>
<!-- Generated by org.testng.reporters.JUnitReportReporter -->
<testsuite hostname="retina.dellroad.org" name="org.jsimpledb.SnapshotTest" tests="4" failures="0" timestamp="10 Jul 2015 00:45:52 GMT" time="0.062" errors="0">
  <testcase name="testDanglingReference" time="0.010" classname="org.jsimpledb.SnapshotTest"/>
  <testcase name="testSnapshotInvalid" time="0.009" classname="org.jsimpledb.SnapshotTest"/>
  <testcase name="testSnapshot1" time="0.034" classname="org.jsimpledb.SnapshotTest"/>
  <testcase name="testCopyRelated" time="0.009" classname="org.jsimpledb.SnapshotTest"/>
</testsuite> <!-- org.jsimpledb.SnapshotTest -->
