<?xml version="1.0" encoding="UTF-8"?>
<!-- Generated by org.testng.reporters.JUnitReportReporter -->
<testsuite hostname="retina.dellroad.org" name="org.jsimpledb.kv.raft.TimestampTest" tests="28" failures="0" timestamp="29 Oct 2015 22:21:56 GMT" time="0.002" errors="0">
  <testcase name="testTimestamps" time="0.000" classname="org.jsimpledb.kv.raft.TimestampTest"/>
  <testcase name="testTimestamps" time="0.000" classname="org.jsimpledb.kv.raft.TimestampTest"/>
  <testcase name="testTimestamps" time="0.000" classname="org.jsimpledb.kv.raft.TimestampTest"/>
  <testcase name="testTimestamps" time="0.001" classname="org.jsimpledb.kv.raft.TimestampTest"/>
  <testcase name="testTimestamps" time="0.000" classname="org.jsimpledb.kv.raft.TimestampTest"/>
  <testcase name="testTimestamps" time="0.000" classname="org.jsimpledb.kv.raft.TimestampTest"/>
  <testcase name="testTimestamps" time="0.000" classname="org.jsimpledb.kv.raft.TimestampTest"/>
  <testcase name="testTimestamps" time="0.000" classname="org.jsimpledb.kv.raft.TimestampTest"/>
  <testcase name="testTimestamps" time="0.000" classname="org.jsimpledb.kv.raft.TimestampTest"/>
  <testcase name="testTimestamps" time="0.000" classname="org.jsimpledb.kv.raft.TimestampTest"/>
  <testcase name="testTimestamps" time="0.000" classname="org.jsimpledb.kv.raft.TimestampTest"/>
  <testcase name="testTimestamps" time="0.000" classname="org.jsimpledb.kv.raft.TimestampTest"/>
  <testcase name="testTimestamps" time="0.000" classname="org.jsimpledb.kv.raft.TimestampTest"/>
  <testcase name="testTimestamps" time="0.000" classname="org.jsimpledb.kv.raft.TimestampTest"/>
  <testcase name="testTimestamps" time="0.001" classname="org.jsimpledb.kv.raft.TimestampTest"/>
  <testcase name="testTimestamps" time="0.000" classname="org.jsimpledb.kv.raft.TimestampTest"/>
  <testcase name="testTimestamps" time="0.000" classname="org.jsimpledb.kv.raft.TimestampTest"/>
  <testcase name="testTimestamps" time="0.000" classname="org.jsimpledb.kv.raft.TimestampTest"/>
  <testcase name="testTimestamps" time="0.000" classname="org.jsimpledb.kv.raft.TimestampTest"/>
  <testcase name="testTimestamps" time="0.000" classname="org.jsimpledb.kv.raft.TimestampTest"/>
  <testcase name="testTimestamps" time="0.000" classname="org.jsimpledb.kv.raft.TimestampTest"/>
  <testcase name="testTimestamps" time="0.000" classname="org.jsimpledb.kv.raft.TimestampTest"/>
  <testcase name="testTimestamps" time="0.000" classname="org.jsimpledb.kv.raft.TimestampTest"/>
  <testcase name="testTimestamps" time="0.000" classname="org.jsimpledb.kv.raft.TimestampTest"/>
  <testcase name="testTimestamps" time="0.000" classname="org.jsimpledb.kv.raft.TimestampTest"/>
  <testcase name="testTimestamps" time="0.000" classname="org.jsimpledb.kv.raft.TimestampTest"/>
  <testcase name="testTimestamps" time="0.000" classname="org.jsimpledb.kv.raft.TimestampTest"/>
  <testcase name="testTimestamps" time="0.000" classname="org.jsimpledb.kv.raft.TimestampTest"/>
</testsuite> <!-- org.jsimpledb.kv.raft.TimestampTest -->
