<?xml version="1.0" encoding="UTF-8"?>
<!-- Generated by org.testng.reporters.JUnitReportReporter -->
<testsuite hostname="retina.dellroad.org" name="org.jsimpledb.util.ObjIdBiMultiMapTest" tests="1" failures="0" timestamp="9 Jun 2015 21:39:34 GMT" time="0.635" errors="0">
  <testcase name="testObjIdBiMultiMap" time="0.635" classname="org.jsimpledb.util.ObjIdBiMultiMapTest"/>
</testsuite> <!-- org.jsimpledb.util.ObjIdBiMultiMapTest -->
