<?xml version="1.0" encoding="UTF-8"?>
<!-- Generated by org.testng.reporters.JUnitReportReporter -->
<testsuite hostname="retina.dellroad.org" name="org.jsimpledb.OnVersionChangeTest" tests="1" failures="0" timestamp="14 Aug 2015 21:19:32 GMT" time="0.171" errors="0">
  <testcase name="testOnVersionChange" time="0.171" classname="org.jsimpledb.OnVersionChangeTest"/>
</testsuite> <!-- org.jsimpledb.OnVersionChangeTest -->
