<?xml version="1.0" encoding="UTF-8"?>
<!-- Generated by org.testng.reporters.JUnitReportReporter -->
<testsuite hostname="retina.dellroad.org" name="org.jsimpledb.util.IntersectionNavigableSetTest" tests="5" failures="0" timestamp="14 Aug 2015 21:19:32 GMT" time="0.282" errors="0">
  <testcase name="testSubSet" time="0.006" classname="org.jsimpledb.util.IntersectionNavigableSetTest"/>
  <testcase name="testReverseIteration" time="0.000" classname="org.jsimpledb.util.IntersectionNavigableSetTest"/>
  <testcase name="testEmpty1" time="0.001" classname="org.jsimpledb.util.IntersectionNavigableSetTest"/>
  <testcase name="testEmpty2" time="0.000" classname="org.jsimpledb.util.IntersectionNavigableSetTest"/>
  <testcase name="testRandomIntersections" time="0.275" classname="org.jsimpledb.util.IntersectionNavigableSetTest"/>
</testsuite> <!-- org.jsimpledb.util.IntersectionNavigableSetTest -->
