<?xml version="1.0" encoding="UTF-8"?>
<!-- Generated by org.testng.reporters.JUnitReportReporter -->
<testsuite hostname="retina.dellroad.org" name="org.jsimpledb.SnapshotTest" tests="4" failures="0" timestamp="9 Jun 2015 21:39:34 GMT" time="0.069" errors="0">
  <testcase name="testCopyRelated" time="0.010" classname="org.jsimpledb.SnapshotTest"/>
  <testcase name="testDanglingReference" time="0.010" classname="org.jsimpledb.SnapshotTest"/>
  <testcase name="testSnapshot1" time="0.036" classname="org.jsimpledb.SnapshotTest"/>
  <testcase name="testSnapshotInvalid" time="0.013" classname="org.jsimpledb.SnapshotTest"/>
</testsuite> <!-- org.jsimpledb.SnapshotTest -->
