<?xml version="1.0" encoding="UTF-8"?>
<!-- Generated by org.testng.reporters.JUnitReportReporter -->
<testsuite hostname="retina.dellroad.org" name="org.jsimpledb.SchemaGenerationTest" tests="2" failures="0" timestamp="3 Oct 2015 16:43:51 GMT" time="0.016" errors="0">
  <testcase name="testSchemaGeneration" time="0.009" classname="org.jsimpledb.SchemaGenerationTest"/>
  <testcase name="testBogusAbstract" time="0.007" classname="org.jsimpledb.SchemaGenerationTest"/>
</testsuite> <!-- org.jsimpledb.SchemaGenerationTest -->
