<?xml version="1.0" encoding="UTF-8"?>
<!-- Generated by org.testng.reporters.JUnitReportReporter -->
<testsuite hostname="retina.dellroad.org" name="org.jsimpledb.SchemaGenerationTest" tests="2" failures="0" timestamp="14 Aug 2015 21:19:32 GMT" time="0.006" errors="0">
  <testcase name="testSchemaGeneration" time="0.003" classname="org.jsimpledb.SchemaGenerationTest"/>
  <testcase name="testBogusAbstract" time="0.003" classname="org.jsimpledb.SchemaGenerationTest"/>
</testsuite> <!-- org.jsimpledb.SchemaGenerationTest -->
