<?xml version="1.0" encoding="UTF-8"?>
<!-- Generated by org.testng.reporters.JUnitReportReporter -->
<testsuite hostname="retina.dellroad.org" name="org.jsimpledb.core.LeftoverIndexTest" tests="1" failures="0" timestamp="14 Aug 2015 21:19:32 GMT" time="0.010" errors="0">
  <testcase name="testLeftoverIndex" time="0.010" classname="org.jsimpledb.core.LeftoverIndexTest"/>
</testsuite> <!-- org.jsimpledb.core.LeftoverIndexTest -->
