<?xml version="1.0" encoding="UTF-8"?>
<!-- Generated by org.testng.reporters.JUnitReportReporter -->
<testsuite hostname="retina.dellroad.org" name="org.jsimpledb.util.ObjIdBiMultiMapTest" tests="1" failures="0" timestamp="24 Aug 2015 22:16:26 GMT" time="0.664" errors="0">
  <testcase name="testObjIdBiMultiMap" time="0.664" classname="org.jsimpledb.util.ObjIdBiMultiMapTest"/>
</testsuite> <!-- org.jsimpledb.util.ObjIdBiMultiMapTest -->
