<?xml version="1.0" encoding="UTF-8"?>
<!-- Generated by org.testng.reporters.JUnitReportReporter -->
<testsuite hostname="retina.dellroad.org" name="org.jsimpledb.util.UnionNavigableSetTest" tests="3" failures="0" timestamp="5 Jun 2015 22:12:11 GMT" time="0.205" errors="0">
  <testcase name="testRandomUnions" time="0.204" classname="org.jsimpledb.util.UnionNavigableSetTest"/>
  <testcase name="testEmpty1" time="0.001" classname="org.jsimpledb.util.UnionNavigableSetTest"/>
  <testcase name="testEmpty2" time="0.000" classname="org.jsimpledb.util.UnionNavigableSetTest"/>
</testsuite> <!-- org.jsimpledb.util.UnionNavigableSetTest -->
