<?xml version="1.0" encoding="UTF-8"?>
<!-- Generated by org.testng.reporters.JUnitReportReporter -->
<testsuite hostname="retina.dellroad.org" name="org.jsimpledb.core.LeftoverIndexTest" tests="1" failures="0" timestamp="19 Nov 2015 23:06:58 GMT" time="0.008" errors="0">
  <testcase name="testLeftoverIndex" time="0.008" classname="org.jsimpledb.core.LeftoverIndexTest"/>
</testsuite> <!-- org.jsimpledb.core.LeftoverIndexTest -->
