<?xml version="1.0" encoding="UTF-8"?>
<!-- Generated by org.testng.reporters.JUnitReportReporter -->
<testsuite hostname="retina.dellroad.org" name="org.jsimpledb.core.BasicTest1" tests="6" failures="0" timestamp="5 Jun 2015 22:12:11 GMT" time="0.096" errors="0">
  <testcase name="testPrimitiveArrays" time="0.012" classname="org.jsimpledb.core.BasicTest1"/>
  <testcase name="testPrimitiveFields" time="0.008" classname="org.jsimpledb.core.BasicTest1"/>
  <testcase name="testSetField" time="0.008" classname="org.jsimpledb.core.BasicTest1"/>
  <testcase name="testComplexDelete" time="0.004" classname="org.jsimpledb.core.BasicTest1"/>
  <testcase name="testListField" time="0.006" classname="org.jsimpledb.core.BasicTest1"/>
  <testcase name="testMapField" time="0.058" classname="org.jsimpledb.core.BasicTest1"/>
</testsuite> <!-- org.jsimpledb.core.BasicTest1 -->
