<?xml version="1.0" encoding="UTF-8"?>
<!-- Generated by org.testng.reporters.JUnitReportReporter -->
<testsuite hostname="retina.dellroad.org" name="org.jsimpledb.DeleteCascadeTest" tests="1" failures="0" timestamp="31 May 2015 02:01:29 GMT" time="0.040" errors="0">
  <testcase name="testDeleteCascade" time="0.040" classname="org.jsimpledb.DeleteCascadeTest"/>
</testsuite> <!-- org.jsimpledb.DeleteCascadeTest -->
