<?xml version="1.0" encoding="UTF-8"?>
<!-- Generated by org.testng.reporters.JUnitReportReporter -->
<testsuite hostname="retina.dellroad.org" name="org.jsimpledb.core.SnapshotTest" tests="3" failures="0" timestamp="9 Jun 2015 21:39:34 GMT" time="0.019" errors="0">
  <testcase name="testSnapshotSame" time="0.002" classname="org.jsimpledb.core.SnapshotTest"/>
  <testcase name="testSnapshotConflict" time="0.004" classname="org.jsimpledb.core.SnapshotTest"/>
  <testcase name="testSnapshot" time="0.013" classname="org.jsimpledb.core.SnapshotTest"/>
</testsuite> <!-- org.jsimpledb.core.SnapshotTest -->
