<?xml version="1.0" encoding="UTF-8"?>
<!-- Generated by org.testng.reporters.JUnitReportReporter -->
<testsuite hostname="retina.dellroad.org" name="org.jsimpledb.OnChangeTest" tests="2" failures="0" timestamp="9 Jun 2015 21:39:34 GMT" time="0.093" errors="0">
  <testcase name="testSimpleFieldChange" time="0.085" classname="org.jsimpledb.OnChangeTest"/>
  <testcase name="testColorChange" time="0.008" classname="org.jsimpledb.OnChangeTest"/>
</testsuite> <!-- org.jsimpledb.OnChangeTest -->
