<?xml version="1.0" encoding="UTF-8"?>
<!-- Generated by org.testng.reporters.JUnitReportReporter -->
<testsuite hostname="retina.dellroad.org" name="org.jsimpledb.spring.SimpleSpringTest" tests="2" failures="0" timestamp="9 Jun 2015 21:02:36 GMT" time="0.064" errors="0">
  <testcase name="testFilter" time="0.000" classname="org.jsimpledb.spring.SimpleSpringTest"/>
  <testcase name="testSpring" time="0.064" classname="org.jsimpledb.spring.SimpleSpringTest"/>
</testsuite> <!-- org.jsimpledb.spring.SimpleSpringTest -->
