<?xml version="1.0" encoding="UTF-8"?>
<!-- Generated by org.testng.reporters.JUnitReportReporter -->
<testsuite hostname="retina.dellroad.org" name="org.jsimpledb.UniqueConstraintTest" tests="1" failures="0" timestamp="19 Nov 2015 23:06:58 GMT" time="0.046" errors="0">
  <testcase name="testUniqueConstraint" time="0.046" classname="org.jsimpledb.UniqueConstraintTest"/>
</testsuite> <!-- org.jsimpledb.UniqueConstraintTest -->
