<?xml version="1.0" encoding="UTF-8"?>
<!-- Generated by org.testng.reporters.JUnitReportReporter -->
<testsuite hostname="retina.dellroad.org" name="org.jsimpledb.ValidationTest" tests="7" failures="0" timestamp="10 Jul 2015 00:45:52 GMT" time="0.136" errors="0">
  <testcase name="testValidationOnCreate" time="0.013" classname="org.jsimpledb.ValidationTest"/>
  <testcase name="testValidation" time="0.054" classname="org.jsimpledb.ValidationTest"/>
  <testcase name="testNameThing2" time="0.010" classname="org.jsimpledb.ValidationTest"/>
  <testcase name="testNameThing5" time="0.012" classname="org.jsimpledb.ValidationTest"/>
  <testcase name="testNameThing1" time="0.019" classname="org.jsimpledb.ValidationTest"/>
  <testcase name="testNameThing4" time="0.014" classname="org.jsimpledb.ValidationTest"/>
  <testcase name="testNameThing3" time="0.014" classname="org.jsimpledb.ValidationTest"/>
</testsuite> <!-- org.jsimpledb.ValidationTest -->
