<?xml version="1.0" encoding="UTF-8"?>
<!-- Generated by org.testng.reporters.JUnitReportReporter -->
<testsuite hostname="retina.dellroad.org" name="org.jsimpledb.kv.array.HotCopyTest" tests="1" failures="0" timestamp="17 Feb 2016 20:28:48 GMT" time="0.052" errors="0">
  <testcase name="testHotCopy" time="0.052" classname="org.jsimpledb.kv.array.HotCopyTest"/>
</testsuite> <!-- org.jsimpledb.kv.array.HotCopyTest -->
