<?xml version="1.0" encoding="UTF-8"?>
<!-- Generated by org.testng.reporters.JUnitReportReporter -->
<testsuite hostname="retina.dellroad.org" name="org.jsimpledb.OnChangeTest" tests="2" failures="0" timestamp="19 Nov 2015 23:06:58 GMT" time="0.096" errors="0">
  <testcase name="testColorChange" time="0.010" classname="org.jsimpledb.OnChangeTest"/>
  <testcase name="testSimpleFieldChange" time="0.086" classname="org.jsimpledb.OnChangeTest"/>
</testsuite> <!-- org.jsimpledb.OnChangeTest -->
