<?xml version="1.0" encoding="UTF-8"?>
<!-- Generated by org.testng.reporters.JUnitReportReporter -->
<testsuite hostname="retina.dellroad.org" name="org.jsimpledb.ValidateOnUpdateTest" tests="1" failures="0" timestamp="19 Nov 2015 23:06:58 GMT" time="0.018" errors="0">
  <testcase name="testValidateOnUpdate" time="0.018" classname="org.jsimpledb.ValidateOnUpdateTest"/>
</testsuite> <!-- org.jsimpledb.ValidateOnUpdateTest -->
