<?xml version="1.0" encoding="UTF-8"?>
<!-- Generated by org.testng.reporters.JUnitReportReporter -->
<testsuite hostname="retina.dellroad.org" name="org.jsimpledb.OnChangeTest" tests="2" failures="0" timestamp="24 Aug 2015 22:16:26 GMT" time="0.091" errors="0">
  <testcase name="testSimpleFieldChange" time="0.082" classname="org.jsimpledb.OnChangeTest"/>
  <testcase name="testColorChange" time="0.009" classname="org.jsimpledb.OnChangeTest"/>
</testsuite> <!-- org.jsimpledb.OnChangeTest -->
