<?xml version="1.0" encoding="UTF-8"?>
<!-- Generated by org.testng.reporters.JUnitReportReporter -->
<testsuite hostname="retina.dellroad.org" name="org.jsimpledb.DeleteCascadeTest" tests="1" failures="0" timestamp="9 Jun 2015 21:39:34 GMT" time="0.039" errors="0">
  <testcase name="testDeleteCascade" time="0.039" classname="org.jsimpledb.DeleteCascadeTest"/>
</testsuite> <!-- org.jsimpledb.DeleteCascadeTest -->
