<?xml version="1.0" encoding="UTF-8"?>
<!-- Generated by org.testng.reporters.JUnitReportReporter -->
<testsuite hostname="retina.dellroad.org" name="org.jsimpledb.GenericsFunTest" tests="5" failures="0" timestamp="19 Nov 2015 23:06:58 GMT" time="0.079" errors="0">
  <testcase name="testGenerics4" time="0.015" classname="org.jsimpledb.GenericsFunTest"/>
  <testcase name="testGenerics3" time="0.013" classname="org.jsimpledb.GenericsFunTest"/>
  <testcase name="testGenerics1" time="0.011" classname="org.jsimpledb.GenericsFunTest"/>
  <testcase name="testGenerics5" time="0.016" classname="org.jsimpledb.GenericsFunTest"/>
  <testcase name="testGenerics2" time="0.024" classname="org.jsimpledb.GenericsFunTest"/>
</testsuite> <!-- org.jsimpledb.GenericsFunTest -->
