<?xml version="1.0" encoding="UTF-8"?>
<!-- Generated by org.testng.reporters.JUnitReportReporter -->
<testsuite hostname="retina.dellroad.org" name="org.jsimpledb.GenericsFunTest" tests="5" failures="0" timestamp="17 Feb 2016 20:28:48 GMT" time="0.100" errors="0">
  <testcase name="testGenerics4" time="0.017" classname="org.jsimpledb.GenericsFunTest"/>
  <testcase name="testGenerics2" time="0.032" classname="org.jsimpledb.GenericsFunTest"/>
  <testcase name="testGenerics5" time="0.017" classname="org.jsimpledb.GenericsFunTest"/>
  <testcase name="testGenerics1" time="0.017" classname="org.jsimpledb.GenericsFunTest"/>
  <testcase name="testGenerics3" time="0.017" classname="org.jsimpledb.GenericsFunTest"/>
</testsuite> <!-- org.jsimpledb.GenericsFunTest -->
