<?xml version="1.0" encoding="UTF-8"?>
<!-- Generated by org.testng.reporters.JUnitReportReporter -->
<testsuite hostname="retina.dellroad.org" name="org.jsimpledb.IndexQueryTest" tests="1" failures="0" timestamp="3 Oct 2015 16:43:51 GMT" time="0.036" errors="0">
  <testcase name="testSharedStorageId" time="0.036" classname="org.jsimpledb.IndexQueryTest"/>
</testsuite> <!-- org.jsimpledb.IndexQueryTest -->
