<?xml version="1.0" encoding="UTF-8"?>
<!-- Generated by org.testng.reporters.JUnitReportReporter -->
<testsuite hostname="retina.dellroad.org" name="org.jsimpledb.kv.simple.SimpleLockTest" tests="1" failures="0" timestamp="17 Feb 2016 20:28:48 GMT" time="0.165" errors="0">
  <testcase name="testSimpleLock" time="0.165" classname="org.jsimpledb.kv.simple.SimpleLockTest"/>
</testsuite> <!-- org.jsimpledb.kv.simple.SimpleLockTest -->
