<?xml version="1.0" encoding="UTF-8"?>
<!-- Generated by org.testng.reporters.JUnitReportReporter -->
<testsuite hostname="retina.dellroad.org" name="org.jsimpledb.kv.mvcc.MutableViewTest" tests="1" failures="0" timestamp="19 Nov 2015 23:06:58 GMT" time="3.138" errors="0">
  <testcase name="testRandomWrites" time="3.138" classname="org.jsimpledb.kv.mvcc.MutableViewTest"/>
</testsuite> <!-- org.jsimpledb.kv.mvcc.MutableViewTest -->
