<?xml version="1.0" encoding="UTF-8"?>
<!-- Generated by org.testng.reporters.JUnitReportReporter -->
<testsuite hostname="retina.dellroad.org" name="org.jsimpledb.OnChangeTest" tests="2" failures="0" timestamp="9 Jun 2015 21:02:36 GMT" time="0.089" errors="0">
  <testcase name="testSimpleFieldChange" time="0.082" classname="org.jsimpledb.OnChangeTest"/>
  <testcase name="testColorChange" time="0.007" classname="org.jsimpledb.OnChangeTest"/>
</testsuite> <!-- org.jsimpledb.OnChangeTest -->
