<?xml version="1.0" encoding="UTF-8"?>
<!-- Generated by org.testng.reporters.JUnitReportReporter -->
<testsuite hostname="retina.dellroad.org" name="org.jsimpledb.ReferencePathTest" tests="19" failures="0" timestamp="10 Jul 2015 00:45:52 GMT" time="0.191" errors="0">
  <testcase name="testReferencePath" time="0.011" classname="org.jsimpledb.ReferencePathTest"/>
  <testcase name="testReferencePath" time="0.009" classname="org.jsimpledb.ReferencePathTest"/>
  <testcase name="testReferencePath" time="0.010" classname="org.jsimpledb.ReferencePathTest"/>
  <testcase name="testReferencePath" time="0.011" classname="org.jsimpledb.ReferencePathTest"/>
  <testcase name="testReferencePath" time="0.009" classname="org.jsimpledb.ReferencePathTest"/>
  <testcase name="testReferencePath" time="0.009" classname="org.jsimpledb.ReferencePathTest"/>
  <testcase name="testReferencePath" time="0.011" classname="org.jsimpledb.ReferencePathTest"/>
  <testcase name="testReferencePath" time="0.010" classname="org.jsimpledb.ReferencePathTest"/>
  <testcase name="testReferencePath" time="0.009" classname="org.jsimpledb.ReferencePathTest"/>
  <testcase name="testReferencePath" time="0.010" classname="org.jsimpledb.ReferencePathTest"/>
  <testcase name="testReferencePath" time="0.009" classname="org.jsimpledb.ReferencePathTest"/>
  <testcase name="testReferencePath" time="0.009" classname="org.jsimpledb.ReferencePathTest"/>
  <testcase name="testReferencePath" time="0.010" classname="org.jsimpledb.ReferencePathTest"/>
  <testcase name="testReferencePath" time="0.013" classname="org.jsimpledb.ReferencePathTest"/>
  <testcase name="testReferencePath" time="0.010" classname="org.jsimpledb.ReferencePathTest"/>
  <testcase name="testReferencePath" time="0.010" classname="org.jsimpledb.ReferencePathTest"/>
  <testcase name="testReferencePath" time="0.010" classname="org.jsimpledb.ReferencePathTest"/>
  <testcase name="testReferencePath" time="0.011" classname="org.jsimpledb.ReferencePathTest"/>
  <testcase name="testReferencePath" time="0.010" classname="org.jsimpledb.ReferencePathTest"/>
</testsuite> <!-- org.jsimpledb.ReferencePathTest -->
