<?xml version="1.0" encoding="UTF-8"?>
<!-- Generated by org.testng.reporters.JUnitReportReporter -->
<testsuite hostname="retina.dellroad.org" name="org.jsimpledb.kv.KVDatabaseTest" tests="1" failures="0" timestamp="10 Jul 2015 00:45:52 GMT" time="0.915" errors="0">
  <testcase name="testSimpleKVTimeouts" time="0.915" classname="org.jsimpledb.kv.KVDatabaseTest"/>
</testsuite> <!-- org.jsimpledb.kv.KVDatabaseTest -->
