<?xml version="1.0" encoding="UTF-8"?>
<!-- Generated by org.testng.reporters.JUnitReportReporter -->
<testsuite hostname="retina.dellroad.org" name="org.jsimpledb.kv.simple.SimpleKVDatabaseTest" tests="1" failures="0" timestamp="17 Feb 2016 20:28:47 GMT" time="0.911" errors="0">
  <testcase name="testSimpleKVTimeouts" time="0.911" classname="org.jsimpledb.kv.simple.SimpleKVDatabaseTest"/>
</testsuite> <!-- org.jsimpledb.kv.simple.SimpleKVDatabaseTest -->
