<?xml version="1.0" encoding="UTF-8"?>
<!-- Generated by org.testng.reporters.JUnitReportReporter -->
<testsuite hostname="retina.dellroad.org" name="org.jsimpledb.TypeSafetyTest" tests="1" failures="0" timestamp="10 Jul 2015 00:45:52 GMT" time="0.016" errors="0">
  <testcase name="testTypeSafety" time="0.016" classname="org.jsimpledb.TypeSafetyTest"/>
</testsuite> <!-- org.jsimpledb.TypeSafetyTest -->
