<?xml version="1.0" encoding="UTF-8"?>
<!-- Generated by org.testng.reporters.JUnitReportReporter -->
<testsuite hostname="retina.dellroad.org" name="org.jsimpledb.ValidationGroupTest" tests="1" failures="0" timestamp="29 Oct 2015 22:21:56 GMT" time="0.025" errors="0">
  <testcase name="testValidationGroups" time="0.025" classname="org.jsimpledb.ValidationGroupTest"/>
</testsuite> <!-- org.jsimpledb.ValidationGroupTest -->
