<?xml version="1.0" encoding="UTF-8"?>
<!-- Generated by org.testng.reporters.JUnitReportReporter -->
<testsuite hostname="retina.dellroad.org" name="org.jsimpledb.kv.mvcc.MutableViewTest" tests="1" failures="0" timestamp="3 Oct 2015 16:43:51 GMT" time="3.056" errors="0">
  <testcase name="testRandomWrites" time="3.056" classname="org.jsimpledb.kv.mvcc.MutableViewTest"/>
</testsuite> <!-- org.jsimpledb.kv.mvcc.MutableViewTest -->
