<?xml version="1.0" encoding="UTF-8"?>
<!-- Generated by org.testng.reporters.JUnitReportReporter -->
<testsuite hostname="retina.dellroad.org" name="org.jsimpledb.StorageIdTest" tests="1" failures="0" timestamp="17 Feb 2016 20:28:47 GMT" time="0.012" errors="0">
  <testcase name="testStorageIds" time="0.012" classname="org.jsimpledb.StorageIdTest"/>
</testsuite> <!-- org.jsimpledb.StorageIdTest -->
