<?xml version="1.0" encoding="UTF-8"?>
<!-- Generated by org.testng.reporters.JUnitReportReporter -->
<testsuite hostname="retina.dellroad.org" name="org.jsimpledb.CompositeIndexTest" tests="1" failures="0" timestamp="24 Aug 2015 22:16:26 GMT" time="2.219" errors="0">
  <testcase name="testCompositeIndex" time="2.219" classname="org.jsimpledb.CompositeIndexTest"/>
</testsuite> <!-- org.jsimpledb.CompositeIndexTest -->
