<?xml version="1.0" encoding="UTF-8"?>
<!-- Generated by org.testng.reporters.JUnitReportReporter -->
<testsuite hostname="retina.dellroad.org" name="org.jsimpledb.kv.raft.msg.MessageTest" tests="13" failures="0" timestamp="14 Aug 2015 21:19:32 GMT" time="0.006" errors="0">
  <testcase name="testMessage" time="0.001" classname="org.jsimpledb.kv.raft.msg.MessageTest"/>
  <testcase name="testMessage" time="0.000" classname="org.jsimpledb.kv.raft.msg.MessageTest"/>
  <testcase name="testMessage" time="0.000" classname="org.jsimpledb.kv.raft.msg.MessageTest"/>
  <testcase name="testMessage" time="0.000" classname="org.jsimpledb.kv.raft.msg.MessageTest"/>
  <testcase name="testMessage" time="0.000" classname="org.jsimpledb.kv.raft.msg.MessageTest"/>
  <testcase name="testMessage" time="0.000" classname="org.jsimpledb.kv.raft.msg.MessageTest"/>
  <testcase name="testMessage" time="0.001" classname="org.jsimpledb.kv.raft.msg.MessageTest"/>
  <testcase name="testMessage" time="0.000" classname="org.jsimpledb.kv.raft.msg.MessageTest"/>
  <testcase name="testMessage" time="0.000" classname="org.jsimpledb.kv.raft.msg.MessageTest"/>
  <testcase name="testMessage" time="0.000" classname="org.jsimpledb.kv.raft.msg.MessageTest"/>
  <testcase name="testMessage" time="0.000" classname="org.jsimpledb.kv.raft.msg.MessageTest"/>
  <testcase name="testMessage" time="0.003" classname="org.jsimpledb.kv.raft.msg.MessageTest"/>
  <testcase name="testMessage" time="0.001" classname="org.jsimpledb.kv.raft.msg.MessageTest"/>
</testsuite> <!-- org.jsimpledb.kv.raft.msg.MessageTest -->
