<?xml version="1.0" encoding="UTF-8"?>
<!-- Generated by org.testng.reporters.JUnitReportReporter -->
<testsuite hostname="retina.dellroad.org" name="org.jsimpledb.SnapshotTest" tests="4" failures="0" timestamp="19 Nov 2015 23:06:58 GMT" time="0.091" errors="0">
  <testcase name="testCopyRelated" time="0.011" classname="org.jsimpledb.SnapshotTest"/>
  <testcase name="testDanglingReference" time="0.013" classname="org.jsimpledb.SnapshotTest"/>
  <testcase name="testSnapshotInvalid" time="0.019" classname="org.jsimpledb.SnapshotTest"/>
  <testcase name="testSnapshot1" time="0.048" classname="org.jsimpledb.SnapshotTest"/>
</testsuite> <!-- org.jsimpledb.SnapshotTest -->
