<?xml version="1.0" encoding="UTF-8"?>
<!-- Generated by org.testng.reporters.JUnitReportReporter -->
<testsuite hostname="retina.dellroad.org" name="org.jsimpledb.core.DeletedAccessTest" tests="1" failures="0" timestamp="3 Oct 2015 16:43:51 GMT" time="0.007" errors="0">
  <testcase name="testDeletedAccess" time="0.007" classname="org.jsimpledb.core.DeletedAccessTest"/>
</testsuite> <!-- org.jsimpledb.core.DeletedAccessTest -->
