<?xml version="1.0" encoding="UTF-8"?>
<!-- Generated by org.testng.reporters.JUnitReportReporter -->
<testsuite hostname="retina.dellroad.org" name="org.jsimpledb.parse.expr.ExprParseTest" tests="90" failures="0" timestamp="10 Jul 2015 00:45:52 GMT" time="0.099" errors="0">
  <testcase name="testExprParse" time="0.000" classname="org.jsimpledb.parse.expr.ExprParseTest"/>
  <testcase name="testExprParse" time="0.001" classname="org.jsimpledb.parse.expr.ExprParseTest"/>
  <testcase name="testExprParse" time="0.000" classname="org.jsimpledb.parse.expr.ExprParseTest"/>
  <testcase name="testExprParse" time="0.000" classname="org.jsimpledb.parse.expr.ExprParseTest"/>
  <testcase name="testExprParse" time="0.001" classname="org.jsimpledb.parse.expr.ExprParseTest"/>
  <testcase name="testExprParse" time="0.002" classname="org.jsimpledb.parse.expr.ExprParseTest"/>
  <testcase name="testExprParse" time="0.001" classname="org.jsimpledb.parse.expr.ExprParseTest"/>
  <testcase name="testExprParse" time="0.001" classname="org.jsimpledb.parse.expr.ExprParseTest"/>
  <testcase name="testExprParse" time="0.001" classname="org.jsimpledb.parse.expr.ExprParseTest"/>
  <testcase name="testExprParse" time="0.000" classname="org.jsimpledb.parse.expr.ExprParseTest"/>
  <testcase name="testExprParse" time="0.002" classname="org.jsimpledb.parse.expr.ExprParseTest"/>
  <testcase name="testExprParse" time="0.001" classname="org.jsimpledb.parse.expr.ExprParseTest"/>
  <testcase name="testExprParse" time="0.000" classname="org.jsimpledb.parse.expr.ExprParseTest"/>
  <testcase name="testExprParse" time="0.002" classname="org.jsimpledb.parse.expr.ExprParseTest"/>
  <testcase name="testExprParse" time="0.001" classname="org.jsimpledb.parse.expr.ExprParseTest"/>
  <testcase name="testExprParse" time="0.000" classname="org.jsimpledb.parse.expr.ExprParseTest"/>
  <testcase name="testExprParse" time="0.000" classname="org.jsimpledb.parse.expr.ExprParseTest"/>
  <testcase name="testExprParse" time="0.002" classname="org.jsimpledb.parse.expr.ExprParseTest"/>
  <testcase name="testExprParse" time="0.001" classname="org.jsimpledb.parse.expr.ExprParseTest"/>
  <testcase name="testExprParse" time="0.004" classname="org.jsimpledb.parse.expr.ExprParseTest"/>
  <testcase name="testExprParse" time="0.000" classname="org.jsimpledb.parse.expr.ExprParseTest"/>
  <testcase name="testExprParse" time="0.001" classname="org.jsimpledb.parse.expr.ExprParseTest"/>
  <testcase name="testExprParse" time="0.001" classname="org.jsimpledb.parse.expr.ExprParseTest"/>
  <testcase name="testExprParse" time="0.001" classname="org.jsimpledb.parse.expr.ExprParseTest"/>
  <testcase name="testExprParse" time="0.001" classname="org.jsimpledb.parse.expr.ExprParseTest"/>
  <testcase name="testExprParse" time="0.000" classname="org.jsimpledb.parse.expr.ExprParseTest"/>
  <testcase name="testExprParse" time="0.001" classname="org.jsimpledb.parse.expr.ExprParseTest"/>
  <testcase name="testExprParse" time="0.001" classname="org.jsimpledb.parse.expr.ExprParseTest"/>
  <testcase name="testExprParse" time="0.001" classname="org.jsimpledb.parse.expr.ExprParseTest"/>
  <testcase name="testExprParse" time="0.000" classname="org.jsimpledb.parse.expr.ExprParseTest"/>
  <testcase name="testExprParse" time="0.002" classname="org.jsimpledb.parse.expr.ExprParseTest"/>
  <testcase name="testExprParse" time="0.002" classname="org.jsimpledb.parse.expr.ExprParseTest"/>
  <testcase name="testExprParse" time="0.001" classname="org.jsimpledb.parse.expr.ExprParseTest"/>
  <testcase name="testExprParse" time="0.001" classname="org.jsimpledb.parse.expr.ExprParseTest"/>
  <testcase name="testExprParse" time="0.001" classname="org.jsimpledb.parse.expr.ExprParseTest"/>
  <testcase name="testExprParse" time="0.001" classname="org.jsimpledb.parse.expr.ExprParseTest"/>
  <testcase name="testExprParse" time="0.001" classname="org.jsimpledb.parse.expr.ExprParseTest"/>
  <testcase name="testExprParse" time="0.001" classname="org.jsimpledb.parse.expr.ExprParseTest"/>
  <testcase name="testExprParse" time="0.001" classname="org.jsimpledb.parse.expr.ExprParseTest"/>
  <testcase name="testBeanProperty" time="0.011" classname="org.jsimpledb.parse.expr.ExprParseTest"/>
  <testcase name="testExprParse" time="0.000" classname="org.jsimpledb.parse.expr.ExprParseTest"/>
  <testcase name="testExprParse" time="0.001" classname="org.jsimpledb.parse.expr.ExprParseTest"/>
  <testcase name="testExprParse" time="0.001" classname="org.jsimpledb.parse.expr.ExprParseTest"/>
  <testcase name="testExprParse" time="0.002" classname="org.jsimpledb.parse.expr.ExprParseTest"/>
  <testcase name="testExprParse" time="0.000" classname="org.jsimpledb.parse.expr.ExprParseTest"/>
  <testcase name="testExprParse" time="0.002" classname="org.jsimpledb.parse.expr.ExprParseTest"/>
  <testcase name="testExprParse" time="0.000" classname="org.jsimpledb.parse.expr.ExprParseTest"/>
  <testcase name="testExprParse" time="0.001" classname="org.jsimpledb.parse.expr.ExprParseTest"/>
  <testcase name="testExprParse" time="0.001" classname="org.jsimpledb.parse.expr.ExprParseTest"/>
  <testcase name="testExprParse" time="0.001" classname="org.jsimpledb.parse.expr.ExprParseTest"/>
  <testcase name="testExprParse" time="0.001" classname="org.jsimpledb.parse.expr.ExprParseTest"/>
  <testcase name="testExprParse" time="0.000" classname="org.jsimpledb.parse.expr.ExprParseTest"/>
  <testcase name="testExprParse" time="0.001" classname="org.jsimpledb.parse.expr.ExprParseTest"/>
  <testcase name="testExprParse" time="0.000" classname="org.jsimpledb.parse.expr.ExprParseTest"/>
  <testcase name="testExprParse" time="0.001" classname="org.jsimpledb.parse.expr.ExprParseTest"/>
  <testcase name="testExprParse" time="0.001" classname="org.jsimpledb.parse.expr.ExprParseTest"/>
  <testcase name="testExprParse" time="0.001" classname="org.jsimpledb.parse.expr.ExprParseTest"/>
  <testcase name="testExprParse" time="0.000" classname="org.jsimpledb.parse.expr.ExprParseTest"/>
  <testcase name="testExprParse" time="0.002" classname="org.jsimpledb.parse.expr.ExprParseTest"/>
  <testcase name="testExprParse" time="0.000" classname="org.jsimpledb.parse.expr.ExprParseTest"/>
  <testcase name="testExprParse" time="0.002" classname="org.jsimpledb.parse.expr.ExprParseTest"/>
  <testcase name="testExprParse" time="0.002" classname="org.jsimpledb.parse.expr.ExprParseTest"/>
  <testcase name="testExprParse" time="0.002" classname="org.jsimpledb.parse.expr.ExprParseTest"/>
  <testcase name="testExprParse" time="0.001" classname="org.jsimpledb.parse.expr.ExprParseTest"/>
  <testcase name="testExprParse" time="0.002" classname="org.jsimpledb.parse.expr.ExprParseTest"/>
  <testcase name="testExprParse" time="0.001" classname="org.jsimpledb.parse.expr.ExprParseTest"/>
  <testcase name="testExprParse" time="0.000" classname="org.jsimpledb.parse.expr.ExprParseTest"/>
  <testcase name="testExprParse" time="0.002" classname="org.jsimpledb.parse.expr.ExprParseTest"/>
  <testcase name="testExprParse" time="0.000" classname="org.jsimpledb.parse.expr.ExprParseTest"/>
  <testcase name="testExprParse" time="0.002" classname="org.jsimpledb.parse.expr.ExprParseTest"/>
  <testcase name="testExprParse" time="0.001" classname="org.jsimpledb.parse.expr.ExprParseTest"/>
  <testcase name="testExprParse" time="0.001" classname="org.jsimpledb.parse.expr.ExprParseTest"/>
  <testcase name="testExprParse" time="0.001" classname="org.jsimpledb.parse.expr.ExprParseTest"/>
  <testcase name="testExprParse" time="0.004" classname="org.jsimpledb.parse.expr.ExprParseTest"/>
  <testcase name="testExprParse" time="0.001" classname="org.jsimpledb.parse.expr.ExprParseTest"/>
  <testcase name="testExprParse" time="0.001" classname="org.jsimpledb.parse.expr.ExprParseTest"/>
  <testcase name="testExprParse" time="0.001" classname="org.jsimpledb.parse.expr.ExprParseTest"/>
  <testcase name="testExprParse" time="0.002" classname="org.jsimpledb.parse.expr.ExprParseTest"/>
  <testcase name="testExprParse" time="0.001" classname="org.jsimpledb.parse.expr.ExprParseTest"/>
  <testcase name="testExprParse" time="0.001" classname="org.jsimpledb.parse.expr.ExprParseTest"/>
  <testcase name="testExprParse" time="0.000" classname="org.jsimpledb.parse.expr.ExprParseTest"/>
  <testcase name="testExprParse" time="0.000" classname="org.jsimpledb.parse.expr.ExprParseTest"/>
  <testcase name="testExprParse" time="0.001" classname="org.jsimpledb.parse.expr.ExprParseTest"/>
  <testcase name="testExprParse" time="0.001" classname="org.jsimpledb.parse.expr.ExprParseTest"/>
  <testcase name="testExprParse" time="0.000" classname="org.jsimpledb.parse.expr.ExprParseTest"/>
  <testcase name="testExprParse" time="0.001" classname="org.jsimpledb.parse.expr.ExprParseTest"/>
  <testcase name="testExprParse" time="0.001" classname="org.jsimpledb.parse.expr.ExprParseTest"/>
  <testcase name="testExprParse" time="0.000" classname="org.jsimpledb.parse.expr.ExprParseTest"/>
  <testcase name="testExprParse" time="0.002" classname="org.jsimpledb.parse.expr.ExprParseTest"/>
  <testcase name="testExprParse" time="0.000" classname="org.jsimpledb.parse.expr.ExprParseTest"/>
</testsuite> <!-- org.jsimpledb.parse.expr.ExprParseTest -->
