<?xml version="1.0" encoding="UTF-8"?>
<!-- Generated by org.testng.reporters.JUnitReportReporter -->
<testsuite hostname="retina.dellroad.org" name="org.jsimpledb.OnChangeTest" tests="2" failures="0" timestamp="10 Jul 2015 00:45:52 GMT" time="0.089" errors="0">
  <testcase name="testSimpleFieldChange" time="0.079" classname="org.jsimpledb.OnChangeTest"/>
  <testcase name="testColorChange" time="0.010" classname="org.jsimpledb.OnChangeTest"/>
</testsuite> <!-- org.jsimpledb.OnChangeTest -->
