<?xml version="1.0" encoding="UTF-8"?>
<!-- Generated by org.testng.reporters.JUnitReportReporter -->
<testsuite hostname="retina.dellroad.org" name="org.jsimpledb.DuplicateReferenceFieldTest" tests="1" failures="0" timestamp="3 Oct 2015 16:43:51 GMT" time="0.401" errors="0">
  <testcase name="testDuplicateReferenceFields" time="0.401" classname="org.jsimpledb.DuplicateReferenceFieldTest"/>
</testsuite> <!-- org.jsimpledb.DuplicateReferenceFieldTest -->
