<?xml version="1.0" encoding="UTF-8"?>
<!-- Generated by org.testng.reporters.JUnitReportReporter -->
<testsuite hostname="retina.dellroad.org" name="org.jsimpledb.SchemaGenerationTest" tests="2" failures="0" timestamp="17 Jul 2015 03:01:56 GMT" time="0.007" errors="0">
  <testcase name="testSchemaGeneration" time="0.004" classname="org.jsimpledb.SchemaGenerationTest"/>
  <testcase name="testBogusAbstract" time="0.003" classname="org.jsimpledb.SchemaGenerationTest"/>
</testsuite> <!-- org.jsimpledb.SchemaGenerationTest -->
