<?xml version="1.0" encoding="UTF-8"?>
<!-- Generated by org.testng.reporters.JUnitReportReporter -->
<testsuite hostname="retina.dellroad.org" name="org.jsimpledb.kv.mvcc.AtomicKVStoreTest" tests="4" failures="0" timestamp="9 Jun 2015 21:39:34 GMT" time="78.123" errors="0">
  <testcase name="testAtomicKVStore" time="5.573" classname="org.jsimpledb.kv.mvcc.AtomicKVStoreTest"/>
  <testcase name="testAtomicKVStore" time="7.379" classname="org.jsimpledb.kv.mvcc.AtomicKVStoreTest"/>
  <testcase name="testAtomicKVStore" time="56.543" classname="org.jsimpledb.kv.mvcc.AtomicKVStoreTest"/>
  <testcase name="testAtomicKVStore" time="8.628" classname="org.jsimpledb.kv.mvcc.AtomicKVStoreTest"/>
</testsuite> <!-- org.jsimpledb.kv.mvcc.AtomicKVStoreTest -->
