<?xml version="1.0" encoding="UTF-8"?>
<!-- Generated by org.testng.reporters.JUnitReportReporter -->
<testsuite hostname="retina.dellroad.org" name="org.jsimpledb.VersionIntersectTest" tests="1" failures="0" timestamp="9 Jun 2015 21:02:36 GMT" time="0.011" errors="0">
  <testcase name="testVersionIntersect" time="0.011" classname="org.jsimpledb.VersionIntersectTest"/>
</testsuite> <!-- org.jsimpledb.VersionIntersectTest -->
