<?xml version="1.0" encoding="UTF-8"?>
<!-- Generated by org.testng.reporters.JUnitReportReporter -->
<testsuite hostname="retina.dellroad.org" name="org.jsimpledb.GenericsFunTest" tests="5" failures="0" timestamp="3 Oct 2015 16:43:51 GMT" time="0.078" errors="0">
  <testcase name="testGenerics2" time="0.024" classname="org.jsimpledb.GenericsFunTest"/>
  <testcase name="testGenerics1" time="0.011" classname="org.jsimpledb.GenericsFunTest"/>
  <testcase name="testGenerics4" time="0.014" classname="org.jsimpledb.GenericsFunTest"/>
  <testcase name="testGenerics3" time="0.015" classname="org.jsimpledb.GenericsFunTest"/>
  <testcase name="testGenerics5" time="0.014" classname="org.jsimpledb.GenericsFunTest"/>
</testsuite> <!-- org.jsimpledb.GenericsFunTest -->
