<?xml version="1.0" encoding="UTF-8"?>
<!-- Generated by org.testng.reporters.JUnitReportReporter -->
<testsuite hostname="retina.dellroad.org" name="org.jsimpledb.core.SnapshotTest" tests="3" failures="0" timestamp="3 Oct 2015 16:43:51 GMT" time="0.018" errors="0">
  <testcase name="testSnapshotSame" time="0.003" classname="org.jsimpledb.core.SnapshotTest"/>
  <testcase name="testSnapshotConflict" time="0.005" classname="org.jsimpledb.core.SnapshotTest"/>
  <testcase name="testSnapshot" time="0.010" classname="org.jsimpledb.core.SnapshotTest"/>
</testsuite> <!-- org.jsimpledb.core.SnapshotTest -->
