<?xml version="1.0" encoding="UTF-8"?>
<!-- Generated by org.testng.reporters.JUnitReportReporter -->
<testsuite hostname="retina.dellroad.org" name="org.jsimpledb.OnChangeTest" tests="3" failures="0" timestamp="17 Feb 2016 20:28:47 GMT" time="0.136" errors="0">
  <testcase name="testNoParamChange" time="0.013" classname="org.jsimpledb.OnChangeTest"/>
  <testcase name="testColorChange" time="0.014" classname="org.jsimpledb.OnChangeTest"/>
  <testcase name="testSimpleFieldChange" time="0.109" classname="org.jsimpledb.OnChangeTest"/>
</testsuite> <!-- org.jsimpledb.OnChangeTest -->
