<?xml version="1.0" encoding="UTF-8"?>
<!-- Generated by org.testng.reporters.JUnitReportReporter -->
<testsuite hostname="retina.dellroad.org" name="org.jsimpledb.util.XMLObjectSerializerTest" tests="1" failures="0" timestamp="19 Nov 2015 23:06:58 GMT" time="0.053" errors="0">
  <testcase name="testXMLObjectSerializer" time="0.053" classname="org.jsimpledb.util.XMLObjectSerializerTest"/>
</testsuite> <!-- org.jsimpledb.util.XMLObjectSerializerTest -->
