<?xml version="1.0" encoding="UTF-8"?>
<!-- Generated by org.testng.reporters.JUnitReportReporter -->
<testsuite hostname="retina.dellroad.org" name="org.jsimpledb.ReferencePathTest" tests="19" failures="0" timestamp="29 Oct 2015 22:21:56 GMT" time="0.276" errors="0">
  <testcase name="testReferencePath" time="0.015" classname="org.jsimpledb.ReferencePathTest"/>
  <testcase name="testReferencePath" time="0.013" classname="org.jsimpledb.ReferencePathTest"/>
  <testcase name="testReferencePath" time="0.018" classname="org.jsimpledb.ReferencePathTest"/>
  <testcase name="testReferencePath" time="0.014" classname="org.jsimpledb.ReferencePathTest"/>
  <testcase name="testReferencePath" time="0.015" classname="org.jsimpledb.ReferencePathTest"/>
  <testcase name="testReferencePath" time="0.014" classname="org.jsimpledb.ReferencePathTest"/>
  <testcase name="testReferencePath" time="0.016" classname="org.jsimpledb.ReferencePathTest"/>
  <testcase name="testReferencePath" time="0.018" classname="org.jsimpledb.ReferencePathTest"/>
  <testcase name="testReferencePath" time="0.015" classname="org.jsimpledb.ReferencePathTest"/>
  <testcase name="testReferencePath" time="0.015" classname="org.jsimpledb.ReferencePathTest"/>
  <testcase name="testReferencePath" time="0.014" classname="org.jsimpledb.ReferencePathTest"/>
  <testcase name="testReferencePath" time="0.014" classname="org.jsimpledb.ReferencePathTest"/>
  <testcase name="testReferencePath" time="0.013" classname="org.jsimpledb.ReferencePathTest"/>
  <testcase name="testReferencePath" time="0.013" classname="org.jsimpledb.ReferencePathTest"/>
  <testcase name="testReferencePath" time="0.013" classname="org.jsimpledb.ReferencePathTest"/>
  <testcase name="testReferencePath" time="0.014" classname="org.jsimpledb.ReferencePathTest"/>
  <testcase name="testReferencePath" time="0.015" classname="org.jsimpledb.ReferencePathTest"/>
  <testcase name="testReferencePath" time="0.014" classname="org.jsimpledb.ReferencePathTest"/>
  <testcase name="testReferencePath" time="0.013" classname="org.jsimpledb.ReferencePathTest"/>
</testsuite> <!-- org.jsimpledb.ReferencePathTest -->
