<?xml version="1.0" encoding="UTF-8"?>
<!-- Generated by org.testng.reporters.JUnitReportReporter -->
<testsuite hostname="retina.dellroad.org" name="org.jsimpledb.kv.array.ArrayKVStoreTest" tests="1" failures="0" timestamp="19 Nov 2015 23:06:58 GMT" time="1.197" errors="0">
  <testcase name="testArrayKVStore" time="1.197" classname="org.jsimpledb.kv.array.ArrayKVStoreTest"/>
</testsuite> <!-- org.jsimpledb.kv.array.ArrayKVStoreTest -->
