<?xml version="1.0" encoding="UTF-8"?>
<!-- Generated by org.testng.reporters.JUnitReportReporter -->
<testsuite hostname="retina.dellroad.org" name="org.jsimpledb.parse.func.FunctionTest" tests="1" failures="0" timestamp="31 May 2015 02:01:29 GMT" time="0.035" errors="0">
  <testcase name="testQueryIndex" time="0.035" classname="org.jsimpledb.parse.func.FunctionTest"/>
</testsuite> <!-- org.jsimpledb.parse.func.FunctionTest -->
