<?xml version="1.0" encoding="UTF-8"?>
<!-- Generated by org.testng.reporters.JUnitReportReporter -->
<testsuite hostname="retina.dellroad.org" name="org.jsimpledb.StorageIdTest" tests="1" failures="0" timestamp="31 May 2015 02:01:28 GMT" time="0.009" errors="0">
  <testcase name="testStorageIds" time="0.009" classname="org.jsimpledb.StorageIdTest"/>
</testsuite> <!-- org.jsimpledb.StorageIdTest -->
